#
# There is insufficient memory for the Java Runtime Environment to continue.
# Native memory allocation (mmap) failed to map 301989888 bytes for Failed to commit area from 0x0000000090100000 to 0x00000000a2100000 of length 301989888.
# Possible reasons:
#   The system is out of physical RAM or swap space
#   The process is running with CompressedOops enabled, and the Java Heap may be blocking the growth of the native heap
# Possible solutions:
#   Reduce memory load on the system
#   Increase physical memory or swap space
#   Check if swap backing store is full
#   Decrease Java heap size (-Xmx/-Xms)
#   Decrease number of Java threads
#   Decrease Java thread stack sizes (-Xss)
#   Set larger code cache with -XX:ReservedCodeCacheSize=
#   JVM is running with Unscaled Compressed Oops mode in which the Java heap is
#     placed in the first 4GB address space. The Java Heap base address is the
#     maximum limit for the native heap growth. Please use -XX:HeapBaseMinAddress
#     to set the Java Heap base and to place the Java Heap above 4GB virtual address.
# This output file may be truncated or incomplete.
#
#  Out of Memory Error (./src/hotspot/os/windows/os_windows.cpp:3301), pid=12284, tid=20812
#
# JRE version: OpenJDK Runtime Environment (11.0.10) (build 11.0.10+0-b96-7249189)
# Java VM: OpenJDK 64-Bit Server VM (11.0.10+0-b96-7249189, mixed mode, tiered, compressed oops, g1 gc, windows-amd64)
# No core dump will be written. Minidumps are not enabled by default on client versions of Windows
#

---------------  S U M M A R Y ------------

Command Line: --add-opens=java.base/java.util=ALL-UNNAMED --add-opens=java.base/java.lang=ALL-UNNAMED --add-opens=java.base/java.lang.invoke=ALL-UNNAMED --add-opens=java.base/java.util=ALL-UNNAMED --add-opens=java.prefs/java.util.prefs=ALL-UNNAMED --add-opens=java.prefs/java.util.prefs=ALL-UNNAMED --add-opens=java.base/java.nio.charset=ALL-UNNAMED --add-opens=java.base/java.net=ALL-UNNAMED --add-opens=java.base/java.util.concurrent.atomic=ALL-UNNAMED -Xmx2048m -Dfile.encoding=UTF-8 -Duser.country=ID -Duser.language=en -Duser.variant org.gradle.launcher.daemon.bootstrap.GradleDaemon 7.0.2

Host: AMD Ryzen 5 4500U with Radeon Graphics         , 6 cores, 5G,  Windows 10 , 64 bit Build 19041 (10.0.19041.1348)
Time: Fri Nov 26 10:50:56 2021 SE Asia Standard Time elapsed time: 37.250388 seconds (0d 0h 0m 37s)

---------------  T H R E A D  ---------------

Current thread (0x000002d1d4085000):  VMThread "VM Thread" [stack: 0x000000e86bb00000,0x000000e86bc00000] [id=20812]

Stack: [0x000000e86bb00000,0x000000e86bc00000]
[error occurred during error reporting (printing stack bounds), id 0xc0000005, EXCEPTION_ACCESS_VIOLATION (0xc0000005) at pc=0x000002d1bd3b0f2d]

Native frames: (J=compiled Java code, j=interpreted, Vv=VM code, C=native code)
V  [jvm.dll+0x5ecfaa]
V  [jvm.dll+0x722bd5]
V  [jvm.dll+0x72412d]
V  [jvm.dll+0x724745]
V  [jvm.dll+0x7246fb]
V  [jvm.dll+0x5ec348]
V  [jvm.dll+0x5ecad8]
C  [ntdll.dll+0xa20cf]
C  [ntdll.dll+0x51454]
C  [ntdll.dll+0xa0bfe]
C  0x000002d1bd3b0f2d

VM_Operation (0x000000e86ebf9390): G1CollectForAllocation, mode: safepoint, requested by thread 0x000002d1d71d9800


---------------  P R O C E S S  ---------------

Threads class SMR info:
_java_thread_list=0x000002d1e12ac130, length=57, elements={
0x000002d1b989a800, 0x000002d1d4089800, 0x000002d1d408d800, 0x000002d1d40a7800,
0x000002d1d40a9800, 0x000002d1d40aa800, 0x000002d1d40ae800, 0x000002d1d40b9000,
0x000002d1d40c2000, 0x000002d1d4b70000, 0x000002d1d6ed2800, 0x000002d1d5788800,
0x000002d1d5f1b800, 0x000002d1d5786800, 0x000002d1d5040800, 0x000002d1d5ccd800,
0x000002d1d5ccf000, 0x000002d1d5cd0000, 0x000002d1d4f5d000, 0x000002d1d40b8800,
0x000002d1d40b6000, 0x000002d1d40b6800, 0x000002d1d40bb800, 0x000002d1d40bc800,
0x000002d1d40b7800, 0x000002d1d40ba000, 0x000002d1d40ba800, 0x000002d1d71d5000,
0x000002d1d71d3800, 0x000002d1d71d2000, 0x000002d1d71d6000, 0x000002d1d71d0800,
0x000002d1d71d7000, 0x000002d1d71da000, 0x000002d1d71dd800, 0x000002d1d71db000,
0x000002d1d71dc000, 0x000002d1d71dc800, 0x000002d1d71d7800, 0x000002d1d71de000,
0x000002d1d71df000, 0x000002d1d71d9800, 0x000002d1d97de000, 0x000002d1d97db800,
0x000002d1d97dd800, 0x000002d1d97db000, 0x000002d1d97df000, 0x000002d1d97dc800,
0x000002d1d97df800, 0x000002d1d97da000, 0x000002d1d97e2000, 0x000002d1d97e0800,
0x000002d1d97e6000, 0x000002d1d97e5800, 0x000002d1d97e3000, 0x000002d1d97e7000,
0x000002d1d97e1800
}

Java Threads: ( => current thread )
  0x000002d1b989a800 JavaThread "main" [_thread_blocked, id=9812, stack(0x000000e86b500000,0x000000e86b600000)]
  0x000002d1d4089800 JavaThread "Reference Handler" daemon [_thread_blocked, id=26684, stack(0x000000e86bc00000,0x000000e86bd00000)]
  0x000002d1d408d800 JavaThread "Finalizer" daemon [_thread_blocked, id=30088, stack(0x000000e86bd00000,0x000000e86be00000)]
  0x000002d1d40a7800 JavaThread "Signal Dispatcher" daemon [_thread_blocked, id=21100, stack(0x000000e86be00000,0x000000e86bf00000)]
  0x000002d1d40a9800 JavaThread "Attach Listener" daemon [_thread_blocked, id=29712, stack(0x000000e86bf00000,0x000000e86c000000)]
  0x000002d1d40aa800 JavaThread "Service Thread" daemon [_thread_blocked, id=33400, stack(0x000000e86c000000,0x000000e86c100000)]
  0x000002d1d40ae800 JavaThread "C2 CompilerThread0" daemon [_thread_in_native, id=23868, stack(0x000000e86c100000,0x000000e86c200000)]
  0x000002d1d40b9000 JavaThread "C1 CompilerThread0" daemon [_thread_blocked, id=5684, stack(0x000000e86c200000,0x000000e86c300000)]
  0x000002d1d40c2000 JavaThread "Sweeper thread" daemon [_thread_blocked, id=25196, stack(0x000000e86c300000,0x000000e86c400000)]
  0x000002d1d4b70000 JavaThread "Common-Cleaner" daemon [_thread_blocked, id=28880, stack(0x000000e86c400000,0x000000e86c500000)]
  0x000002d1d6ed2800 JavaThread "Daemon health stats" [_thread_blocked, id=26348, stack(0x000000e86c700000,0x000000e86c800000)]
  0x000002d1d5788800 JavaThread "Incoming local TCP Connector on port 64512" [_thread_in_native, id=32944, stack(0x000000e86ca00000,0x000000e86cb00000)]
  0x000002d1d5f1b800 JavaThread "Daemon periodic checks" [_thread_blocked, id=29372, stack(0x000000e86cb00000,0x000000e86cc00000)]
  0x000002d1d5786800 JavaThread "Daemon" [_thread_blocked, id=1628, stack(0x000000e86cc00000,0x000000e86cd00000)]
  0x000002d1d5040800 JavaThread "Handler for socket connection from /127.0.0.1:64512 to /127.0.0.1:64513" [_thread_in_native, id=31956, stack(0x000000e86cd00000,0x000000e86ce00000)]
  0x000002d1d5ccd800 JavaThread "Cancel handler" [_thread_blocked, id=6600, stack(0x000000e86ce00000,0x000000e86cf00000)]
  0x000002d1d5ccf000 JavaThread "Daemon worker" [_thread_blocked, id=20988, stack(0x000000e86cf00000,0x000000e86d000000)]
  0x000002d1d5cd0000 JavaThread "Asynchronous log dispatcher for DefaultDaemonConnection: socket connection from /127.0.0.1:64512 to /127.0.0.1:64513" [_thread_blocked, id=28544, stack(0x000000e86d000000,0x000000e86d100000)]
  0x000002d1d4f5d000 JavaThread "Stdin handler" [_thread_blocked, id=28500, stack(0x000000e86d100000,0x000000e86d200000)]
  0x000002d1d40b8800 JavaThread "Daemon client event forwarder" [_thread_blocked, id=30100, stack(0x000000e86d200000,0x000000e86d300000)]
  0x000002d1d40b6000 JavaThread "Cache worker for file hash cache (C:\Users\rafif\.gradle\caches\7.0.2\fileHashes)" [_thread_blocked, id=30596, stack(0x000000e86d300000,0x000000e86d400000)]
  0x000002d1d40b6800 JavaThread "File lock request listener" [_thread_in_native, id=20260, stack(0x000000e86d400000,0x000000e86d500000)]
  0x000002d1d40bb800 JavaThread "Cache worker for journal cache (C:\Users\rafif\.gradle\caches\journal-1)" [_thread_blocked, id=29440, stack(0x000000e86d800000,0x000000e86d900000)]
  0x000002d1d40bc800 JavaThread "Cache worker for file hash cache (C:\Users\rafif\AndroidStudioProjects\RecipeApp\.gradle\7.0.2\fileHashes)" [_thread_blocked, id=33484, stack(0x000000e86d900000,0x000000e86da00000)]
  0x000002d1d40b7800 JavaThread "File watcher server" daemon [_thread_blocked, id=29628, stack(0x000000e86da00000,0x000000e86db00000)]
  0x000002d1d40ba000 JavaThread "File watcher consumer" daemon [_thread_blocked, id=14828, stack(0x000000e86db00000,0x000000e86dc00000)]
  0x000002d1d40ba800 JavaThread "Cache worker for checksums cache (C:\Users\rafif\AndroidStudioProjects\RecipeApp\.gradle\checksums)" [_thread_blocked, id=18420, stack(0x000000e86dc00000,0x000000e86dd00000)]
  0x000002d1d71d5000 JavaThread "Cache worker for cache directory md-supplier (C:\Users\rafif\.gradle\caches\7.0.2\md-supplier)" [_thread_blocked, id=840, stack(0x000000e86dd00000,0x000000e86de00000)]
  0x000002d1d71d3800 JavaThread "Cache worker for cache directory md-rule (C:\Users\rafif\.gradle\caches\7.0.2\md-rule)" [_thread_blocked, id=20992, stack(0x000000e86de00000,0x000000e86df00000)]
  0x000002d1d71d2000 JavaThread "Cache worker for execution history cache (C:\Users\rafif\.gradle\caches\7.0.2\executionHistory)" [_thread_blocked, id=33100, stack(0x000000e86df00000,0x000000e86e000000)]
  0x000002d1d71d6000 JavaThread "jar transforms" [_thread_blocked, id=3344, stack(0x000000e86e000000,0x000000e86e100000)]
  0x000002d1d71d0800 JavaThread "jar transforms Thread 2" [_thread_blocked, id=28312, stack(0x000000e86e100000,0x000000e86e200000)]
  0x000002d1d71d7000 JavaThread "Cache worker for file content cache (C:\Users\rafif\.gradle\caches\7.0.2\fileContent)" [_thread_blocked, id=33164, stack(0x000000e86e200000,0x000000e86e300000)]
  0x000002d1d71da000 JavaThread "Cache worker for dependencies-accessors (C:\Users\rafif\AndroidStudioProjects\RecipeApp\.gradle\7.0.2\dependencies-accessors)" [_thread_blocked, id=31328, stack(0x000000e86e300000,0x000000e86e400000)]
  0x000002d1d71dd800 JavaThread "jar transforms Thread 3" [_thread_blocked, id=8928, stack(0x000000e86e400000,0x000000e86e500000)]
  0x000002d1d71db000 JavaThread "Cache worker for Build Output Cleanup Cache (C:\Users\rafif\AndroidStudioProjects\RecipeApp\.gradle\buildOutputCleanup)" [_thread_blocked, id=30900, stack(0x000000e86e500000,0x000000e86e600000)]
  0x000002d1d71dc000 JavaThread "Build operations" [_thread_blocked, id=26268, stack(0x000000e86e600000,0x000000e86e700000)]
  0x000002d1d71dc800 JavaThread "Build operations Thread 2" [_thread_blocked, id=14548, stack(0x000000e86e700000,0x000000e86e800000)]
  0x000002d1d71d7800 JavaThread "Build operations Thread 3" [_thread_blocked, id=14472, stack(0x000000e86e800000,0x000000e86e900000)]
  0x000002d1d71de000 JavaThread "Build operations Thread 4" [_thread_blocked, id=30616, stack(0x000000e86e900000,0x000000e86ea00000)]
  0x000002d1d71df000 JavaThread "Build operations Thread 5" [_thread_blocked, id=26164, stack(0x000000e86ea00000,0x000000e86eb00000)]
  0x000002d1d71d9800 JavaThread "Build operations Thread 6" [_thread_blocked, id=25772, stack(0x000000e86eb00000,0x000000e86ec00000)]
  0x000002d1d97de000 JavaThread "jar transforms Thread 4" [_thread_blocked, id=21908, stack(0x000000e86ec00000,0x000000e86ed00000)]
  0x000002d1d97db800 JavaThread "jar transforms Thread 5" [_thread_blocked, id=23260, stack(0x000000e86ed00000,0x000000e86ee00000)]
  0x000002d1d97dd800 JavaThread "jar transforms Thread 6" [_thread_blocked, id=21192, stack(0x000000e86ee00000,0x000000e86ef00000)]
  0x000002d1d97db000 JavaThread "Memory manager" [_thread_blocked, id=25592, stack(0x000000e86ef00000,0x000000e86f000000)]
  0x000002d1d97df000 JavaThread "build event listener" [_thread_blocked, id=15204, stack(0x000000e86f000000,0x000000e86f100000)]
  0x000002d1d97dc800 JavaThread "Execution worker for ':'" [_thread_blocked, id=20564, stack(0x000000e86f100000,0x000000e86f200000)]
  0x000002d1d97df800 JavaThread "Execution worker for ':' Thread 2" [_thread_blocked, id=28636, stack(0x000000e86f200000,0x000000e86f300000)]
  0x000002d1d97da000 JavaThread "Execution worker for ':' Thread 3" [_thread_blocked, id=23992, stack(0x000000e86f300000,0x000000e86f400000)]
  0x000002d1d97e2000 JavaThread "Execution worker for ':' Thread 4" [_thread_blocked, id=16316, stack(0x000000e86f400000,0x000000e86f500000)]
  0x000002d1d97e0800 JavaThread "Execution worker for ':' Thread 5" [_thread_blocked, id=33336, stack(0x000000e86f500000,0x000000e86f600000)]
  0x000002d1d97e6000 JavaThread "Cache worker for execution history cache (C:\Users\rafif\AndroidStudioProjects\RecipeApp\.gradle\7.0.2\executionHistory)" [_thread_blocked, id=33180, stack(0x000000e86f600000,0x000000e86f700000)]
  0x000002d1d97e5800 JavaThread "WorkerExecutor Queue Thread 2" [_thread_blocked, id=33388, stack(0x000000e86f800000,0x000000e86f900000)]
  0x000002d1d97e3000 JavaThread "WorkerExecutor Queue Thread 4" [_thread_blocked, id=33328, stack(0x000000e86fa00000,0x000000e86fb00000)]
  0x000002d1d97e7000 JavaThread "WorkerExecutor Queue Thread 5" [_thread_blocked, id=32800, stack(0x000000e86fb00000,0x000000e86fc00000)]
  0x000002d1d97e1800 JavaThread "WorkerExecutor Queue Thread 6" [_thread_blocked, id=28220, stack(0x000000e86fc00000,0x000000e86fd00000)]

Other Threads:
=>0x000002d1d4085000 VMThread "VM Thread" [stack: 0x000000e86bb00000,0x000000e86bc00000] [id=20812]
  0x000002d1d4bce000 WatcherThread [stack: 0x000000e86c500000,0x000000e86c600000] [id=9728]
  0x000002d1b98b3000 GCTaskThread "GC Thread#0" [stack: 0x000000e86b600000,0x000000e86b700000] [id=9276]
  0x000002d1d5858800 GCTaskThread "GC Thread#1" [stack: 0x000000e86c600000,0x000000e86c700000] [id=29972]
  0x000002d1d601e000 GCTaskThread "GC Thread#2" [stack: 0x000000e86c800000,0x000000e86c900000] [id=20660]
  0x000002d1d64c6800 GCTaskThread "GC Thread#3" [stack: 0x000000e86c900000,0x000000e86ca00000] [id=9300]
  0x000002d1d5a52000 GCTaskThread "GC Thread#4" [stack: 0x000000e86d500000,0x000000e86d600000] [id=21252]
  0x000002d1d6509800 GCTaskThread "GC Thread#5" [stack: 0x000000e86d600000,0x000000e86d700000] [id=23956]
  0x000002d1b98e5000 ConcurrentGCThread "G1 Main Marker" [stack: 0x000000e86b700000,0x000000e86b800000] [id=33608]
  0x000002d1b98e7000 ConcurrentGCThread "G1 Conc#0" [stack: 0x000000e86b800000,0x000000e86b900000] [id=11068]
  0x000002d1d4cd5800 ConcurrentGCThread "G1 Conc#1" [stack: 0x000000e86d700000,0x000000e86d800000] [id=33680]
  0x000002d1b9963800 ConcurrentGCThread "G1 Refine#0" [stack: 0x000000e86b900000,0x000000e86ba00000] [id=8908]
  0x000002d1b9964800 ConcurrentGCThread "G1 Young RemSet Sampling" [stack: 0x000000e86ba00000,0x000000e86bb00000] [id=13828]

Threads with active compile tasks:
C2 CompilerThread0  37292 16600 %     4       com.android.tools.r8.ir.regalloc.a::a @ 614 (3985 bytes)

VM state:at safepoint (normal execution)

VM Mutex/Monitor currently owned by a thread:  ([mutex/lock_event])
[0x000002d1b9897530] Threads_lock - owner thread: 0x000002d1d4085000
[0x000002d1b9896a80] Heap_lock - owner thread: 0x000002d1d71d9800

Heap address: 0x0000000080000000, size: 2048 MB, Compressed Oops mode: 32-bit
Narrow klass base: 0x0000000000000000, Narrow klass shift: 3
Compressed class space size: 1073741824 Address: 0x0000000100000000

Heap:
 garbage-first heap   total 558080K, used 125361K [0x0000000080000000, 0x0000000100000000)
  region size 1024K, 2 young (2048K), 2 survivors (2048K)
 Metaspace       used 112779K, capacity 115469K, committed 116428K, reserved 1150976K
  class space    used 14206K, capacity 15245K, committed 15616K, reserved 1048576K
Heap Regions: E=young(eden), S=young(survivor), O=old, HS=humongous(starts), HC=humongous(continues), CS=collection set, F=free, A=archive, TAMS=top-at-mark-start (previous, next)
|   0|0x0000000080000000, 0x0000000080100000, 0x0000000080100000|100%| O|  |TAMS 0x0000000080100000, 0x0000000080000000| Untracked 
|   1|0x0000000080100000, 0x0000000080200000, 0x0000000080200000|100%| O|  |TAMS 0x0000000080200000, 0x0000000080100000| Untracked 
|   2|0x0000000080200000, 0x0000000080300000, 0x0000000080300000|100%| O|  |TAMS 0x0000000080300000, 0x0000000080200000| Complete 
|   3|0x0000000080300000, 0x0000000080400000, 0x0000000080400000|100%|HS|  |TAMS 0x0000000080400000, 0x0000000080300000| Complete 
|   4|0x0000000080400000, 0x0000000080500000, 0x0000000080500000|100%|HC|  |TAMS 0x0000000080500000, 0x0000000080400000| Complete 
|   5|0x0000000080500000, 0x0000000080600000, 0x0000000080600000|100%|HC|  |TAMS 0x0000000080600000, 0x0000000080500000| Complete 
|   6|0x0000000080600000, 0x0000000080700000, 0x0000000080700000|100%| O|  |TAMS 0x0000000080700000, 0x0000000080600000| Complete 
|   7|0x0000000080700000, 0x0000000080800000, 0x0000000080800000|100%| O|  |TAMS 0x0000000080800000, 0x0000000080700000| Untracked 
|   8|0x0000000080800000, 0x0000000080900000, 0x0000000080900000|100%| O|  |TAMS 0x0000000080900000, 0x0000000080800000| Untracked 
|   9|0x0000000080900000, 0x0000000080a00000, 0x0000000080a00000|100%| O|  |TAMS 0x0000000080a00000, 0x0000000080900000| Complete 
|  10|0x0000000080a00000, 0x0000000080b00000, 0x0000000080b00000|100%| O|  |TAMS 0x0000000080b00000, 0x0000000080a00000| Untracked 
|  11|0x0000000080b00000, 0x0000000080c00000, 0x0000000080c00000|100%| O|  |TAMS 0x0000000080c00000, 0x0000000080b00000| Untracked 
|  12|0x0000000080c00000, 0x0000000080d00000, 0x0000000080d00000|100%| O|  |TAMS 0x0000000080d00000, 0x0000000080c00000| Untracked 
|  13|0x0000000080d00000, 0x0000000080e00000, 0x0000000080e00000|100%| O|  |TAMS 0x0000000080e00000, 0x0000000080d00000| Untracked 
|  14|0x0000000080e00000, 0x0000000080f00000, 0x0000000080f00000|100%| O|  |TAMS 0x0000000080f00000, 0x0000000080e00000| Untracked 
|  15|0x0000000080f00000, 0x0000000081000000, 0x0000000081000000|100%| O|  |TAMS 0x0000000081000000, 0x0000000080f00000| Untracked 
|  16|0x0000000081000000, 0x0000000081100000, 0x0000000081100000|100%| O|  |TAMS 0x0000000081100000, 0x0000000081000000| Untracked 
|  17|0x0000000081100000, 0x0000000081200000, 0x0000000081200000|100%| O|  |TAMS 0x0000000081200000, 0x0000000081100000| Untracked 
|  18|0x0000000081200000, 0x0000000081300000, 0x0000000081300000|100%| O|  |TAMS 0x0000000081300000, 0x0000000081200000| Untracked 
|  19|0x0000000081300000, 0x0000000081400000, 0x0000000081400000|100%| O|  |TAMS 0x0000000081400000, 0x0000000081300000| Untracked 
|  20|0x0000000081400000, 0x0000000081500000, 0x0000000081500000|100%| O|  |TAMS 0x0000000081500000, 0x0000000081400000| Untracked 
|  21|0x0000000081500000, 0x0000000081600000, 0x0000000081600000|100%| O|  |TAMS 0x0000000081600000, 0x0000000081500000| Untracked 
|  22|0x0000000081600000, 0x0000000081700000, 0x0000000081700000|100%| O|  |TAMS 0x0000000081700000, 0x0000000081600000| Untracked 
|  23|0x0000000081700000, 0x0000000081800000, 0x0000000081800000|100%| O|  |TAMS 0x0000000081800000, 0x0000000081700000| Untracked 
|  24|0x0000000081800000, 0x0000000081900000, 0x0000000081900000|100%| O|  |TAMS 0x0000000081900000, 0x0000000081800000| Complete 
|  25|0x0000000081900000, 0x0000000081a00000, 0x0000000081a00000|100%| O|  |TAMS 0x0000000081a00000, 0x0000000081900000| Untracked 
|  26|0x0000000081a00000, 0x0000000081b00000, 0x0000000081b00000|100%| O|  |TAMS 0x0000000081b00000, 0x0000000081a00000| Untracked 
|  27|0x0000000081b00000, 0x0000000081c00000, 0x0000000081c00000|100%|HS|  |TAMS 0x0000000081c00000, 0x0000000081b00000| Complete 
|  28|0x0000000081c00000, 0x0000000081d00000, 0x0000000081d00000|100%|HS|  |TAMS 0x0000000081d00000, 0x0000000081c00000| Complete 
|  29|0x0000000081d00000, 0x0000000081e00000, 0x0000000081e00000|100%|HS|  |TAMS 0x0000000081e00000, 0x0000000081d00000| Complete 
|  30|0x0000000081e00000, 0x0000000081f00000, 0x0000000081f00000|100%|HS|  |TAMS 0x0000000081f00000, 0x0000000081e00000| Complete 
|  31|0x0000000081f00000, 0x0000000082000000, 0x0000000082000000|100%|HC|  |TAMS 0x0000000082000000, 0x0000000081f00000| Complete 
|  32|0x0000000082000000, 0x0000000082100000, 0x0000000082100000|100%|HC|  |TAMS 0x0000000082100000, 0x0000000082000000| Complete 
|  33|0x0000000082100000, 0x0000000082200000, 0x0000000082200000|100%|HS|  |TAMS 0x0000000082200000, 0x0000000082100000| Complete 
|  34|0x0000000082200000, 0x0000000082300000, 0x0000000082300000|100%|HC|  |TAMS 0x0000000082300000, 0x0000000082200000| Complete 
|  35|0x0000000082300000, 0x0000000082400000, 0x0000000082400000|100%| O|  |TAMS 0x0000000082400000, 0x0000000082300000| Untracked 
|  36|0x0000000082400000, 0x0000000082500000, 0x0000000082500000|100%| O|  |TAMS 0x0000000082500000, 0x0000000082400000| Untracked 
|  37|0x0000000082500000, 0x0000000082600000, 0x0000000082600000|100%| O|  |TAMS 0x0000000082600000, 0x0000000082500000| Untracked 
|  38|0x0000000082600000, 0x0000000082700000, 0x0000000082700000|100%| O|  |TAMS 0x0000000082700000, 0x0000000082600000| Untracked 
|  39|0x0000000082700000, 0x0000000082800000, 0x0000000082800000|100%| O|  |TAMS 0x0000000082800000, 0x0000000082700000| Untracked 
|  40|0x0000000082800000, 0x0000000082900000, 0x0000000082900000|100%| O|  |TAMS 0x0000000082900000, 0x0000000082800000| Untracked 
|  41|0x0000000082900000, 0x0000000082a00000, 0x0000000082a00000|100%| O|  |TAMS 0x0000000082a00000, 0x0000000082900000| Untracked 
|  42|0x0000000082a00000, 0x0000000082b00000, 0x0000000082b00000|100%| O|  |TAMS 0x0000000082b00000, 0x0000000082a00000| Untracked 
|  43|0x0000000082b00000, 0x0000000082c00000, 0x0000000082c00000|100%| O|  |TAMS 0x0000000082c00000, 0x0000000082b00000| Untracked 
|  44|0x0000000082c00000, 0x0000000082d00000, 0x0000000082d00000|100%| O|  |TAMS 0x0000000082d00000, 0x0000000082c00000| Untracked 
|  45|0x0000000082d00000, 0x0000000082e00000, 0x0000000082e00000|100%| O|  |TAMS 0x0000000082e00000, 0x0000000082d00000| Untracked 
|  46|0x0000000082e00000, 0x0000000082f00000, 0x0000000082f00000|100%| O|  |TAMS 0x0000000082f00000, 0x0000000082e00000| Untracked 
|  47|0x0000000082f00000, 0x0000000083000000, 0x0000000083000000|100%| O|  |TAMS 0x0000000083000000, 0x0000000082f00000| Untracked 
|  48|0x0000000083000000, 0x0000000083100000, 0x0000000083100000|100%| O|  |TAMS 0x0000000083100000, 0x0000000083000000| Complete 
|  49|0x0000000083100000, 0x0000000083200000, 0x0000000083200000|100%| O|  |TAMS 0x0000000083200000, 0x0000000083100000| Untracked 
|  50|0x0000000083200000, 0x0000000083300000, 0x0000000083300000|100%| O|  |TAMS 0x0000000083300000, 0x0000000083200000| Untracked 
|  51|0x0000000083300000, 0x0000000083400000, 0x0000000083400000|100%| O|  |TAMS 0x0000000083400000, 0x0000000083300000| Untracked 
|  52|0x0000000083400000, 0x0000000083500000, 0x0000000083500000|100%| O|  |TAMS 0x0000000083500000, 0x0000000083400000| Untracked 
|  53|0x0000000083500000, 0x0000000083600000, 0x0000000083600000|100%| O|  |TAMS 0x0000000083600000, 0x0000000083500000| Untracked 
|  54|0x0000000083600000, 0x0000000083700000, 0x0000000083700000|100%| O|  |TAMS 0x0000000083700000, 0x0000000083600000| Untracked 
|  55|0x0000000083700000, 0x0000000083800000, 0x0000000083800000|100%| O|  |TAMS 0x0000000083800000, 0x0000000083700000| Untracked 
|  56|0x0000000083800000, 0x0000000083900000, 0x0000000083900000|100%| O|  |TAMS 0x0000000083900000, 0x0000000083800000| Untracked 
|  57|0x0000000083900000, 0x0000000083a00000, 0x0000000083a00000|100%| O|  |TAMS 0x0000000083a00000, 0x0000000083900000| Untracked 
|  58|0x0000000083a00000, 0x0000000083b00000, 0x0000000083b00000|100%| O|  |TAMS 0x0000000083b00000, 0x0000000083a00000| Untracked 
|  59|0x0000000083b00000, 0x0000000083c00000, 0x0000000083c00000|100%| O|  |TAMS 0x0000000083c00000, 0x0000000083b00000| Complete 
|  60|0x0000000083c00000, 0x0000000083d00000, 0x0000000083d00000|100%| O|  |TAMS 0x0000000083d00000, 0x0000000083c00000| Untracked 
|  61|0x0000000083d00000, 0x0000000083e00000, 0x0000000083e00000|100%| O|  |TAMS 0x0000000083e00000, 0x0000000083d00000| Untracked 
|  62|0x0000000083e00000, 0x0000000083f00000, 0x0000000083f00000|100%| O|  |TAMS 0x0000000083f00000, 0x0000000083e00000| Untracked 
|  63|0x0000000083f00000, 0x0000000084000000, 0x0000000084000000|100%| O|  |TAMS 0x0000000084000000, 0x0000000083f00000| Untracked 
|  64|0x0000000084000000, 0x0000000084100000, 0x0000000084100000|100%| O|  |TAMS 0x0000000084100000, 0x0000000084000000| Untracked 
|  65|0x0000000084100000, 0x0000000084200000, 0x0000000084200000|100%| O|  |TAMS 0x0000000084200000, 0x0000000084100000| Untracked 
|  66|0x0000000084200000, 0x0000000084300000, 0x0000000084300000|100%| O|  |TAMS 0x0000000084300000, 0x0000000084200000| Complete 
|  67|0x0000000084300000, 0x0000000084400000, 0x0000000084400000|100%| O|  |TAMS 0x0000000084400000, 0x0000000084300000| Untracked 
|  68|0x0000000084400000, 0x0000000084500000, 0x0000000084500000|100%| O|  |TAMS 0x0000000084500000, 0x0000000084400000| Complete 
|  69|0x0000000084500000, 0x0000000084600000, 0x0000000084600000|100%| O|  |TAMS 0x0000000084600000, 0x0000000084500000| Untracked 
|  70|0x0000000084600000, 0x0000000084700000, 0x0000000084700000|100%| O|  |TAMS 0x0000000084700000, 0x0000000084600000| Complete 
|  71|0x0000000084700000, 0x0000000084800000, 0x0000000084800000|100%| O|  |TAMS 0x0000000084800000, 0x0000000084700000| Untracked 
|  72|0x0000000084800000, 0x0000000084900000, 0x0000000084900000|100%| O|  |TAMS 0x0000000084900000, 0x0000000084800000| Complete 
|  73|0x0000000084900000, 0x0000000084a00000, 0x0000000084a00000|100%| O|  |TAMS 0x0000000084a00000, 0x0000000084900000| Untracked 
|  74|0x0000000084a00000, 0x0000000084a00000, 0x0000000084b00000|  0%| F|  |TAMS 0x0000000084a00000, 0x0000000084a00000| Untracked 
|  75|0x0000000084b00000, 0x0000000084c00000, 0x0000000084c00000|100%| O|  |TAMS 0x0000000084c00000, 0x0000000084b00000| Untracked 
|  76|0x0000000084c00000, 0x0000000084d00000, 0x0000000084d00000|100%| O|  |TAMS 0x0000000084d00000, 0x0000000084c00000| Complete 
|  77|0x0000000084d00000, 0x0000000084e00000, 0x0000000084e00000|100%| O|  |TAMS 0x0000000084e00000, 0x0000000084d00000| Complete 
|  78|0x0000000084e00000, 0x0000000084f00000, 0x0000000084f00000|100%|HS|  |TAMS 0x0000000084f00000, 0x0000000084e00000| Complete 
|  79|0x0000000084f00000, 0x0000000085000000, 0x0000000085000000|100%|HC|  |TAMS 0x0000000085000000, 0x0000000084f00000| Complete 
|  80|0x0000000085000000, 0x0000000085100000, 0x0000000085100000|100%| O|  |TAMS 0x0000000085100000, 0x0000000085000000| Untracked 
|  81|0x0000000085100000, 0x0000000085200000, 0x0000000085200000|100%| O|  |TAMS 0x0000000085200000, 0x0000000085100000| Complete 
|  82|0x0000000085200000, 0x0000000085300000, 0x0000000085300000|100%| O|  |TAMS 0x0000000085300000, 0x0000000085200000| Untracked 
|  83|0x0000000085300000, 0x0000000085400000, 0x0000000085400000|100%| O|  |TAMS 0x0000000085400000, 0x0000000085300000| Untracked 
|  84|0x0000000085400000, 0x0000000085500000, 0x0000000085500000|100%| O|  |TAMS 0x0000000085500000, 0x0000000085400000| Untracked 
|  85|0x0000000085500000, 0x0000000085600000, 0x0000000085600000|100%| O|  |TAMS 0x0000000085600000, 0x0000000085500000| Untracked 
|  86|0x0000000085600000, 0x0000000085700000, 0x0000000085700000|100%| O|  |TAMS 0x0000000085700000, 0x0000000085600000| Untracked 
|  87|0x0000000085700000, 0x0000000085800000, 0x0000000085800000|100%| O|  |TAMS 0x0000000085800000, 0x0000000085700000| Untracked 
|  88|0x0000000085800000, 0x0000000085900000, 0x0000000085900000|100%| O|  |TAMS 0x0000000085900000, 0x0000000085800000| Untracked 
|  89|0x0000000085900000, 0x0000000085a00000, 0x0000000085a00000|100%| O|  |TAMS 0x0000000085a00000, 0x0000000085900000| Untracked 
|  90|0x0000000085a00000, 0x0000000085b00000, 0x0000000085b00000|100%| O|  |TAMS 0x0000000085b00000, 0x0000000085a00000| Untracked 
|  91|0x0000000085b00000, 0x0000000085c00000, 0x0000000085c00000|100%| O|  |TAMS 0x0000000085c00000, 0x0000000085b00000| Complete 
|  92|0x0000000085c00000, 0x0000000085d00000, 0x0000000085d00000|100%| O|  |TAMS 0x0000000085d00000, 0x0000000085c00000| Complete 
|  93|0x0000000085d00000, 0x0000000085e00000, 0x0000000085e00000|100%| O|  |TAMS 0x0000000085e00000, 0x0000000085d00000| Complete 
|  94|0x0000000085e00000, 0x0000000085e00000, 0x0000000085f00000|  0%| F|  |TAMS 0x0000000085e00000, 0x0000000085e00000| Untracked 
|  95|0x0000000085f00000, 0x0000000086000000, 0x0000000086000000|100%| O|  |TAMS 0x0000000086000000, 0x0000000085f00000| Complete 
|  96|0x0000000086000000, 0x0000000086100000, 0x0000000086100000|100%| O|  |TAMS 0x0000000086100000, 0x0000000086000000| Complete 
|  97|0x0000000086100000, 0x0000000086200000, 0x0000000086200000|100%| O|  |TAMS 0x0000000086200000, 0x0000000086100000| Complete 
|  98|0x0000000086200000, 0x0000000086300000, 0x0000000086300000|100%| O|  |TAMS 0x0000000086300000, 0x0000000086200000| Complete 
|  99|0x0000000086300000, 0x0000000086400000, 0x0000000086400000|100%| O|  |TAMS 0x0000000086400000, 0x0000000086300000| Complete 
| 100|0x0000000086400000, 0x0000000086500000, 0x0000000086500000|100%| O|  |TAMS 0x0000000086500000, 0x0000000086400000| Complete 
| 101|0x0000000086500000, 0x0000000086600000, 0x0000000086600000|100%| O|  |TAMS 0x0000000086600000, 0x0000000086500000| Untracked 
| 102|0x0000000086600000, 0x0000000086700000, 0x0000000086700000|100%| O|  |TAMS 0x0000000086700000, 0x0000000086600000| Untracked 
| 103|0x0000000086700000, 0x0000000086800000, 0x0000000086800000|100%| O|  |TAMS 0x0000000086800000, 0x0000000086700000| Untracked 
| 104|0x0000000086800000, 0x0000000086900000, 0x0000000086900000|100%| O|  |TAMS 0x0000000086900000, 0x0000000086800000| Untracked 
| 105|0x0000000086900000, 0x0000000086a00000, 0x0000000086a00000|100%| O|  |TAMS 0x0000000086a00000, 0x0000000086900000| Untracked 
| 106|0x0000000086a00000, 0x0000000086b00000, 0x0000000086b00000|100%| O|  |TAMS 0x0000000086b00000, 0x0000000086a00000| Untracked 
| 107|0x0000000086b00000, 0x0000000086c00000, 0x0000000086c00000|100%| O|  |TAMS 0x0000000086c00000, 0x0000000086b00000| Untracked 
| 108|0x0000000086c00000, 0x0000000086d00000, 0x0000000086d00000|100%| O|  |TAMS 0x0000000086d00000, 0x0000000086c00000| Untracked 
| 109|0x0000000086d00000, 0x0000000086e00000, 0x0000000086e00000|100%| O|  |TAMS 0x0000000086e00000, 0x0000000086d00000| Untracked 
| 110|0x0000000086e00000, 0x0000000086f00000, 0x0000000086f00000|100%| O|  |TAMS 0x0000000086f00000, 0x0000000086e00000| Untracked 
| 111|0x0000000086f00000, 0x0000000087000000, 0x0000000087000000|100%| O|  |TAMS 0x0000000087000000, 0x0000000086f00000| Untracked 
| 112|0x0000000087000000, 0x0000000087100000, 0x0000000087100000|100%| O|  |TAMS 0x0000000087100000, 0x0000000087000000| Untracked 
| 113|0x0000000087100000, 0x0000000087200000, 0x0000000087200000|100%| O|  |TAMS 0x0000000087200000, 0x0000000087100000| Untracked 
| 114|0x0000000087200000, 0x0000000087300000, 0x0000000087300000|100%| O|  |TAMS 0x0000000087300000, 0x0000000087200000| Untracked 
| 115|0x0000000087300000, 0x0000000087400000, 0x0000000087400000|100%| O|  |TAMS 0x0000000087400000, 0x0000000087300000| Complete 
| 116|0x0000000087400000, 0x0000000087500000, 0x0000000087500000|100%| O|  |TAMS 0x0000000087400000, 0x0000000087400000| Untracked 
| 117|0x0000000087500000, 0x0000000087600000, 0x0000000087600000|100%| O|  |TAMS 0x0000000087500000, 0x0000000087500000| Untracked 
| 118|0x0000000087600000, 0x0000000087700000, 0x0000000087700000|100%| O|  |TAMS 0x0000000087600000, 0x0000000087600000| Untracked 
| 119|0x0000000087700000, 0x0000000087800000, 0x0000000087800000|100%| O|  |TAMS 0x0000000087700000, 0x0000000087700000| Untracked 
| 120|0x0000000087800000, 0x0000000087900000, 0x0000000087900000|100%| O|  |TAMS 0x0000000087800000, 0x0000000087800000| Untracked 
| 121|0x0000000087900000, 0x0000000087a00000, 0x0000000087a00000|100%| O|  |TAMS 0x0000000087900000, 0x0000000087900000| Untracked 
| 122|0x0000000087a00000, 0x0000000087af7400, 0x0000000087b00000| 96%| O|  |TAMS 0x0000000087a00000, 0x0000000087a00000| Untracked 
| 123|0x0000000087b00000, 0x0000000087b00000, 0x0000000087c00000|  0%| F|  |TAMS 0x0000000087b00000, 0x0000000087b00000| Untracked 
| 124|0x0000000087c00000, 0x0000000087c00000, 0x0000000087d00000|  0%| F|  |TAMS 0x0000000087c00000, 0x0000000087c00000| Untracked 
| 125|0x0000000087d00000, 0x0000000087d00000, 0x0000000087e00000|  0%| F|  |TAMS 0x0000000087d00000, 0x0000000087d00000| Untracked 
| 126|0x0000000087e00000, 0x0000000087e00000, 0x0000000087f00000|  0%| F|  |TAMS 0x0000000087e00000, 0x0000000087e00000| Untracked 
| 127|0x0000000087f00000, 0x0000000087f00000, 0x0000000088000000|  0%| F|  |TAMS 0x0000000087f00000, 0x0000000087f00000| Untracked 
| 128|0x0000000088000000, 0x0000000088000000, 0x0000000088100000|  0%| F|  |TAMS 0x0000000088000000, 0x0000000088000000| Untracked 
| 129|0x0000000088100000, 0x0000000088100000, 0x0000000088200000|  0%| F|  |TAMS 0x0000000088100000, 0x0000000088100000| Untracked 
| 130|0x0000000088200000, 0x0000000088200000, 0x0000000088300000|  0%| F|  |TAMS 0x0000000088200000, 0x0000000088200000| Untracked 
| 131|0x0000000088300000, 0x0000000088300000, 0x0000000088400000|  0%| F|  |TAMS 0x0000000088300000, 0x0000000088300000| Untracked 
| 132|0x0000000088400000, 0x0000000088400000, 0x0000000088500000|  0%| F|  |TAMS 0x0000000088400000, 0x0000000088400000| Untracked 
| 133|0x0000000088500000, 0x0000000088500000, 0x0000000088600000|  0%| F|  |TAMS 0x0000000088500000, 0x0000000088500000| Untracked 
| 134|0x0000000088600000, 0x0000000088600000, 0x0000000088700000|  0%| F|  |TAMS 0x0000000088600000, 0x0000000088600000| Untracked 
| 135|0x0000000088700000, 0x0000000088700000, 0x0000000088800000|  0%| F|  |TAMS 0x0000000088700000, 0x0000000088700000| Untracked 
| 136|0x0000000088800000, 0x0000000088800000, 0x0000000088900000|  0%| F|  |TAMS 0x0000000088800000, 0x0000000088800000| Untracked 
| 137|0x0000000088900000, 0x0000000088900000, 0x0000000088a00000|  0%| F|  |TAMS 0x0000000088900000, 0x0000000088900000| Untracked 
| 138|0x0000000088a00000, 0x0000000088a00000, 0x0000000088b00000|  0%| F|  |TAMS 0x0000000088a00000, 0x0000000088a00000| Untracked 
| 139|0x0000000088b00000, 0x0000000088b00000, 0x0000000088c00000|  0%| F|  |TAMS 0x0000000088b00000, 0x0000000088b00000| Untracked 
| 140|0x0000000088c00000, 0x0000000088c00000, 0x0000000088d00000|  0%| F|  |TAMS 0x0000000088c00000, 0x0000000088c00000| Untracked 
| 141|0x0000000088d00000, 0x0000000088d00000, 0x0000000088e00000|  0%| F|  |TAMS 0x0000000088d00000, 0x0000000088d00000| Untracked 
| 142|0x0000000088e00000, 0x0000000088e00000, 0x0000000088f00000|  0%| F|  |TAMS 0x0000000088e00000, 0x0000000088e00000| Untracked 
| 143|0x0000000088f00000, 0x0000000088f00000, 0x0000000089000000|  0%| F|  |TAMS 0x0000000088f00000, 0x0000000088f00000| Untracked 
| 144|0x0000000089000000, 0x0000000089000000, 0x0000000089100000|  0%| F|  |TAMS 0x0000000089000000, 0x0000000089000000| Untracked 
| 145|0x0000000089100000, 0x0000000089100000, 0x0000000089200000|  0%| F|  |TAMS 0x0000000089100000, 0x0000000089100000| Untracked 
| 146|0x0000000089200000, 0x0000000089200000, 0x0000000089300000|  0%| F|  |TAMS 0x0000000089200000, 0x0000000089200000| Untracked 
| 147|0x0000000089300000, 0x0000000089300000, 0x0000000089400000|  0%| F|  |TAMS 0x0000000089300000, 0x0000000089300000| Untracked 
| 148|0x0000000089400000, 0x0000000089400000, 0x0000000089500000|  0%| F|  |TAMS 0x0000000089400000, 0x0000000089400000| Untracked 
| 149|0x0000000089500000, 0x0000000089500000, 0x0000000089600000|  0%| F|  |TAMS 0x0000000089500000, 0x0000000089500000| Untracked 
| 150|0x0000000089600000, 0x0000000089600000, 0x0000000089700000|  0%| F|  |TAMS 0x0000000089600000, 0x0000000089600000| Untracked 
| 151|0x0000000089700000, 0x0000000089700000, 0x0000000089800000|  0%| F|  |TAMS 0x0000000089700000, 0x0000000089700000| Untracked 
| 152|0x0000000089800000, 0x0000000089800000, 0x0000000089900000|  0%| F|  |TAMS 0x0000000089800000, 0x0000000089800000| Untracked 
| 153|0x0000000089900000, 0x0000000089900000, 0x0000000089a00000|  0%| F|  |TAMS 0x0000000089900000, 0x0000000089900000| Untracked 
| 154|0x0000000089a00000, 0x0000000089a00000, 0x0000000089b00000|  0%| F|  |TAMS 0x0000000089a00000, 0x0000000089a00000| Untracked 
| 155|0x0000000089b00000, 0x0000000089b00000, 0x0000000089c00000|  0%| F|  |TAMS 0x0000000089b00000, 0x0000000089b00000| Untracked 
| 156|0x0000000089c00000, 0x0000000089c00000, 0x0000000089d00000|  0%| F|  |TAMS 0x0000000089c00000, 0x0000000089c00000| Untracked 
| 157|0x0000000089d00000, 0x0000000089d00000, 0x0000000089e00000|  0%| F|  |TAMS 0x0000000089d00000, 0x0000000089d00000| Untracked 
| 158|0x0000000089e00000, 0x0000000089e00000, 0x0000000089f00000|  0%| F|  |TAMS 0x0000000089e00000, 0x0000000089e00000| Untracked 
| 159|0x0000000089f00000, 0x0000000089f00000, 0x000000008a000000|  0%| F|  |TAMS 0x0000000089f00000, 0x0000000089f00000| Untracked 
| 160|0x000000008a000000, 0x000000008a000000, 0x000000008a100000|  0%| F|  |TAMS 0x000000008a000000, 0x000000008a000000| Untracked 
| 161|0x000000008a100000, 0x000000008a100000, 0x000000008a200000|  0%| F|  |TAMS 0x000000008a100000, 0x000000008a100000| Untracked 
| 162|0x000000008a200000, 0x000000008a200000, 0x000000008a300000|  0%| F|  |TAMS 0x000000008a200000, 0x000000008a200000| Untracked 
| 163|0x000000008a300000, 0x000000008a300000, 0x000000008a400000|  0%| F|  |TAMS 0x000000008a300000, 0x000000008a300000| Untracked 
| 164|0x000000008a400000, 0x000000008a400000, 0x000000008a500000|  0%| F|  |TAMS 0x000000008a400000, 0x000000008a400000| Untracked 
| 165|0x000000008a500000, 0x000000008a500000, 0x000000008a600000|  0%| F|  |TAMS 0x000000008a500000, 0x000000008a500000| Untracked 
| 166|0x000000008a600000, 0x000000008a600000, 0x000000008a700000|  0%| F|  |TAMS 0x000000008a600000, 0x000000008a600000| Untracked 
| 167|0x000000008a700000, 0x000000008a700000, 0x000000008a800000|  0%| F|  |TAMS 0x000000008a700000, 0x000000008a700000| Untracked 
| 168|0x000000008a800000, 0x000000008a800000, 0x000000008a900000|  0%| F|  |TAMS 0x000000008a800000, 0x000000008a800000| Untracked 
| 169|0x000000008a900000, 0x000000008a900000, 0x000000008aa00000|  0%| F|  |TAMS 0x000000008a900000, 0x000000008a900000| Untracked 
| 170|0x000000008aa00000, 0x000000008aa00000, 0x000000008ab00000|  0%| F|  |TAMS 0x000000008aa00000, 0x000000008aa00000| Untracked 
| 171|0x000000008ab00000, 0x000000008ab00000, 0x000000008ac00000|  0%| F|  |TAMS 0x000000008ab00000, 0x000000008ab00000| Untracked 
| 172|0x000000008ac00000, 0x000000008ac00000, 0x000000008ad00000|  0%| F|  |TAMS 0x000000008ac00000, 0x000000008ac00000| Untracked 
| 173|0x000000008ad00000, 0x000000008ad00000, 0x000000008ae00000|  0%| F|  |TAMS 0x000000008ad00000, 0x000000008ad00000| Untracked 
| 174|0x000000008ae00000, 0x000000008ae00000, 0x000000008af00000|  0%| F|  |TAMS 0x000000008ae00000, 0x000000008ae00000| Untracked 
| 175|0x000000008af00000, 0x000000008af00000, 0x000000008b000000|  0%| F|  |TAMS 0x000000008af00000, 0x000000008af00000| Untracked 
| 176|0x000000008b000000, 0x000000008b000000, 0x000000008b100000|  0%| F|  |TAMS 0x000000008b000000, 0x000000008b000000| Untracked 
| 177|0x000000008b100000, 0x000000008b100000, 0x000000008b200000|  0%| F|  |TAMS 0x000000008b100000, 0x000000008b100000| Untracked 
| 178|0x000000008b200000, 0x000000008b200000, 0x000000008b300000|  0%| F|  |TAMS 0x000000008b200000, 0x000000008b200000| Untracked 
| 179|0x000000008b300000, 0x000000008b300000, 0x000000008b400000|  0%| F|  |TAMS 0x000000008b300000, 0x000000008b300000| Untracked 
| 180|0x000000008b400000, 0x000000008b400000, 0x000000008b500000|  0%| F|  |TAMS 0x000000008b400000, 0x000000008b400000| Untracked 
| 181|0x000000008b500000, 0x000000008b500000, 0x000000008b600000|  0%| F|  |TAMS 0x000000008b500000, 0x000000008b500000| Untracked 
| 182|0x000000008b600000, 0x000000008b600000, 0x000000008b700000|  0%| F|  |TAMS 0x000000008b600000, 0x000000008b600000| Untracked 
| 183|0x000000008b700000, 0x000000008b700000, 0x000000008b800000|  0%| F|  |TAMS 0x000000008b700000, 0x000000008b700000| Untracked 
| 184|0x000000008b800000, 0x000000008b800000, 0x000000008b900000|  0%| F|  |TAMS 0x000000008b800000, 0x000000008b800000| Untracked 
| 185|0x000000008b900000, 0x000000008b900000, 0x000000008ba00000|  0%| F|  |TAMS 0x000000008b900000, 0x000000008b900000| Untracked 
| 186|0x000000008ba00000, 0x000000008ba00000, 0x000000008bb00000|  0%| F|  |TAMS 0x000000008ba00000, 0x000000008ba00000| Untracked 
| 187|0x000000008bb00000, 0x000000008bb00000, 0x000000008bc00000|  0%| F|  |TAMS 0x000000008bb00000, 0x000000008bb00000| Untracked 
| 188|0x000000008bc00000, 0x000000008bc00000, 0x000000008bd00000|  0%| F|  |TAMS 0x000000008bc00000, 0x000000008bc00000| Untracked 
| 189|0x000000008bd00000, 0x000000008bd00000, 0x000000008be00000|  0%| F|  |TAMS 0x000000008bd00000, 0x000000008bd00000| Untracked 
| 190|0x000000008be00000, 0x000000008be00000, 0x000000008bf00000|  0%| F|  |TAMS 0x000000008be00000, 0x000000008be00000| Untracked 
| 191|0x000000008bf00000, 0x000000008bf00000, 0x000000008c000000|  0%| F|  |TAMS 0x000000008bf00000, 0x000000008bf00000| Untracked 
| 192|0x000000008c000000, 0x000000008c000000, 0x000000008c100000|  0%| F|  |TAMS 0x000000008c000000, 0x000000008c000000| Untracked 
| 193|0x000000008c100000, 0x000000008c100000, 0x000000008c200000|  0%| F|  |TAMS 0x000000008c100000, 0x000000008c100000| Untracked 
| 194|0x000000008c200000, 0x000000008c200000, 0x000000008c300000|  0%| F|  |TAMS 0x000000008c200000, 0x000000008c200000| Untracked 
| 195|0x000000008c300000, 0x000000008c300000, 0x000000008c400000|  0%| F|  |TAMS 0x000000008c300000, 0x000000008c300000| Untracked 
| 196|0x000000008c400000, 0x000000008c400000, 0x000000008c500000|  0%| F|  |TAMS 0x000000008c400000, 0x000000008c400000| Untracked 
| 197|0x000000008c500000, 0x000000008c500000, 0x000000008c600000|  0%| F|  |TAMS 0x000000008c500000, 0x000000008c500000| Untracked 
| 198|0x000000008c600000, 0x000000008c600000, 0x000000008c700000|  0%| F|  |TAMS 0x000000008c600000, 0x000000008c600000| Untracked 
| 199|0x000000008c700000, 0x000000008c700000, 0x000000008c800000|  0%| F|  |TAMS 0x000000008c700000, 0x000000008c700000| Untracked 
| 200|0x000000008c800000, 0x000000008c800000, 0x000000008c900000|  0%| F|  |TAMS 0x000000008c800000, 0x000000008c800000| Untracked 
| 201|0x000000008c900000, 0x000000008c900000, 0x000000008ca00000|  0%| F|  |TAMS 0x000000008c900000, 0x000000008c900000| Untracked 
| 202|0x000000008ca00000, 0x000000008ca00000, 0x000000008cb00000|  0%| F|  |TAMS 0x000000008ca00000, 0x000000008ca00000| Untracked 
| 203|0x000000008cb00000, 0x000000008cb00000, 0x000000008cc00000|  0%| F|  |TAMS 0x000000008cb00000, 0x000000008cb00000| Untracked 
| 204|0x000000008cc00000, 0x000000008cc00000, 0x000000008cd00000|  0%| F|  |TAMS 0x000000008cc00000, 0x000000008cc00000| Untracked 
| 205|0x000000008cd00000, 0x000000008cd00000, 0x000000008ce00000|  0%| F|  |TAMS 0x000000008cd00000, 0x000000008cd00000| Untracked 
| 206|0x000000008ce00000, 0x000000008ce00000, 0x000000008cf00000|  0%| F|  |TAMS 0x000000008ce00000, 0x000000008ce00000| Untracked 
| 207|0x000000008cf00000, 0x000000008cf00000, 0x000000008d000000|  0%| F|  |TAMS 0x000000008cf00000, 0x000000008cf00000| Untracked 
| 208|0x000000008d000000, 0x000000008d000000, 0x000000008d100000|  0%| F|  |TAMS 0x000000008d000000, 0x000000008d000000| Untracked 
| 209|0x000000008d100000, 0x000000008d100000, 0x000000008d200000|  0%| F|  |TAMS 0x000000008d100000, 0x000000008d100000| Untracked 
| 210|0x000000008d200000, 0x000000008d200000, 0x000000008d300000|  0%| F|  |TAMS 0x000000008d200000, 0x000000008d200000| Untracked 
| 211|0x000000008d300000, 0x000000008d300000, 0x000000008d400000|  0%| F|  |TAMS 0x000000008d300000, 0x000000008d300000| Untracked 
| 212|0x000000008d400000, 0x000000008d400000, 0x000000008d500000|  0%| F|  |TAMS 0x000000008d400000, 0x000000008d400000| Untracked 
| 213|0x000000008d500000, 0x000000008d500000, 0x000000008d600000|  0%| F|  |TAMS 0x000000008d500000, 0x000000008d500000| Untracked 
| 214|0x000000008d600000, 0x000000008d600000, 0x000000008d700000|  0%| F|  |TAMS 0x000000008d600000, 0x000000008d600000| Untracked 
| 215|0x000000008d700000, 0x000000008d700000, 0x000000008d800000|  0%| F|  |TAMS 0x000000008d700000, 0x000000008d700000| Untracked 
| 216|0x000000008d800000, 0x000000008d800000, 0x000000008d900000|  0%| F|  |TAMS 0x000000008d800000, 0x000000008d800000| Untracked 
| 217|0x000000008d900000, 0x000000008d900000, 0x000000008da00000|  0%| F|  |TAMS 0x000000008d900000, 0x000000008d900000| Untracked 
| 218|0x000000008da00000, 0x000000008da00000, 0x000000008db00000|  0%| F|  |TAMS 0x000000008da00000, 0x000000008da00000| Untracked 
| 219|0x000000008db00000, 0x000000008db00000, 0x000000008dc00000|  0%| F|  |TAMS 0x000000008db00000, 0x000000008db00000| Untracked 
| 220|0x000000008dc00000, 0x000000008dc00000, 0x000000008dd00000|  0%| F|  |TAMS 0x000000008dc00000, 0x000000008dc00000| Untracked 
| 221|0x000000008dd00000, 0x000000008dd00000, 0x000000008de00000|  0%| F|  |TAMS 0x000000008dd00000, 0x000000008dd00000| Untracked 
| 222|0x000000008de00000, 0x000000008de00000, 0x000000008df00000|  0%| F|  |TAMS 0x000000008de00000, 0x000000008de00000| Untracked 
| 223|0x000000008df00000, 0x000000008df00000, 0x000000008e000000|  0%| F|  |TAMS 0x000000008df00000, 0x000000008df00000| Untracked 
| 224|0x000000008e000000, 0x000000008e000000, 0x000000008e100000|  0%| F|  |TAMS 0x000000008e000000, 0x000000008e000000| Untracked 
| 225|0x000000008e100000, 0x000000008e100000, 0x000000008e200000|  0%| F|  |TAMS 0x000000008e100000, 0x000000008e100000| Untracked 
| 226|0x000000008e200000, 0x000000008e200000, 0x000000008e300000|  0%| F|  |TAMS 0x000000008e200000, 0x000000008e200000| Untracked 
| 227|0x000000008e300000, 0x000000008e300000, 0x000000008e400000|  0%| F|  |TAMS 0x000000008e300000, 0x000000008e300000| Untracked 
| 228|0x000000008e400000, 0x000000008e400000, 0x000000008e500000|  0%| F|  |TAMS 0x000000008e400000, 0x000000008e400000| Untracked 
| 229|0x000000008e500000, 0x000000008e500000, 0x000000008e600000|  0%| F|  |TAMS 0x000000008e500000, 0x000000008e500000| Untracked 
| 230|0x000000008e600000, 0x000000008e600000, 0x000000008e700000|  0%| F|  |TAMS 0x000000008e600000, 0x000000008e600000| Untracked 
| 231|0x000000008e700000, 0x000000008e700000, 0x000000008e800000|  0%| F|  |TAMS 0x000000008e700000, 0x000000008e700000| Untracked 
| 232|0x000000008e800000, 0x000000008e800000, 0x000000008e900000|  0%| F|  |TAMS 0x000000008e800000, 0x000000008e800000| Untracked 
| 233|0x000000008e900000, 0x000000008e900000, 0x000000008ea00000|  0%| F|  |TAMS 0x000000008e900000, 0x000000008e900000| Untracked 
| 234|0x000000008ea00000, 0x000000008ea00000, 0x000000008eb00000|  0%| F|  |TAMS 0x000000008ea00000, 0x000000008ea00000| Untracked 
| 235|0x000000008eb00000, 0x000000008eb00000, 0x000000008ec00000|  0%| F|  |TAMS 0x000000008eb00000, 0x000000008eb00000| Untracked 
| 236|0x000000008ec00000, 0x000000008ec00000, 0x000000008ed00000|  0%| F|  |TAMS 0x000000008ec00000, 0x000000008ec00000| Untracked 
| 237|0x000000008ed00000, 0x000000008ed00000, 0x000000008ee00000|  0%| F|  |TAMS 0x000000008ed00000, 0x000000008ed00000| Untracked 
| 238|0x000000008ee00000, 0x000000008ee00000, 0x000000008ef00000|  0%| F|  |TAMS 0x000000008ee00000, 0x000000008ee00000| Untracked 
| 239|0x000000008ef00000, 0x000000008ef00000, 0x000000008f000000|  0%| F|  |TAMS 0x000000008ef00000, 0x000000008ef00000| Untracked 
| 240|0x000000008f000000, 0x000000008f000000, 0x000000008f100000|  0%| F|  |TAMS 0x000000008f000000, 0x000000008f000000| Untracked 
| 241|0x000000008f100000, 0x000000008f100000, 0x000000008f200000|  0%| F|  |TAMS 0x000000008f100000, 0x000000008f100000| Untracked 
| 242|0x000000008f200000, 0x000000008f200000, 0x000000008f300000|  0%| F|  |TAMS 0x000000008f200000, 0x000000008f200000| Untracked 
| 243|0x000000008f300000, 0x000000008f300000, 0x000000008f400000|  0%| F|  |TAMS 0x000000008f300000, 0x000000008f300000| Untracked 
| 244|0x000000008f400000, 0x000000008f400000, 0x000000008f500000|  0%| F|  |TAMS 0x000000008f400000, 0x000000008f400000| Untracked 
| 245|0x000000008f500000, 0x000000008f500000, 0x000000008f600000|  0%| F|  |TAMS 0x000000008f500000, 0x000000008f500000| Untracked 
| 246|0x000000008f600000, 0x000000008f600000, 0x000000008f700000|  0%| F|  |TAMS 0x000000008f600000, 0x000000008f600000| Untracked 
| 247|0x000000008f700000, 0x000000008f700000, 0x000000008f800000|  0%| F|  |TAMS 0x000000008f700000, 0x000000008f700000| Untracked 
| 248|0x000000008f800000, 0x000000008f800000, 0x000000008f900000|  0%| F|  |TAMS 0x000000008f800000, 0x000000008f800000| Untracked 
| 249|0x000000008f900000, 0x000000008f900000, 0x000000008fa00000|  0%| F|  |TAMS 0x000000008f900000, 0x000000008f900000| Untracked 
| 250|0x000000008fa00000, 0x000000008fa00000, 0x000000008fb00000|  0%| F|  |TAMS 0x000000008fa00000, 0x000000008fa00000| Untracked 
| 251|0x000000008fb00000, 0x000000008fb750d8, 0x000000008fc00000| 45%| S|CS|TAMS 0x000000008fb00000, 0x000000008fb00000| Complete 
| 252|0x000000008fc00000, 0x000000008fd00000, 0x000000008fd00000|100%| S|CS|TAMS 0x000000008fc00000, 0x000000008fc00000| Complete 
| 253|0x000000008fd00000, 0x000000008fd00000, 0x000000008fe00000|  0%| F|  |TAMS 0x000000008fd00000, 0x000000008fd00000| Untracked 
| 254|0x000000008fe00000, 0x000000008fe00000, 0x000000008ff00000|  0%| F|  |TAMS 0x000000008fe00000, 0x000000008fe00000| Untracked 
| 255|0x000000008ff00000, 0x000000008ff00000, 0x0000000090000000|  0%| F|  |TAMS 0x000000008ff00000, 0x000000008ff00000| Untracked 
| 256|0x0000000090000000, 0x0000000090000000, 0x0000000090100000|  0%| F|  |TAMS 0x0000000090000000, 0x0000000090000000| Untracked 

Card table byte_map: [0x000002d1cd000000,0x000002d1cd400000] _byte_map_base: 0x000002d1ccc00000

Marking Bits (Prev, Next): (CMBitMap*) 0x000002d1b98dbfe0, (CMBitMap*) 0x000002d1b98dbfa8
 Prev Bits: [0x000002d1cf800000, 0x000002d1d1800000)
 Next Bits: [0x000002d1cd800000, 0x000002d1cf800000)

Polling page: 0x000002d1b9980000

Metaspace:

Usage:
  Non-class:     97.88 MB capacity,    96.26 MB ( 98%) used,     1.27 MB (  1%) free+waste,   346.56 KB ( <1%) overhead. 
      Class:     14.89 MB capacity,    13.87 MB ( 93%) used,   884.18 KB (  6%) free+waste,   154.81 KB (  1%) overhead. 
       Both:    112.76 MB capacity,   110.14 MB ( 98%) used,     2.14 MB (  2%) free+waste,   501.38 KB ( <1%) overhead. 

Virtual space:
  Non-class space:      100.00 MB reserved,      98.45 MB ( 98%) committed 
      Class space:        1.00 GB reserved,      15.25 MB (  1%) committed 
             Both:        1.10 GB reserved,     113.70 MB ( 10%) committed 

Chunk freelists:
   Non-Class:  524.00 KB
       Class:  365.00 KB
        Both:  889.00 KB

MaxMetaspaceSize: 17179869184.00 GB
CompressedClassSpaceSize: 1.00 GB

CodeHeap 'non-profiled nmethods': size=120064Kb used=8193Kb max_used=8193Kb free=111870Kb
 bounds [0x000002d1c4e70000, 0x000002d1c5680000, 0x000002d1cc3b0000]
CodeHeap 'profiled nmethods': size=120000Kb used=40239Kb max_used=40239Kb free=79760Kb
 bounds [0x000002d1bd940000, 0x000002d1c0090000, 0x000002d1c4e70000]
CodeHeap 'non-nmethods': size=5696Kb used=2323Kb max_used=2358Kb free=3372Kb
 bounds [0x000002d1bd3b0000, 0x000002d1bd620000, 0x000002d1bd940000]
 total_blobs=18018 nmethods=17081 adapters=846
 compilation: enabled
              stopped_count=0, restarted_count=0
 full_count=0

Compilation events (20 events):
Event: 37.211 Thread 0x000002d1d40b9000 17454       2       java.util.TimSort::mergeLo (659 bytes)
Event: 37.213 Thread 0x000002d1d40b9000 nmethod 17454 0x000002d1c0087290 code [0x000002d1c0087580, 0x000002d1c0088e58]
Event: 37.213 Thread 0x000002d1d40b9000 17459       2       com.android.tools.r8.internal.No::b (64 bytes)
Event: 37.213 Thread 0x000002d1d40b9000 nmethod 17459 0x000002d1c0089610 code [0x000002d1c00897e0, 0x000002d1c0089b88]
Event: 37.213 Thread 0x000002d1d40b9000 17456       2       com.android.tools.r8.internal.e9::a (49 bytes)
Event: 37.214 Thread 0x000002d1d40b9000 nmethod 17456 0x000002d1c0089d10 code [0x000002d1c0089f20, 0x000002d1c008a3c8]
Event: 37.214 Thread 0x000002d1d40b9000 17460       2       java.nio.HeapByteBuffer::put (59 bytes)
Event: 37.214 Thread 0x000002d1d40b9000 nmethod 17460 0x000002d1c008a690 code [0x000002d1c008a880, 0x000002d1c008abd8]
Event: 37.214 Thread 0x000002d1d40b9000 17461       2       com.android.tools.r8.internal.e9::b (16 bytes)
Event: 37.214 Thread 0x000002d1d40b9000 nmethod 17461 0x000002d1c008ad90 code [0x000002d1c008af60, 0x000002d1c008b0b8]
Event: 37.214 Thread 0x000002d1d40b9000 17458       2       com.android.tools.r8.internal.e9::d (25 bytes)
Event: 37.214 Thread 0x000002d1d40b9000 nmethod 17458 0x000002d1c008b190 code [0x000002d1c008b360, 0x000002d1c008b4e8]
Event: 37.214 Thread 0x000002d1d40b9000 17457       2       com.android.tools.r8.graph.G$c::a (9 bytes)
Event: 37.214 Thread 0x000002d1d40b9000 nmethod 17457 0x000002d1c008b610 code [0x000002d1c008b7e0, 0x000002d1c008b958]
Event: 37.214 Thread 0x000002d1d40b9000 17455       1       com.android.tools.r8.internal.Gw::a (5 bytes)
Event: 37.214 Thread 0x000002d1d40b9000 nmethod 17455 0x000002d1c5670490 code [0x000002d1c5670640, 0x000002d1c56706f8]
Event: 37.214 Thread 0x000002d1d40b9000 17462       2       com.android.tools.r8.graph.J::g (6 bytes)
Event: 37.214 Thread 0x000002d1d40b9000 nmethod 17462 0x000002d1c008ba90 code [0x000002d1c008bc40, 0x000002d1c008bd48]
Event: 37.214 Thread 0x000002d1d40b9000 17463       2       com.android.tools.r8.graph.J::j (6 bytes)
Event: 37.215 Thread 0x000002d1d40b9000 nmethod 17463 0x000002d1c008be10 code [0x000002d1c008bfc0, 0x000002d1c008c0b8]

GC Heap History (20 events):
Event: 28.751 GC heap after
{Heap after GC invocations=58 (full 0):
 garbage-first heap   total 219136K, used 103590K [0x0000000080000000, 0x0000000100000000)
  region size 1024K, 1 young (1024K), 1 survivors (1024K)
 Metaspace       used 93125K, capacity 95169K, committed 95436K, reserved 1132544K
  class space    used 11648K, capacity 12421K, committed 12544K, reserved 1048576K
}
Event: 31.293 GC heap before
{Heap before GC invocations=59 (full 0):
 garbage-first heap   total 219136K, used 164006K [0x0000000080000000, 0x0000000100000000)
  region size 1024K, 65 young (66560K), 1 survivors (1024K)
 Metaspace       used 95513K, capacity 97658K, committed 97996K, reserved 1134592K
  class space    used 11903K, capacity 12705K, committed 12800K, reserved 1048576K
}
Event: 31.298 GC heap after
{Heap after GC invocations=60 (full 0):
 garbage-first heap   total 219136K, used 94582K [0x0000000080000000, 0x0000000100000000)
  region size 1024K, 3 young (3072K), 3 survivors (3072K)
 Metaspace       used 95513K, capacity 97658K, committed 97996K, reserved 1134592K
  class space    used 11903K, capacity 12705K, committed 12800K, reserved 1048576K
}
Event: 31.402 GC heap before
{Heap before GC invocations=60 (full 0):
 garbage-first heap   total 219136K, used 101750K [0x0000000080000000, 0x0000000100000000)
  region size 1024K, 10 young (10240K), 3 survivors (3072K)
 Metaspace       used 95882K, capacity 97955K, committed 98252K, reserved 1134592K
  class space    used 11944K, capacity 12739K, committed 12800K, reserved 1048576K
}
Event: 31.406 GC heap after
{Heap after GC invocations=61 (full 0):
 garbage-first heap   total 219136K, used 90565K [0x0000000080000000, 0x0000000100000000)
  region size 1024K, 1 young (1024K), 1 survivors (1024K)
 Metaspace       used 95882K, capacity 97955K, committed 98252K, reserved 1134592K
  class space    used 11944K, capacity 12739K, committed 12800K, reserved 1048576K
}
Event: 32.344 GC heap before
{Heap before GC invocations=61 (full 0):
 garbage-first heap   total 219136K, used 170437K [0x0000000080000000, 0x0000000100000000)
  region size 1024K, 80 young (81920K), 1 survivors (1024K)
 Metaspace       used 99031K, capacity 101196K, committed 101452K, reserved 1138688K
  class space    used 12325K, capacity 13130K, committed 13184K, reserved 1048576K
}
Event: 32.360 GC heap after
{Heap after GC invocations=62 (full 0):
 garbage-first heap   total 219136K, used 94395K [0x0000000080000000, 0x0000000100000000)
  region size 1024K, 5 young (5120K), 5 survivors (5120K)
 Metaspace       used 99031K, capacity 101196K, committed 101452K, reserved 1138688K
  class space    used 12325K, capacity 13130K, committed 13184K, reserved 1048576K
}
Event: 32.825 GC heap before
{Heap before GC invocations=62 (full 0):
 garbage-first heap   total 219136K, used 178363K [0x0000000080000000, 0x0000000100000000)
  region size 1024K, 84 young (86016K), 5 survivors (5120K)
 Metaspace       used 99821K, capacity 102032K, committed 102348K, reserved 1138688K
  class space    used 12418K, capacity 13213K, committed 13312K, reserved 1048576K
}
Event: 32.868 GC heap after
{Heap after GC invocations=63 (full 0):
 garbage-first heap   total 263168K, used 101449K [0x0000000080000000, 0x0000000100000000)
  region size 1024K, 9 young (9216K), 9 survivors (9216K)
 Metaspace       used 99821K, capacity 102032K, committed 102348K, reserved 1138688K
  class space    used 12418K, capacity 13213K, committed 13312K, reserved 1048576K
}
Event: 34.441 GC heap before
{Heap before GC invocations=63 (full 0):
 garbage-first heap   total 263168K, used 207945K [0x0000000080000000, 0x0000000100000000)
  region size 1024K, 114 young (116736K), 9 survivors (9216K)
 Metaspace       used 107198K, capacity 109933K, committed 110156K, reserved 1144832K
  class space    used 13586K, capacity 14634K, committed 14720K, reserved 1048576K
}
Event: 34.566 GC heap after
{Heap after GC invocations=64 (full 0):
 garbage-first heap   total 263168K, used 119955K [0x0000000080000000, 0x0000000100000000)
  region size 1024K, 15 young (15360K), 15 survivors (15360K)
 Metaspace       used 107198K, capacity 109933K, committed 110156K, reserved 1144832K
  class space    used 13586K, capacity 14634K, committed 14720K, reserved 1048576K
}
Event: 35.216 GC heap before
{Heap before GC invocations=64 (full 0):
 garbage-first heap   total 263168K, used 204947K [0x0000000080000000, 0x0000000100000000)
  region size 1024K, 99 young (101376K), 15 survivors (15360K)
 Metaspace       used 111718K, capacity 114739K, committed 114892K, reserved 1148928K
  class space    used 14317K, capacity 15506K, committed 15616K, reserved 1048576K
}
Event: 35.544 GC heap after
{Heap after GC invocations=65 (full 0):
 garbage-first heap   total 263168K, used 122724K [0x0000000080000000, 0x0000000100000000)
  region size 1024K, 4 young (4096K), 4 survivors (4096K)
 Metaspace       used 111718K, capacity 114739K, committed 114892K, reserved 1148928K
  class space    used 14317K, capacity 15506K, committed 15616K, reserved 1048576K
}
Event: 36.085 GC heap before
{Heap before GC invocations=65 (full 0):
 garbage-first heap   total 263168K, used 209764K [0x0000000080000000, 0x0000000100000000)
  region size 1024K, 89 young (91136K), 4 survivors (4096K)
 Metaspace       used 112746K, capacity 115816K, committed 115916K, reserved 1148928K
  class space    used 14407K, capacity 15609K, committed 15616K, reserved 1048576K
}
Event: 36.102 GC heap after
{Heap after GC invocations=66 (full 0):
 garbage-first heap   total 263168K, used 123053K [0x0000000080000000, 0x0000000100000000)
  region size 1024K, 5 young (5120K), 5 survivors (5120K)
 Metaspace       used 112746K, capacity 115816K, committed 115916K, reserved 1148928K
  class space    used 14407K, capacity 15609K, committed 15616K, reserved 1048576K
}
Event: 36.702 GC heap before
{Heap before GC invocations=66 (full 0):
 garbage-first heap   total 263168K, used 210093K [0x0000000080000000, 0x0000000100000000)
  region size 1024K, 91 young (93184K), 5 survivors (5120K)
 Metaspace       used 112504K, capacity 115248K, committed 116172K, reserved 1150976K
  class space    used 14204K, capacity 15243K, committed 15616K, reserved 1048576K
}
Event: 36.720 GC heap after
{Heap after GC invocations=67 (full 0):
 garbage-first heap   total 263168K, used 125757K [0x0000000080000000, 0x0000000100000000)
  region size 1024K, 7 young (7168K), 7 survivors (7168K)
 Metaspace       used 112504K, capacity 115248K, committed 116172K, reserved 1150976K
  class space    used 14204K, capacity 15243K, committed 15616K, reserved 1048576K
}
Event: 37.155 GC heap before
{Heap before GC invocations=68 (full 0):
 garbage-first heap   total 263168K, used 213821K [0x0000000080000000, 0x0000000100000000)
  region size 1024K, 94 young (96256K), 7 survivors (7168K)
 Metaspace       used 112731K, capacity 115458K, committed 116428K, reserved 1150976K
  class space    used 14206K, capacity 15245K, committed 15616K, reserved 1048576K
}
Event: 37.184 GC heap after
{Heap after GC invocations=69 (full 0):
 garbage-first heap   total 263168K, used 127634K [0x0000000080000000, 0x0000000100000000)
  region size 1024K, 8 young (8192K), 8 survivors (8192K)
 Metaspace       used 112731K, capacity 115458K, committed 116428K, reserved 1150976K
  class space    used 14206K, capacity 15245K, committed 15616K, reserved 1048576K
}
Event: 37.216 GC heap before
{Heap before GC invocations=69 (full 0):
 garbage-first heap   total 263168K, used 131730K [0x0000000080000000, 0x0000000100000000)
  region size 1024K, 12 young (12288K), 8 survivors (8192K)
 Metaspace       used 112779K, capacity 115469K, committed 116428K, reserved 1150976K
  class space    used 14206K, capacity 15245K, committed 15616K, reserved 1048576K
}

Deoptimization events (20 events):
Event: 36.991 Thread 0x000002d1d71d7800 DEOPT PACKING pc=0x000002d1bfae589d sp=0x000000e86e8f9650
Event: 36.992 Thread 0x000002d1d71d7800 DEOPT UNPACKING pc=0x000002d1bd3d76ce sp=0x000000e86e8f8c78 mode 0
Event: 36.993 Thread 0x000002d1d71d7800 DEOPT PACKING pc=0x000002d1bfab1816 sp=0x000000e86e8f9810
Event: 36.993 Thread 0x000002d1d71d7800 DEOPT UNPACKING pc=0x000002d1bd3d76ce sp=0x000000e86e8f8f18 mode 0
Event: 36.996 Thread 0x000002d1d71df000 DEOPT PACKING pc=0x000002d1bfae589d sp=0x000000e86eaf9ca0
Event: 36.996 Thread 0x000002d1d71df000 DEOPT UNPACKING pc=0x000002d1bd3d76ce sp=0x000000e86eaf92c8 mode 0
Event: 37.052 Thread 0x000002d1d71d9800 DEOPT PACKING pc=0x000002d1bfb5d8f6 sp=0x000000e86ebf9c70
Event: 37.052 Thread 0x000002d1d71d9800 DEOPT UNPACKING pc=0x000002d1bd3d76ce sp=0x000000e86ebf91f8 mode 0
Event: 37.062 Thread 0x000002d1d71df000 DEOPT PACKING pc=0x000002d1bfae589d sp=0x000000e86eaf9bf0
Event: 37.062 Thread 0x000002d1d71df000 DEOPT UNPACKING pc=0x000002d1bd3d76ce sp=0x000000e86eaf9218 mode 0
Event: 37.067 Thread 0x000002d1d71d9800 DEOPT PACKING pc=0x000002d1bfae589d sp=0x000000e86ebf9910
Event: 37.067 Thread 0x000002d1d71d9800 DEOPT UNPACKING pc=0x000002d1bd3d76ce sp=0x000000e86ebf8f38 mode 0
Event: 37.073 Thread 0x000002d1d71d7800 DEOPT PACKING pc=0x000002d1bfb5ed34 sp=0x000000e86e8f93e0
Event: 37.073 Thread 0x000002d1d71d7800 DEOPT UNPACKING pc=0x000002d1bd3d76ce sp=0x000000e86e8f88f8 mode 0
Event: 37.074 Thread 0x000002d1d71d7800 DEOPT PACKING pc=0x000002d1bfb5ff49 sp=0x000000e86e8f9a00
Event: 37.074 Thread 0x000002d1d71d7800 DEOPT UNPACKING pc=0x000002d1bd3d76ce sp=0x000000e86e8f8f78 mode 0
Event: 37.096 Thread 0x000002d1d71df000 DEOPT PACKING pc=0x000002d1bf8524b8 sp=0x000000e86eafabd0
Event: 37.096 Thread 0x000002d1d71df000 DEOPT UNPACKING pc=0x000002d1bd3d76ce sp=0x000000e86eafa088 mode 0
Event: 37.215 Thread 0x000002d1d71d9800 DEOPT PACKING pc=0x000002d1bfae56ba sp=0x000000e86ebf9c60
Event: 37.215 Thread 0x000002d1d71d9800 DEOPT UNPACKING pc=0x000002d1bd3d76ce sp=0x000000e86ebf9280 mode 0

Classes redefined (0 events):
No events

Internal exceptions (20 events):
Event: 34.437 Thread 0x000002d1d71d9800 Exception <a 'java/lang/NoSuchMethodError'{0x0000000089899558}: 'java.lang.Object java.lang.invoke.DirectMethodHandle$Holder.invokeVirtual(java.lang.Object, java.lang.Object, int, java.lang.Object)'> (0x0000000089899558) thrown at [./src/hotspot/share/interpreter/linkResolver.cpp, line 773]
Event: 34.437 Thread 0x000002d1d71df000 Exception <a 'java/lang/NoSuchMethodError'{0x000000008993a968}: 'java.lang.Object java.lang.invoke.DirectMethodHandle$Holder.invokeVirtual(java.lang.Object, java.lang.Object, int, java.lang.Object)'> (0x000000008993a968) thrown at [./src/hotspot/share/interpreter/linkResolver.cpp, line 773]
Event: 34.437 Thread 0x000002d1d71de000 Exception <a 'java/lang/NoSuchMethodError'{0x0000000089863c28}: 'java.lang.Object java.lang.invoke.DirectMethodHandle$Holder.invokeVirtual(java.lang.Object, java.lang.Object, int, java.lang.Object)'> (0x0000000089863c28) thrown at [./src/hotspot/share/interpreter/linkResolver.cpp, line 773]
Event: 34.437 Thread 0x000002d1d71dc800 Exception <a 'java/lang/NoSuchMethodError'{0x00000000898805d8}: 'java.lang.Object java.lang.invoke.DirectMethodHandle$Holder.invokeVirtual(java.lang.Object, java.lang.Object, int, java.lang.Object)'> (0x00000000898805d8) thrown at [./src/hotspot/share/interpreter/linkResolver.cpp, line 773]
Event: 34.587 Thread 0x000002d1d71de000 Exception <a 'java/lang/NoSuchMethodError'{0x000000008ffbdf90}: 'void java.lang.invoke.DirectMethodHandle$Holder.invokeVirtual(java.lang.Object, java.lang.Object, int, java.lang.Object)'> (0x000000008ffbdf90) thrown at [./src/hotspot/share/interpreter/linkResolver.cpp, line 773]
Event: 34.733 Thread 0x000002d1d71de000 Exception <a 'java/lang/IncompatibleClassChangeError'{0x000000008f545a38}: Found class java.lang.Object, but interface was expected> (0x000000008f545a38) thrown at [./src/hotspot/share/interpreter/linkResolver.cpp, line 839]
Event: 34.755 Thread 0x000002d1d71d9800 Exception <a 'java/lang/NoSuchMethodError'{0x000000008f325768}: 'java.lang.Object java.lang.invoke.DirectMethodHandle$Holder.invokeInterface(java.lang.Object, java.lang.Object, int)'> (0x000000008f325768) thrown at [./src/hotspot/share/interpreter/linkResolver.cpp, line 773]
Event: 34.819 Thread 0x000002d1d71de000 Exception <a 'java/lang/NoSuchMethodError'{0x000000008ed28b70}: 'void java.lang.invoke.DirectMethodHandle$Holder.invokeSpecial(java.lang.Object, java.lang.Object, int, java.lang.Object, java.lang.Object, java.lang.Object, java.lang.Object)'> (0x000000008ed28b70) thrown at [./src/hotspot/share/interpreter/linkResolver.cpp, line 773]
Event: 34.824 Thread 0x000002d1d71de000 Exception <a 'java/lang/NoSuchMethodError'{0x000000008ed34770}: 'java.lang.Object java.lang.invoke.Invokers$Holder.linkToTargetMethod(java.lang.Object, int, java.lang.Object, java.lang.Object, java.lang.Object, java.lang.Object)'> (0x000000008ed34770) thrown at [./src/hotspot/share/interpreter/linkResolver.cpp, line 773]
Event: 34.825 Thread 0x000002d1d71de000 Exception <a 'java/lang/NoSuchMethodError'{0x000000008ed38c20}: 'void java.lang.invoke.DirectMethodHandle$Holder.invokeSpecial(java.lang.Object, java.lang.Object, java.lang.Object, java.lang.Object, java.lang.Object, java.lang.Object, java.lang.Object, java.lang.Object, java.lang.Object)'> (0x000000008ed38c20) thrown at [./src/hotspot/share/interpreter/linkResolver.cpp, line 773]
Event: 34.834 Thread 0x000002d1d71de000 Exception <a 'java/lang/NoSuchMethodError'{0x000000008ed53900}: 'void java.lang.invoke.DirectMethodHandle$Holder.invokeStatic(java.lang.Object, java.lang.Object, java.lang.Object, java.lang.Object, java.lang.Object, java.lang.Object, java.lang.Object, java.lang.Object)'> (0x000000008ed53900) thrown at [./src/hotspot/share/interpreter/linkResolver.cpp, line 773]
Event: 35.133 Thread 0x000002d1d71de000 Exception <a 'java/lang/IncompatibleClassChangeError'{0x000000008be88e28}: Found class java.lang.Object, but interface was expected> (0x000000008be88e28) thrown at [./src/hotspot/share/interpreter/linkResolver.cpp, line 839]
Event: 35.664 Thread 0x000002d1d71de000 Exception <a 'java/lang/NoSuchMethodError'{0x000000008fab4b28}: 'void java.lang.invoke.DirectMethodHandle$Holder.invokeVirtual(java.lang.Object, java.lang.Object, int)'> (0x000000008fab4b28) thrown at [./src/hotspot/share/interpreter/linkResolver.cpp, line 773]
Event: 35.755 Thread 0x000002d1d71de000 Exception <a 'sun/nio/fs/WindowsException'{0x000000008f6e05d8}> (0x000000008f6e05d8) thrown at [./src/hotspot/share/prims/jni.cpp, line 615]
Event: 35.866 Thread 0x000002d1d71dc800 Exception <a 'sun/nio/fs/WindowsException'{0x000000008cb78130}> (0x000000008cb78130) thrown at [./src/hotspot/share/prims/jni.cpp, line 615]
Event: 36.082 Thread 0x000002d1d71d9800 Implicit null exception at 0x000002d1c53cd43f to 0x000002d1c53cd844
Event: 36.675 Thread 0x000002d1d71de000 Exception <a 'sun/nio/fs/WindowsException'{0x000000008b449220}> (0x000000008b449220) thrown at [./src/hotspot/share/prims/jni.cpp, line 615]
Event: 36.675 Thread 0x000002d1d71d7800 Exception <a 'sun/nio/fs/WindowsException'{0x000000008b4d06d0}> (0x000000008b4d06d0) thrown at [./src/hotspot/share/prims/jni.cpp, line 615]
Event: 36.941 Thread 0x000002d1d71d9800 Exception <a 'java/lang/NoSuchMethodError'{0x000000008d2d25e8}: 'int java.lang.invoke.DirectMethodHandle$Holder.invokeInterface(java.lang.Object, java.lang.Object, int)'> (0x000000008d2d25e8) thrown at [./src/hotspot/share/interpreter/linkResolver.cpp, line 773]
Event: 36.942 Thread 0x000002d1d71de000 Exception <a 'sun/nio/fs/WindowsException'{0x000000008dd327d0}> (0x000000008dd327d0) thrown at [./src/hotspot/share/prims/jni.cpp, line 615]

Events (20 events):
Event: 36.646 Executing VM operation: CGC_Operation done
Event: 36.651 Executing VM operation: ICBufferFull
Event: 36.654 Executing VM operation: ICBufferFull done
Event: 36.660 Executing VM operation: ICBufferFull
Event: 36.663 Executing VM operation: ICBufferFull done
Event: 36.682 loading class com/android/tools/r8/graph/B0$d
Event: 36.682 loading class com/android/tools/r8/graph/B0$d done
Event: 36.686 Executing VM operation: ICBufferFull
Event: 36.689 Executing VM operation: ICBufferFull done
Event: 36.700 Executing VM operation: G1CollectForAllocation
Event: 36.720 Executing VM operation: G1CollectForAllocation done
Event: 36.907 Executing VM operation: ICBufferFull
Event: 36.909 Executing VM operation: ICBufferFull done
Event: 36.943 loading class com/android/tools/r8/internal/ci
Event: 36.943 loading class com/android/tools/r8/internal/ci done
Event: 37.021 Executing VM operation: CGC_Operation
Event: 37.045 Executing VM operation: CGC_Operation done
Event: 37.115 Executing VM operation: G1CollectForAllocation
Event: 37.184 Executing VM operation: G1CollectForAllocation done
Event: 37.216 Executing VM operation: G1CollectForAllocation


Dynamic libraries:
0x00007ff7870c0000 - 0x00007ff7870ca000 	C:\Program Files\Android\Android Studio1\jre\bin\java.exe
0x00007ffc4fd30000 - 0x00007ffc4ff25000 	C:\Windows\SYSTEM32\ntdll.dll
0x00007ffc4ea10000 - 0x00007ffc4eace000 	C:\Windows\System32\KERNEL32.DLL
0x00007ffc4d450000 - 0x00007ffc4d718000 	C:\Windows\System32\KERNELBASE.dll
0x00007ffc4d720000 - 0x00007ffc4d820000 	C:\Windows\System32\ucrtbase.dll
0x00007ffc2cdb0000 - 0x00007ffc2cdc7000 	C:\Program Files\Android\Android Studio1\jre\bin\VCRUNTIME140.dll
0x00007ffc2ad60000 - 0x00007ffc2ad79000 	C:\Program Files\Android\Android Studio1\jre\bin\jli.dll
0x00007ffc4f650000 - 0x00007ffc4f7f1000 	C:\Windows\System32\USER32.dll
0x00007ffc4dd00000 - 0x00007ffc4dd22000 	C:\Windows\System32\win32u.dll
0x00007ffc4f950000 - 0x00007ffc4f97b000 	C:\Windows\System32\GDI32.dll
0x00007ffc4db60000 - 0x00007ffc4dc6b000 	C:\Windows\System32\gdi32full.dll
0x00007ffc3cdf0000 - 0x00007ffc3d08a000 	C:\Windows\WinSxS\amd64_microsoft.windows.common-controls_6595b64144ccf1df_6.0.19041.1110_none_60b5254171f9507e\COMCTL32.dll
0x00007ffc4d850000 - 0x00007ffc4d8ed000 	C:\Windows\System32\msvcp_win.dll
0x00007ffc4f330000 - 0x00007ffc4f3ce000 	C:\Windows\System32\msvcrt.dll
0x00007ffc4f860000 - 0x00007ffc4f890000 	C:\Windows\System32\IMM32.DLL
0x00007ffc1abb0000 - 0x00007ffc1ac4d000 	C:\Program Files\Android\Android Studio1\jre\bin\msvcp140.dll
0x00007ffc03950000 - 0x00007ffc0441f000 	C:\Program Files\Android\Android Studio1\jre\bin\server\jvm.dll
0x00007ffc4f8a0000 - 0x00007ffc4f94c000 	C:\Windows\System32\ADVAPI32.dll
0x00007ffc4f5b0000 - 0x00007ffc4f64b000 	C:\Windows\System32\sechost.dll
0x00007ffc4e540000 - 0x00007ffc4e66a000 	C:\Windows\System32\RPCRT4.dll
0x00007ffc42c20000 - 0x00007ffc42c47000 	C:\Windows\SYSTEM32\WINMM.dll
0x00007ffc4fce0000 - 0x00007ffc4fce8000 	C:\Windows\System32\PSAPI.DLL
0x00007ffc45cb0000 - 0x00007ffc45cb9000 	C:\Windows\SYSTEM32\WSOCK32.dll
0x00007ffc42c50000 - 0x00007ffc42c5a000 	C:\Windows\SYSTEM32\VERSION.dll
0x00007ffc4ec00000 - 0x00007ffc4ec6b000 	C:\Windows\System32\ws2_32.DLL
0x00007ffc4bcd0000 - 0x00007ffc4bce2000 	C:\Windows\SYSTEM32\kernel.appcore.dll
0x00007ffc45b80000 - 0x00007ffc45b91000 	C:\Program Files\Android\Android Studio1\jre\bin\verify.dll
0x00007ffc4b100000 - 0x00007ffc4b2e4000 	C:\Windows\SYSTEM32\DBGHELP.DLL
0x00007ffc384e0000 - 0x00007ffc3850c000 	C:\Windows\SYSTEM32\dbgcore.DLL
0x00007ffc4dc70000 - 0x00007ffc4dcf3000 	C:\Windows\System32\bcryptPrimitives.dll
0x00007ffc3f090000 - 0x00007ffc3f0b9000 	C:\Program Files\Android\Android Studio1\jre\bin\java.dll
0x00007ffc45b70000 - 0x00007ffc45b7b000 	C:\Program Files\Android\Android Studio1\jre\bin\jimage.dll
0x00007ffc45970000 - 0x00007ffc45988000 	C:\Program Files\Android\Android Studio1\jre\bin\zip.dll
0x00007ffc4dda0000 - 0x00007ffc4e4df000 	C:\Windows\System32\SHELL32.dll
0x00007ffc4b300000 - 0x00007ffc4ba90000 	C:\Windows\SYSTEM32\windows.storage.dll
0x00007ffc4f980000 - 0x00007ffc4fcd5000 	C:\Windows\System32\combase.dll
0x00007ffc4ce30000 - 0x00007ffc4ce5e000 	C:\Windows\SYSTEM32\Wldp.dll
0x00007ffc4e750000 - 0x00007ffc4e7fd000 	C:\Windows\System32\SHCORE.dll
0x00007ffc4e9b0000 - 0x00007ffc4ea05000 	C:\Windows\System32\shlwapi.dll
0x00007ffc4d390000 - 0x00007ffc4d3af000 	C:\Windows\SYSTEM32\profapi.dll
0x00007ffc458c0000 - 0x00007ffc458da000 	C:\Program Files\Android\Android Studio1\jre\bin\net.dll
0x00007ffc41360000 - 0x00007ffc4146c000 	C:\Windows\SYSTEM32\WINHTTP.dll
0x00007ffc4cb30000 - 0x00007ffc4cb9a000 	C:\Windows\system32\mswsock.dll
0x00007ffc41700000 - 0x00007ffc41714000 	C:\Program Files\Android\Android Studio1\jre\bin\nio.dll
0x00007ffc24260000 - 0x00007ffc24287000 	C:\Users\rafif\.gradle\native\8bec1ad78214c89d9ad589b4d07fe93259594b29d510b10fafb7a158f7737e5d\windows-amd64\native-platform.dll
0x00007ffc08590000 - 0x00007ffc086cd000 	C:\Users\rafif\.gradle\native\53dbd7edfb1c66fb8903c78663c9afc45aea4f116125fa6feffd364cf09443e8\windows-amd64\native-platform-file-events.dll
0x00007ffc45b60000 - 0x00007ffc45b6a000 	C:\Program Files\Android\Android Studio1\jre\bin\management.dll
0x00007ffc459a0000 - 0x00007ffc459ac000 	C:\Program Files\Android\Android Studio1\jre\bin\management_ext.dll
0x00007ffc4cd20000 - 0x00007ffc4cd38000 	C:\Windows\SYSTEM32\CRYPTSP.dll
0x00007ffc4c4b0000 - 0x00007ffc4c4e4000 	C:\Windows\system32\rsaenh.dll
0x00007ffc4d820000 - 0x00007ffc4d847000 	C:\Windows\System32\bcrypt.dll
0x00007ffc4d310000 - 0x00007ffc4d33e000 	C:\Windows\SYSTEM32\USERENV.dll
0x00007ffc4cd40000 - 0x00007ffc4cd4c000 	C:\Windows\SYSTEM32\CRYPTBASE.dll
0x00007ffc4c820000 - 0x00007ffc4c85b000 	C:\Windows\SYSTEM32\IPHLPAPI.DLL
0x00007ffc4f890000 - 0x00007ffc4f898000 	C:\Windows\System32\NSI.dll
0x00007ffc41160000 - 0x00007ffc41177000 	C:\Windows\SYSTEM32\dhcpcsvc6.DLL
0x00007ffc42f10000 - 0x00007ffc42f2d000 	C:\Windows\SYSTEM32\dhcpcsvc.DLL
0x00007ffc4c860000 - 0x00007ffc4c92b000 	C:\Windows\SYSTEM32\DNSAPI.dll

dbghelp: loaded successfully - version: 4.0.5 - missing functions: none
symbol engine: initialized successfully - sym options: 0x614 - pdb path: .;C:\Program Files\Android\Android Studio1\jre\bin;C:\Windows\SYSTEM32;C:\Windows\WinSxS\amd64_microsoft.windows.common-controls_6595b64144ccf1df_6.0.19041.1110_none_60b5254171f9507e;C:\Program Files\Android\Android Studio1\jre\bin\server;C:\Users\rafif\.gradle\native\8bec1ad78214c89d9ad589b4d07fe93259594b29d510b10fafb7a158f7737e5d\windows-amd64;C:\Users\rafif\.gradle\native\53dbd7edfb1c66fb8903c78663c9afc45aea4f116125fa6feffd364cf09443e8\windows-amd64

VM Arguments:
jvm_args: --add-opens=java.base/java.util=ALL-UNNAMED --add-opens=java.base/java.lang=ALL-UNNAMED --add-opens=java.base/java.lang.invoke=ALL-UNNAMED --add-opens=java.base/java.util=ALL-UNNAMED --add-opens=java.prefs/java.util.prefs=ALL-UNNAMED --add-opens=java.prefs/java.util.prefs=ALL-UNNAMED --add-opens=java.base/java.nio.charset=ALL-UNNAMED --add-opens=java.base/java.net=ALL-UNNAMED --add-opens=java.base/java.util.concurrent.atomic=ALL-UNNAMED -Xmx2048m -Dfile.encoding=UTF-8 -Duser.country=ID -Duser.language=en -Duser.variant 
java_command: org.gradle.launcher.daemon.bootstrap.GradleDaemon 7.0.2
java_class_path (initial): C:\Users\rafif\.gradle\wrapper\dists\gradle-7.0.2-bin\857tjihv64xamwrf0h14cai3r\gradle-7.0.2\lib\gradle-launcher-7.0.2.jar
Launcher Type: SUN_STANDARD

[Global flags]
     intx CICompilerCount                          = 3                                         {product} {ergonomic}
     uint ConcGCThreads                            = 2                                         {product} {ergonomic}
     uint G1ConcRefinementThreads                  = 6                                         {product} {ergonomic}
   size_t G1HeapRegionSize                         = 1048576                                   {product} {ergonomic}
    uintx GCDrainStackTargetSize                   = 64                                        {product} {ergonomic}
   size_t InitialHeapSize                          = 98566144                                  {product} {ergonomic}
   size_t MarkStackSize                            = 4194304                                   {product} {ergonomic}
   size_t MaxHeapSize                              = 2147483648                                {product} {command line}
   size_t MaxNewSize                               = 1287651328                                {product} {ergonomic}
   size_t MinHeapDeltaBytes                        = 1048576                                   {product} {ergonomic}
    uintx NonNMethodCodeHeapSize                   = 5830732                                {pd product} {ergonomic}
    uintx NonProfiledCodeHeapSize                  = 122913754                              {pd product} {ergonomic}
    uintx ProfiledCodeHeapSize                     = 122913754                              {pd product} {ergonomic}
    uintx ReservedCodeCacheSize                    = 251658240                              {pd product} {ergonomic}
     bool SegmentedCodeCache                       = true                                      {product} {ergonomic}
     bool UseCompressedClassPointers               = true                                 {lp64_product} {ergonomic}
     bool UseCompressedOops                        = true                                 {lp64_product} {ergonomic}
     bool UseG1GC                                  = true                                      {product} {ergonomic}
     bool UseLargePagesIndividualAllocation        = false                                  {pd product} {ergonomic}

Logging:
Log output configuration:
 #0: stdout all=warning uptime,level,tags
 #1: stderr all=off uptime,level,tags

Environment Variables:
PATH=C:\Windows\system32;C:\Windows;C:\Windows\System32\Wbem;C:\Windows\System32\WindowsPowerShell\v1.0\;C:\Windows\System32\OpenSSH\;C:\Program Files\Git\cmd;C:\Users\rafif\AppData\Local\Microsoft\WindowsApps;;C:\Users\rafif\AppData\Local\Programs\Microsoft VS Code\bin
USERNAME=rafif
OS=Windows_NT
PROCESSOR_IDENTIFIER=AMD64 Family 23 Model 96 Stepping 1, AuthenticAMD



---------------  S Y S T E M  ---------------

OS: Windows 10 , 64 bit Build 19041 (10.0.19041.1348)
OS uptime: 13 days 1:01 hours

CPU:total 6 (initial active 6) (6 cores per cpu, 1 threads per core) family 23 model 96 stepping 1 microcode 0x0, cmov, cx8, fxsr, mmx, sse, sse2, sse3, ssse3, sse4.1, sse4.2, popcnt, avx, avx2, aes, clmul, mmxext, 3dnowpref, lzcnt, sse4a, tsc, tscinvbit, tscinv, bmi1, bmi2, adx, sha, 

Memory: 4k page, system-wide physical 6013M (106M free)
TotalPageFile size 24445M (AvailPageFile size 258M)
current process WorkingSet (physical memory assigned to process): 299M, peak: 370M
current process commit charge ("private bytes"): 623M, peak: 911M

vm_info: OpenJDK 64-Bit Server VM (11.0.10+0-b96-7249189) for windows-amd64 JRE (11.0.10+0-b96-7249189), built on Mar 31 2021 21:44:00 by "builder" with MS VC++ 14.0 (VS2015)

END.
