#
# There is insufficient memory for the Java Runtime Environment to continue.
# Native memory allocation (mmap) failed to map 98566144 bytes for Failed to commit area from 0x00000000a2000000 to 0x00000000a7e00000 of length 98566144.
# Possible reasons:
#   The system is out of physical RAM or swap space
#   The process is running with CompressedOops enabled, and the Java Heap may be blocking the growth of the native heap
# Possible solutions:
#   Reduce memory load on the system
#   Increase physical memory or swap space
#   Check if swap backing store is full
#   Decrease Java heap size (-Xmx/-Xms)
#   Decrease number of Java threads
#   Decrease Java thread stack sizes (-Xss)
#   Set larger code cache with -XX:ReservedCodeCacheSize=
# This output file may be truncated or incomplete.
#
#  Out of Memory Error (./src/hotspot/os/windows/os_windows.cpp:3301), pid=12016, tid=848
#
# JRE version:  (11.0.10) (build )
# Java VM: OpenJDK 64-Bit Server VM (11.0.10+0-b96-7249189, mixed mode, sharing, tiered, compressed oops, g1 gc, windows-amd64)
# No core dump will be written. Minidumps are not enabled by default on client versions of Windows
#

---------------  S U M M A R Y ------------

Command Line: org.jetbrains.kotlin.cli.jvm.K2JVMCompiler @C:\Users\rafif\AndroidStudioProjects\RecipeApp\app\build\20211126_17909685307946513586.compiler.options

Host: AMD Ryzen 5 4500U with Radeon Graphics         , 6 cores, 5G,  Windows 10 , 64 bit Build 19041 (10.0.19041.1348)
Time: Fri Nov 26 10:59:31 2021 SE Asia Standard Time elapsed time: 0.025136 seconds (0d 0h 0m 0s)

---------------  T H R E A D  ---------------

Current thread (0x0000027c9b649000):  JavaThread "Unknown thread" [_thread_in_vm, id=848, stack(0x000000d2c9200000,0x000000d2c9300000)]

Stack: [0x000000d2c9200000,0x000000d2c9300000]
Native frames: (J=compiled Java code, j=interpreted, Vv=VM code, C=native code)
V  [jvm.dll+0x5ecfaa]
V  [jvm.dll+0x722bd5]
V  [jvm.dll+0x72412d]
V  [jvm.dll+0x7247e3]
V  [jvm.dll+0x242928]
V  [jvm.dll+0x5ea374]
V  [jvm.dll+0x5df425]
V  [jvm.dll+0x2fdebb]
V  [jvm.dll+0x2fde2a]
V  [jvm.dll+0x2fdd02]
V  [jvm.dll+0x302bf6]
V  [jvm.dll+0x34b2a3]
V  [jvm.dll+0x34b9a6]
V  [jvm.dll+0x34b3a3]
V  [jvm.dll+0x2d8888]
V  [jvm.dll+0x2d9a37]
V  [jvm.dll+0x701737]
V  [jvm.dll+0x702f2c]
V  [jvm.dll+0x3587d9]
V  [jvm.dll+0x6e4fae]
V  [jvm.dll+0x3c0be3]
V  [jvm.dll+0x3c2e91]
C  [jli.dll+0x5373]
C  [ucrtbase.dll+0x21bb2]
C  [KERNEL32.DLL+0x17034]
C  [ntdll.dll+0x52651]


---------------  P R O C E S S  ---------------

Threads class SMR info:
_java_thread_list=0x0000027c99c33810, length=0, elements={
}

Java Threads: ( => current thread )

Other Threads:
  0x0000027c9b660800 GCTaskThread "GC Thread#0" [stack: 0x000000d2c9300000,0x000000d2c9400000] [id=28080]
  0x0000027c9b686800 ConcurrentGCThread "G1 Main Marker" [stack: 0x000000d2c9400000,0x000000d2c9500000] [id=9196]
  0x0000027c9b688000 ConcurrentGCThread "G1 Conc#0" [stack: 0x000000d2c9500000,0x000000d2c9600000] [id=12760]

[error occurred during error reporting (printing all threads), id 0xc0000005, EXCEPTION_ACCESS_VIOLATION (0xc0000005) at pc=0x00007ffc03c39107]

VM state:not at safepoint (not fully initialized)

VM Mutex/Monitor currently owned by a thread:  ([mutex/lock_event])
[0x0000027c9b646cb0] Heap_lock - owner thread: 0x0000027c9b649000

Heap address: 0x00000000a2000000, size: 1504 MB, Compressed Oops mode: Non-zero based: 0x00000000a2000000
Narrow klass base: 0x0000000000000000, Narrow klass shift: 0

GC Heap History (0 events):
No events

Deoptimization events (0 events):
No events

Classes redefined (0 events):
No events

Internal exceptions (0 events):
No events

Events (1 events):
Event: 0.012 Loaded shared library C:\Program Files\Android\Android Studio1\jre\bin\zip.dll


Dynamic libraries:
0x00007ff7870c0000 - 0x00007ff7870ca000 	C:\Program Files\Android\Android Studio1\jre\bin\java.exe
0x00007ffc4fd30000 - 0x00007ffc4ff25000 	C:\Windows\SYSTEM32\ntdll.dll
0x00007ffc4ea10000 - 0x00007ffc4eace000 	C:\Windows\System32\KERNEL32.DLL
0x00007ffc4d450000 - 0x00007ffc4d718000 	C:\Windows\System32\KERNELBASE.dll
0x00007ffc4d720000 - 0x00007ffc4d820000 	C:\Windows\System32\ucrtbase.dll
0x00007ffc2cdb0000 - 0x00007ffc2cdc7000 	C:\Program Files\Android\Android Studio1\jre\bin\VCRUNTIME140.dll
0x00007ffc2ad60000 - 0x00007ffc2ad79000 	C:\Program Files\Android\Android Studio1\jre\bin\jli.dll
0x00007ffc4f650000 - 0x00007ffc4f7f1000 	C:\Windows\System32\USER32.dll
0x00007ffc4dd00000 - 0x00007ffc4dd22000 	C:\Windows\System32\win32u.dll
0x00007ffc3cdf0000 - 0x00007ffc3d08a000 	C:\Windows\WinSxS\amd64_microsoft.windows.common-controls_6595b64144ccf1df_6.0.19041.1110_none_60b5254171f9507e\COMCTL32.dll
0x00007ffc4f950000 - 0x00007ffc4f97b000 	C:\Windows\System32\GDI32.dll
0x00007ffc4f330000 - 0x00007ffc4f3ce000 	C:\Windows\System32\msvcrt.dll
0x00007ffc4db60000 - 0x00007ffc4dc6b000 	C:\Windows\System32\gdi32full.dll
0x00007ffc4d850000 - 0x00007ffc4d8ed000 	C:\Windows\System32\msvcp_win.dll
0x00007ffc4f860000 - 0x00007ffc4f890000 	C:\Windows\System32\IMM32.DLL
0x00007ffc1abb0000 - 0x00007ffc1ac4d000 	C:\Program Files\Android\Android Studio1\jre\bin\msvcp140.dll
0x00007ffc03950000 - 0x00007ffc0441f000 	C:\Program Files\Android\Android Studio1\jre\bin\server\jvm.dll
0x00007ffc4f8a0000 - 0x00007ffc4f94c000 	C:\Windows\System32\ADVAPI32.dll
0x00007ffc4f5b0000 - 0x00007ffc4f64b000 	C:\Windows\System32\sechost.dll
0x00007ffc4e540000 - 0x00007ffc4e66a000 	C:\Windows\System32\RPCRT4.dll
0x00007ffc4fce0000 - 0x00007ffc4fce8000 	C:\Windows\System32\PSAPI.DLL
0x00007ffc42c20000 - 0x00007ffc42c47000 	C:\Windows\SYSTEM32\WINMM.dll
0x00007ffc45cb0000 - 0x00007ffc45cb9000 	C:\Windows\SYSTEM32\WSOCK32.dll
0x00007ffc42c50000 - 0x00007ffc42c5a000 	C:\Windows\SYSTEM32\VERSION.dll
0x00007ffc4ec00000 - 0x00007ffc4ec6b000 	C:\Windows\System32\WS2_32.dll
0x00007ffc4bcd0000 - 0x00007ffc4bce2000 	C:\Windows\SYSTEM32\kernel.appcore.dll
0x00007ffc45b80000 - 0x00007ffc45b91000 	C:\Program Files\Android\Android Studio1\jre\bin\verify.dll
0x00007ffc4b100000 - 0x00007ffc4b2e4000 	C:\Windows\SYSTEM32\DBGHELP.DLL
0x00007ffc384e0000 - 0x00007ffc3850c000 	C:\Windows\SYSTEM32\dbgcore.DLL
0x00007ffc4dc70000 - 0x00007ffc4dcf3000 	C:\Windows\System32\bcryptPrimitives.dll
0x00007ffc3f090000 - 0x00007ffc3f0b9000 	C:\Program Files\Android\Android Studio1\jre\bin\java.dll
0x00007ffc45b70000 - 0x00007ffc45b7b000 	C:\Program Files\Android\Android Studio1\jre\bin\jimage.dll
0x00007ffc45970000 - 0x00007ffc45988000 	C:\Program Files\Android\Android Studio1\jre\bin\zip.dll

dbghelp: loaded successfully - version: 4.0.5 - missing functions: none
symbol engine: initialized successfully - sym options: 0x614 - pdb path: .;C:\Program Files\Android\Android Studio1\jre\bin;C:\Windows\SYSTEM32;C:\Windows\WinSxS\amd64_microsoft.windows.common-controls_6595b64144ccf1df_6.0.19041.1110_none_60b5254171f9507e;C:\Program Files\Android\Android Studio1\jre\bin\server

VM Arguments:
java_command: org.jetbrains.kotlin.cli.jvm.K2JVMCompiler @C:\Users\rafif\AndroidStudioProjects\RecipeApp\app\build\20211126_17909685307946513586.compiler.options
java_class_path (initial): C:\Users\rafif\.gradle\caches\modules-2\files-2.1\org.jetbrains.kotlin\kotlin-compiler-embeddable\1.5.20\1900e8b9aca0a9caffd45b99b36e3720a0a284f8\kotlin-compiler-embeddable-1.5.20.jar;C:\Users\rafif\.gradle\caches\modules-2\files-2.1\org.jetbrains.kotlin\kotlin-reflect\1.5.20\63810951f09a27f7827977f1bc21094042a915e\kotlin-reflect-1.5.20.jar;C:\Users\rafif\.gradle\caches\modules-2\files-2.1\org.jetbrains.kotlin\kotlin-stdlib\1.5.20\9de35cc611bcecec8edce1d56d8e659953806751\kotlin-stdlib-1.5.20.jar;C:\Users\rafif\.gradle\caches\modules-2\files-2.1\org.jetbrains.kotlin\kotlin-script-runtime\1.5.20\4381bb58d37b84d4d1afe55ec35542dd9b77e101\kotlin-script-runtime-1.5.20.jar;C:\Users\rafif\.gradle\caches\modules-2\files-2.1\org.jetbrains.kotlin\kotlin-daemon-embeddable\1.5.20\36c38cda019834dcd2959cc33a12768adcd94256\kotlin-daemon-embeddable-1.5.20.jar;C:\Users\rafif\.gradle\caches\modules-2\files-2.1\org.jetbrains.intellij.deps\trove4j\1.0.20181211\216c2e14b070f334479d800987affe4054cd563f\trove4j-1.0.20181211.jar;C:\Users\rafif\.gradle\caches\modules-2\files-2.1\org.jetbrains\annotations\13.0\919f0dfe192fb4e063e7dacadee7f8bb9a2672a9\annotations-13.0.jar;C:\Users\rafif\.gradle\caches\modules-2\files-2.1\org.jetbrains.kotlin\kotlin-stdlib-common\1.5.20\3d79dbd48bf605f4aac1e7028981a1953e245cbb\kotlin-stdlib-common-1.5.20.jar
Launcher Type: SUN_STANDARD

[Global flags]
     intx CICompilerCount                          = 3                                         {product} {ergonomic}
     uint ConcGCThreads                            = 2                                         {product} {ergonomic}
     uint G1ConcRefinementThreads                  = 6                                         {product} {ergonomic}
   size_t G1HeapRegionSize                         = 1048576                                   {product} {ergonomic}
    uintx GCDrainStackTargetSize                   = 64                                        {product} {ergonomic}
   size_t InitialHeapSize                          = 98566144                                  {product} {ergonomic}
   size_t MarkStackSize                            = 4194304                                   {product} {ergonomic}
   size_t MaxHeapSize                              = 1577058304                                {product} {ergonomic}
   size_t MinHeapDeltaBytes                        = 1048576                                   {product} {ergonomic}
    uintx NonNMethodCodeHeapSize                   = 5830732                                {pd product} {ergonomic}
    uintx NonProfiledCodeHeapSize                  = 122913754                              {pd product} {ergonomic}
    uintx ProfiledCodeHeapSize                     = 122913754                              {pd product} {ergonomic}
    uintx ReservedCodeCacheSize                    = 251658240                              {pd product} {ergonomic}
     bool SegmentedCodeCache                       = true                                      {product} {ergonomic}
     bool UseCompressedClassPointers               = true                                 {lp64_product} {ergonomic}
     bool UseCompressedOops                        = true                                 {lp64_product} {ergonomic}
     bool UseG1GC                                  = true                                      {product} {ergonomic}
     bool UseLargePagesIndividualAllocation        = false                                  {pd product} {ergonomic}

Logging:
Log output configuration:
 #0: stdout all=warning uptime,level,tags
 #1: stderr all=off uptime,level,tags

Environment Variables:
PATH=C:\Windows\system32;C:\Windows;C:\Windows\System32\Wbem;C:\Windows\System32\WindowsPowerShell\v1.0\;C:\Windows\System32\OpenSSH\;C:\Program Files\Git\cmd;C:\Users\rafif\AppData\Local\Microsoft\WindowsApps;;C:\Users\rafif\AppData\Local\Programs\Microsoft VS Code\bin
USERNAME=rafif
OS=Windows_NT
PROCESSOR_IDENTIFIER=AMD64 Family 23 Model 96 Stepping 1, AuthenticAMD



---------------  S Y S T E M  ---------------

OS: Windows 10 , 64 bit Build 19041 (10.0.19041.1348)
OS uptime: 13 days 1:10 hours

CPU:total 6 (initial active 6) (6 cores per cpu, 1 threads per core) family 23 model 96 stepping 1 microcode 0x0, cmov, cx8, fxsr, mmx, sse, sse2, sse3, ssse3, sse4.1, sse4.2, popcnt, avx, avx2, aes, clmul, mmxext, 3dnowpref, lzcnt, sse4a, tsc, tscinvbit, tscinv, bmi1, bmi2, adx, sha, 

Memory: 4k page, system-wide physical 6013M (65M free)
TotalPageFile size 24445M (AvailPageFile size 20M)
current process WorkingSet (physical memory assigned to process): 9M, peak: 9M
current process commit charge ("private bytes"): 55M, peak: 149M

vm_info: OpenJDK 64-Bit Server VM (11.0.10+0-b96-7249189) for windows-amd64 JRE (11.0.10+0-b96-7249189), built on Mar 31 2021 21:44:00 by "builder" with MS VC++ 14.0 (VS2015)

END.
