#
# There is insufficient memory for the Java Runtime Environment to continue.
# Native memory allocation (malloc) failed to allocate 1283696 bytes for Chunk::new
# Possible reasons:
#   The system is out of physical RAM or swap space
#   The process is running with CompressedOops enabled, and the Java Heap may be blocking the growth of the native heap
# Possible solutions:
#   Reduce memory load on the system
#   Increase physical memory or swap space
#   Check if swap backing store is full
#   Decrease Java heap size (-Xmx/-Xms)
#   Decrease number of Java threads
#   Decrease Java thread stack sizes (-Xss)
#   Set larger code cache with -XX:ReservedCodeCacheSize=
#   JVM is running with Unscaled Compressed Oops mode in which the Java heap is
#     placed in the first 4GB address space. The Java Heap base address is the
#     maximum limit for the native heap growth. Please use -XX:HeapBaseMinAddress
#     to set the Java Heap base and to place the Java Heap above 4GB virtual address.
# This output file may be truncated or incomplete.
#
#  Out of Memory Error (./src/hotspot/share/memory/arena.cpp:197), pid=32888, tid=14548
#
# JRE version: OpenJDK Runtime Environment (11.0.10) (build 11.0.10+0-b96-7249189)
# Java VM: OpenJDK 64-Bit Server VM (11.0.10+0-b96-7249189, mixed mode, tiered, compressed oops, g1 gc, windows-amd64)
# No core dump will be written. Minidumps are not enabled by default on client versions of Windows
#

---------------  S U M M A R Y ------------

Command Line: --add-opens=java.base/java.util=ALL-UNNAMED --add-opens=java.base/java.lang=ALL-UNNAMED --add-opens=java.base/java.lang.invoke=ALL-UNNAMED --add-opens=java.base/java.util=ALL-UNNAMED --add-opens=java.prefs/java.util.prefs=ALL-UNNAMED --add-opens=java.prefs/java.util.prefs=ALL-UNNAMED --add-opens=java.base/java.nio.charset=ALL-UNNAMED --add-opens=java.base/java.net=ALL-UNNAMED --add-opens=java.base/java.util.concurrent.atomic=ALL-UNNAMED -Xmx2048m -Dfile.encoding=UTF-8 -Duser.country=ID -Duser.language=en -Duser.variant org.gradle.launcher.daemon.bootstrap.GradleDaemon 7.0.2

Host: AMD Ryzen 5 4500U with Radeon Graphics         , 6 cores, 5G,  Windows 10 , 64 bit Build 19041 (10.0.19041.1348)
Time: Fri Nov 26 10:47:36 2021 SE Asia Standard Time elapsed time: 40.900202 seconds (0d 0h 0m 40s)

---------------  T H R E A D  ---------------

Current thread (0x000002806eb7d000):  JavaThread "C2 CompilerThread0" daemon [_thread_in_native, id=14548, stack(0x000000ce01600000,0x000000ce01700000)]


Current CompileTask:
C2:  40900 15177 %     4       com.android.tools.r8.internal.dk::a @ 1464 (3950 bytes)

Stack: [0x000000ce01600000,0x000000ce01700000]
Native frames: (J=compiled Java code, j=interpreted, Vv=VM code, C=native code)
V  [jvm.dll+0x5ecfaa]
V  [jvm.dll+0x722bd5]
V  [jvm.dll+0x72412d]
V  [jvm.dll+0x7247e3]
V  [jvm.dll+0x242928]
V  [jvm.dll+0xbc4fc]
V  [jvm.dll+0xbca0c]
V  [jvm.dll+0x2b4fd4]
V  [jvm.dll+0x506028]
V  [jvm.dll+0x1fcdfd]
V  [jvm.dll+0x1fa77f]
V  [jvm.dll+0x18354c]
V  [jvm.dll+0x208ee7]
V  [jvm.dll+0x207731]
V  [jvm.dll+0x6eb1cf]
V  [jvm.dll+0x6e3d45]
V  [jvm.dll+0x5ebe96]
C  [ucrtbase.dll+0x21bb2]
C  [KERNEL32.DLL+0x17034]
C  [ntdll.dll+0x52651]


---------------  P R O C E S S  ---------------

Threads class SMR info:
_java_thread_list=0x00000280740c6b00, length=65, elements={
0x0000028052b7a800, 0x000002806eb5a800, 0x000002806eb68000, 0x000002806f502800,
0x000002806eb7b800, 0x000002806eb7c000, 0x000002806eb7d000, 0x000002806eb7e800,
0x000002806eb89800, 0x000002806f630800, 0x0000028070ce8800, 0x0000028070dae800,
0x00000280705ff000, 0x0000028070f93000, 0x0000028070f93800, 0x00000280712ec800,
0x0000028070264000, 0x00000280712f1000, 0x0000028071444000, 0x0000028070ad2000,
0x0000028070ad0800, 0x0000028070acf800, 0x0000028070ad1800, 0x0000028073656800,
0x0000028073653800, 0x0000028073651000, 0x0000028073652000, 0x0000028073656000,
0x0000028073658800, 0x0000028073652800, 0x0000028073654000, 0x0000028073659000,
0x000002807365a000, 0x0000028073655000, 0x000002807365e000, 0x000002807365f000,
0x000002807365f800, 0x000002807365c800, 0x000002807365b800, 0x000002807365d000,
0x0000028073b63000, 0x0000028073b68000, 0x0000028073b68800, 0x0000028073b67000,
0x0000028073b65800, 0x0000028073b69800, 0x0000028073b64800, 0x0000028073b64000,
0x0000028073b6d000, 0x0000028073b6e800, 0x0000028073b70000, 0x0000028073b6a800,
0x0000028073b6b000, 0x0000028073b71000, 0x0000028073b71800, 0x0000028073b6f000,
0x000002807009d000, 0x000002807009c800, 0x000002807009e000, 0x00000280700a0800,
0x00000280700a4800, 0x000002807009f000, 0x00000280700a3800, 0x00000280700a1800,
0x00000280700a5800
}

Java Threads: ( => current thread )
  0x0000028052b7a800 JavaThread "main" [_thread_blocked, id=23260, stack(0x000000ce00a00000,0x000000ce00b00000)]
  0x000002806eb5a800 JavaThread "Reference Handler" daemon [_thread_blocked, id=16288, stack(0x000000ce01100000,0x000000ce01200000)]
  0x000002806eb68000 JavaThread "Finalizer" daemon [_thread_blocked, id=27224, stack(0x000000ce01200000,0x000000ce01300000)]
  0x000002806f502800 JavaThread "Signal Dispatcher" daemon [_thread_blocked, id=30900, stack(0x000000ce01300000,0x000000ce01400000)]
  0x000002806eb7b800 JavaThread "Attach Listener" daemon [_thread_blocked, id=20804, stack(0x000000ce01400000,0x000000ce01500000)]
  0x000002806eb7c000 JavaThread "Service Thread" daemon [_thread_blocked, id=26268, stack(0x000000ce01500000,0x000000ce01600000)]
=>0x000002806eb7d000 JavaThread "C2 CompilerThread0" daemon [_thread_in_native, id=14548, stack(0x000000ce01600000,0x000000ce01700000)]
  0x000002806eb7e800 JavaThread "C1 CompilerThread0" daemon [_thread_blocked, id=14472, stack(0x000000ce01700000,0x000000ce01800000)]
  0x000002806eb89800 JavaThread "Sweeper thread" daemon [_thread_blocked, id=30616, stack(0x000000ce01800000,0x000000ce01900000)]
  0x000002806f630800 JavaThread "Common-Cleaner" daemon [_thread_blocked, id=26164, stack(0x000000ce01900000,0x000000ce01a00000)]
  0x0000028070ce8800 JavaThread "Daemon health stats" [_thread_blocked, id=21908, stack(0x000000ce01c00000,0x000000ce01d00000)]
  0x0000028070dae800 JavaThread "Incoming local TCP Connector on port 64397" [_thread_in_native, id=21840, stack(0x000000ce01d00000,0x000000ce01e00000)]
  0x00000280705ff000 JavaThread "Daemon periodic checks" [_thread_blocked, id=21192, stack(0x000000ce01e00000,0x000000ce01f00000)]
  0x0000028070f93000 JavaThread "Daemon" [_thread_blocked, id=24852, stack(0x000000ce01f00000,0x000000ce02000000)]
  0x0000028070f93800 JavaThread "Handler for socket connection from /127.0.0.1:64397 to /127.0.0.1:64398" [_thread_in_native, id=31156, stack(0x000000ce02000000,0x000000ce02100000)]
  0x00000280712ec800 JavaThread "Cancel handler" [_thread_blocked, id=33244, stack(0x000000ce02100000,0x000000ce02200000)]
  0x0000028070264000 JavaThread "Daemon worker" [_thread_blocked, id=28044, stack(0x000000ce02200000,0x000000ce02300000)]
  0x00000280712f1000 JavaThread "Asynchronous log dispatcher for DefaultDaemonConnection: socket connection from /127.0.0.1:64397 to /127.0.0.1:64398" [_thread_blocked, id=33748, stack(0x000000ce02300000,0x000000ce02400000)]
  0x0000028071444000 JavaThread "Stdin handler" [_thread_blocked, id=15288, stack(0x000000ce02400000,0x000000ce02500000)]
  0x0000028070ad2000 JavaThread "Daemon client event forwarder" [_thread_blocked, id=25592, stack(0x000000ce02500000,0x000000ce02600000)]
  0x0000028070ad0800 JavaThread "Cache worker for file hash cache (C:\Users\rafif\.gradle\caches\7.0.2\fileHashes)" [_thread_blocked, id=27836, stack(0x000000ce02a00000,0x000000ce02b00000)]
  0x0000028070acf800 JavaThread "File lock request listener" [_thread_in_native, id=9428, stack(0x000000ce02b00000,0x000000ce02c00000)]
  0x0000028070ad1800 JavaThread "Cache worker for journal cache (C:\Users\rafif\.gradle\caches\journal-1)" [_thread_blocked, id=25276, stack(0x000000ce02d00000,0x000000ce02e00000)]
  0x0000028073656800 JavaThread "Cache worker for file hash cache (C:\Users\rafif\AndroidStudioProjects\RecipeApp\.gradle\7.0.2\fileHashes)" [_thread_blocked, id=27732, stack(0x000000ce02e00000,0x000000ce02f00000)]
  0x0000028073653800 JavaThread "File watcher server" daemon [_thread_in_native, id=21824, stack(0x000000ce02f00000,0x000000ce03000000)]
  0x0000028073651000 JavaThread "File watcher consumer" daemon [_thread_blocked, id=33348, stack(0x000000ce03000000,0x000000ce03100000)]
  0x0000028073652000 JavaThread "Cache worker for checksums cache (C:\Users\rafif\AndroidStudioProjects\RecipeApp\.gradle\checksums)" [_thread_blocked, id=16684, stack(0x000000ce03100000,0x000000ce03200000)]
  0x0000028073656000 JavaThread "Cache worker for cache directory md-supplier (C:\Users\rafif\.gradle\caches\7.0.2\md-supplier)" [_thread_blocked, id=27824, stack(0x000000ce03200000,0x000000ce03300000)]
  0x0000028073658800 JavaThread "Cache worker for cache directory md-rule (C:\Users\rafif\.gradle\caches\7.0.2\md-rule)" [_thread_blocked, id=33532, stack(0x000000ce03300000,0x000000ce03400000)]
  0x0000028073652800 JavaThread "Cache worker for execution history cache (C:\Users\rafif\.gradle\caches\7.0.2\executionHistory)" [_thread_blocked, id=32860, stack(0x000000ce03400000,0x000000ce03500000)]
  0x0000028073654000 JavaThread "jar transforms" [_thread_blocked, id=7792, stack(0x000000ce03500000,0x000000ce03600000)]
  0x0000028073659000 JavaThread "jar transforms Thread 2" [_thread_blocked, id=30332, stack(0x000000ce03600000,0x000000ce03700000)]
  0x000002807365a000 JavaThread "Cache worker for file content cache (C:\Users\rafif\.gradle\caches\7.0.2\fileContent)" [_thread_blocked, id=24900, stack(0x000000ce03700000,0x000000ce03800000)]
  0x0000028073655000 JavaThread "Cache worker for dependencies-accessors (C:\Users\rafif\AndroidStudioProjects\RecipeApp\.gradle\7.0.2\dependencies-accessors)" [_thread_blocked, id=16916, stack(0x000000ce03800000,0x000000ce03900000)]
  0x000002807365e000 JavaThread "jar transforms Thread 3" [_thread_blocked, id=25552, stack(0x000000ce03900000,0x000000ce03a00000)]
  0x000002807365f000 JavaThread "Cache worker for Build Output Cleanup Cache (C:\Users\rafif\AndroidStudioProjects\RecipeApp\.gradle\buildOutputCleanup)" [_thread_blocked, id=30056, stack(0x000000ce03a00000,0x000000ce03b00000)]
  0x000002807365f800 JavaThread "Build operations" [_thread_blocked, id=23648, stack(0x000000ce03b00000,0x000000ce03c00000)]
  0x000002807365c800 JavaThread "Build operations Thread 2" [_thread_blocked, id=28376, stack(0x000000ce03c00000,0x000000ce03d00000)]
  0x000002807365b800 JavaThread "Build operations Thread 3" [_thread_blocked, id=27984, stack(0x000000ce03d00000,0x000000ce03e00000)]
  0x000002807365d000 JavaThread "Build operations Thread 4" [_thread_blocked, id=13700, stack(0x000000ce03e00000,0x000000ce03f00000)]
  0x0000028073b63000 JavaThread "Build operations Thread 5" [_thread_blocked, id=33408, stack(0x000000ce03f00000,0x000000ce04000000)]
  0x0000028073b68000 JavaThread "Build operations Thread 6" [_thread_blocked, id=848, stack(0x000000ce04000000,0x000000ce04100000)]
  0x0000028073b68800 JavaThread "jar transforms Thread 4" [_thread_blocked, id=2532, stack(0x000000ce04100000,0x000000ce04200000)]
  0x0000028073b67000 JavaThread "jar transforms Thread 5" [_thread_blocked, id=16904, stack(0x000000ce04200000,0x000000ce04300000)]
  0x0000028073b65800 JavaThread "jar transforms Thread 6" [_thread_blocked, id=29312, stack(0x000000ce04300000,0x000000ce04400000)]
  0x0000028073b69800 JavaThread "Memory manager" [_thread_blocked, id=23204, stack(0x000000ce04400000,0x000000ce04500000)]
  0x0000028073b64800 JavaThread "build event listener" [_thread_blocked, id=15204, stack(0x000000ce04500000,0x000000ce04600000)]
  0x0000028073b64000 JavaThread "Execution worker for ':'" [_thread_blocked, id=20564, stack(0x000000ce04600000,0x000000ce04700000)]
  0x0000028073b6d000 JavaThread "Execution worker for ':' Thread 2" [_thread_blocked, id=28636, stack(0x000000ce04700000,0x000000ce04800000)]
  0x0000028073b6e800 JavaThread "Execution worker for ':' Thread 3" [_thread_blocked, id=23992, stack(0x000000ce04800000,0x000000ce04900000)]
  0x0000028073b70000 JavaThread "Execution worker for ':' Thread 4" [_thread_blocked, id=16316, stack(0x000000ce04900000,0x000000ce04a00000)]
  0x0000028073b6a800 JavaThread "Execution worker for ':' Thread 5" [_thread_blocked, id=33336, stack(0x000000ce04a00000,0x000000ce04b00000)]
  0x0000028073b6b000 JavaThread "Cache worker for execution history cache (C:\Users\rafif\AndroidStudioProjects\RecipeApp\.gradle\7.0.2\executionHistory)" [_thread_blocked, id=33180, stack(0x000000ce04b00000,0x000000ce04c00000)]
  0x0000028073b71000 JavaThread "WorkerExecutor Queue" [_thread_blocked, id=18556, stack(0x000000ce04c00000,0x000000ce04d00000)]
  0x0000028073b71800 JavaThread "WorkerExecutor Queue Thread 3" [_thread_blocked, id=13612, stack(0x000000ce04e00000,0x000000ce04f00000)]
  0x0000028073b6f000 JavaThread "WorkerExecutor Queue Thread 4" [_thread_blocked, id=29244, stack(0x000000ce04f00000,0x000000ce05000000)]
  0x000002807009d000 JavaThread "pool-3-thread-1" [_thread_blocked, id=21348, stack(0x000000ce05300000,0x000000ce05400000)]
  0x000002807009c800 JavaThread "ForkJoinPool-1-worker-3" daemon [_thread_in_Java, id=20336, stack(0x000000ce04d00000,0x000000ce04e00000)]
  0x000002807009e000 JavaThread "ForkJoinPool-1-worker-5" daemon [_thread_blocked, id=19620, stack(0x000000ce05000000,0x000000ce05100000)]
  0x00000280700a0800 JavaThread "ForkJoinPool-1-worker-7" daemon [_thread_blocked, id=25608, stack(0x000000ce05100000,0x000000ce05200000)]
  0x00000280700a4800 JavaThread "ForkJoinPool-1-worker-9" daemon [_thread_blocked, id=17412, stack(0x000000ce05200000,0x000000ce05300000)]
  0x000002807009f000 JavaThread "ForkJoinPool-1-worker-11" daemon [_thread_blocked, id=21560, stack(0x000000ce05400000,0x000000ce05500000)]
  0x00000280700a3800 JavaThread "ForkJoinPool-1-worker-13" daemon [_thread_blocked, id=27108, stack(0x000000ce05500000,0x000000ce05600000)]
  0x00000280700a1800 JavaThread "stderr" [_thread_in_native, id=21872, stack(0x000000ce05a00000,0x000000ce05b00000)]
  0x00000280700a5800 JavaThread "stdout" [_thread_in_native, id=27428, stack(0x000000ce05b00000,0x000000ce05c00000)]

Other Threads:
  0x0000028052c5e800 VMThread "VM Thread" [stack: 0x000000ce01000000,0x000000ce01100000] [id=8928]
  0x000002806f6a8000 WatcherThread [stack: 0x000000ce01a00000,0x000000ce01b00000] [id=18996]
  0x0000028052b92800 GCTaskThread "GC Thread#0" [stack: 0x000000ce00b00000,0x000000ce00c00000] [id=3344]
  0x000002807014e800 GCTaskThread "GC Thread#1" [stack: 0x000000ce01b00000,0x000000ce01c00000] [id=25772]
  0x0000028070190800 GCTaskThread "GC Thread#2" [stack: 0x000000ce02600000,0x000000ce02700000] [id=27372]
  0x00000280701a8800 GCTaskThread "GC Thread#3" [stack: 0x000000ce02700000,0x000000ce02800000] [id=22844]
  0x000002806ff37000 GCTaskThread "GC Thread#4" [stack: 0x000000ce02800000,0x000000ce02900000] [id=21580]
  0x0000028070abe800 GCTaskThread "GC Thread#5" [stack: 0x000000ce02900000,0x000000ce02a00000] [id=33060]
  0x0000028052bc6000 ConcurrentGCThread "G1 Main Marker" [stack: 0x000000ce00c00000,0x000000ce00d00000] [id=28312]
  0x0000028052bc8000 ConcurrentGCThread "G1 Conc#0" [stack: 0x000000ce00d00000,0x000000ce00e00000] [id=33164]
  0x0000028071089800 ConcurrentGCThread "G1 Conc#1" [stack: 0x000000ce02c00000,0x000000ce02d00000] [id=13140]
  0x0000028052c33800 ConcurrentGCThread "G1 Refine#0" [stack: 0x000000ce00e00000,0x000000ce00f00000] [id=31328]
  0x0000028078706000 ConcurrentGCThread "G1 Refine#1" [stack: 0x000000ce05800000,0x000000ce05900000] [id=11680]
  0x0000028071c24800 ConcurrentGCThread "G1 Refine#2" [stack: 0x000000ce05900000,0x000000ce05a00000] [id=24944]
  0x0000028052c34800 ConcurrentGCThread "G1 Young RemSet Sampling" [stack: 0x000000ce00f00000,0x000000ce01000000] [id=5980]

Threads with active compile tasks:
C2 CompilerThread0  40942 15177 %     4       com.android.tools.r8.internal.dk::a @ 1464 (3950 bytes)

VM state:not at safepoint (normal execution)

VM Mutex/Monitor currently owned by a thread: None

Heap address: 0x0000000080000000, size: 2048 MB, Compressed Oops mode: 32-bit
Narrow klass base: 0x0000000000000000, Narrow klass shift: 3
Compressed class space size: 1073741824 Address: 0x0000000100000000

Heap:
 garbage-first heap   total 296960K, used 246242K [0x0000000080000000, 0x0000000100000000)
  region size 1024K, 41 young (41984K), 1 survivors (1024K)
 Metaspace       used 107603K, capacity 110088K, committed 110380K, reserved 1144832K
  class space    used 13724K, capacity 14646K, committed 14720K, reserved 1048576K
Heap Regions: E=young(eden), S=young(survivor), O=old, HS=humongous(starts), HC=humongous(continues), CS=collection set, F=free, A=archive, TAMS=top-at-mark-start (previous, next)
|   0|0x0000000080000000, 0x0000000080100000, 0x0000000080100000|100%| O|  |TAMS 0x0000000080100000, 0x0000000080000000| Untracked 
|   1|0x0000000080100000, 0x0000000080200000, 0x0000000080200000|100%| O|  |TAMS 0x0000000080200000, 0x0000000080100000| Untracked 
|   2|0x0000000080200000, 0x0000000080300000, 0x0000000080300000|100%| O|  |TAMS 0x0000000080300000, 0x0000000080200000| Untracked 
|   3|0x0000000080300000, 0x0000000080400000, 0x0000000080400000|100%|HS|  |TAMS 0x0000000080400000, 0x0000000080300000| Complete 
|   4|0x0000000080400000, 0x0000000080500000, 0x0000000080500000|100%|HC|  |TAMS 0x0000000080500000, 0x0000000080400000| Complete 
|   5|0x0000000080500000, 0x0000000080600000, 0x0000000080600000|100%|HC|  |TAMS 0x0000000080600000, 0x0000000080500000| Complete 
|   6|0x0000000080600000, 0x0000000080700000, 0x0000000080700000|100%| O|  |TAMS 0x0000000080700000, 0x0000000080600000| Untracked 
|   7|0x0000000080700000, 0x0000000080800000, 0x0000000080800000|100%| O|  |TAMS 0x0000000080800000, 0x0000000080700000| Untracked 
|   8|0x0000000080800000, 0x0000000080900000, 0x0000000080900000|100%| O|  |TAMS 0x0000000080900000, 0x0000000080800000| Untracked 
|   9|0x0000000080900000, 0x0000000080a00000, 0x0000000080a00000|100%| O|  |TAMS 0x0000000080a00000, 0x0000000080900000| Untracked 
|  10|0x0000000080a00000, 0x0000000080b00000, 0x0000000080b00000|100%| O|  |TAMS 0x0000000080b00000, 0x0000000080a00000| Untracked 
|  11|0x0000000080b00000, 0x0000000080c00000, 0x0000000080c00000|100%| O|  |TAMS 0x0000000080c00000, 0x0000000080b00000| Untracked 
|  12|0x0000000080c00000, 0x0000000080d00000, 0x0000000080d00000|100%| O|  |TAMS 0x0000000080d00000, 0x0000000080c00000| Untracked 
|  13|0x0000000080d00000, 0x0000000080e00000, 0x0000000080e00000|100%| O|  |TAMS 0x0000000080e00000, 0x0000000080d00000| Untracked 
|  14|0x0000000080e00000, 0x0000000080f00000, 0x0000000080f00000|100%| O|  |TAMS 0x0000000080f00000, 0x0000000080e00000| Untracked 
|  15|0x0000000080f00000, 0x0000000081000000, 0x0000000081000000|100%| O|  |TAMS 0x0000000081000000, 0x0000000080f00000| Untracked 
|  16|0x0000000081000000, 0x0000000081100000, 0x0000000081100000|100%| O|  |TAMS 0x0000000081100000, 0x0000000081000000| Untracked 
|  17|0x0000000081100000, 0x0000000081200000, 0x0000000081200000|100%| O|  |TAMS 0x0000000081200000, 0x0000000081100000| Untracked 
|  18|0x0000000081200000, 0x0000000081300000, 0x0000000081300000|100%| O|  |TAMS 0x0000000081300000, 0x0000000081200000| Untracked 
|  19|0x0000000081300000, 0x0000000081400000, 0x0000000081400000|100%| O|  |TAMS 0x0000000081400000, 0x0000000081300000| Untracked 
|  20|0x0000000081400000, 0x0000000081500000, 0x0000000081500000|100%| O|  |TAMS 0x0000000081500000, 0x0000000081400000| Untracked 
|  21|0x0000000081500000, 0x0000000081600000, 0x0000000081600000|100%| O|  |TAMS 0x0000000081600000, 0x0000000081500000| Untracked 
|  22|0x0000000081600000, 0x0000000081700000, 0x0000000081700000|100%| O|  |TAMS 0x0000000081700000, 0x0000000081600000| Untracked 
|  23|0x0000000081700000, 0x0000000081800000, 0x0000000081800000|100%| O|  |TAMS 0x0000000081800000, 0x0000000081700000| Untracked 
|  24|0x0000000081800000, 0x0000000081900000, 0x0000000081900000|100%| O|  |TAMS 0x0000000081900000, 0x0000000081800000| Untracked 
|  25|0x0000000081900000, 0x0000000081a00000, 0x0000000081a00000|100%| O|  |TAMS 0x0000000081a00000, 0x0000000081900000| Untracked 
|  26|0x0000000081a00000, 0x0000000081b00000, 0x0000000081b00000|100%|HS|  |TAMS 0x0000000081b00000, 0x0000000081a00000| Complete 
|  27|0x0000000081b00000, 0x0000000081c00000, 0x0000000081c00000|100%|HS|  |TAMS 0x0000000081c00000, 0x0000000081b00000| Complete 
|  28|0x0000000081c00000, 0x0000000081d00000, 0x0000000081d00000|100%|HS|  |TAMS 0x0000000081d00000, 0x0000000081c00000| Complete 
|  29|0x0000000081d00000, 0x0000000081e00000, 0x0000000081e00000|100%|HS|  |TAMS 0x0000000081e00000, 0x0000000081d00000| Complete 
|  30|0x0000000081e00000, 0x0000000081f00000, 0x0000000081f00000|100%|HC|  |TAMS 0x0000000081f00000, 0x0000000081e00000| Complete 
|  31|0x0000000081f00000, 0x0000000082000000, 0x0000000082000000|100%|HC|  |TAMS 0x0000000082000000, 0x0000000081f00000| Complete 
|  32|0x0000000082000000, 0x0000000082100000, 0x0000000082100000|100%|HS|  |TAMS 0x0000000082100000, 0x0000000082000000| Complete 
|  33|0x0000000082100000, 0x0000000082200000, 0x0000000082200000|100%|HC|  |TAMS 0x0000000082200000, 0x0000000082100000| Complete 
|  34|0x0000000082200000, 0x0000000082300000, 0x0000000082300000|100%| O|  |TAMS 0x0000000082300000, 0x0000000082200000| Untracked 
|  35|0x0000000082300000, 0x0000000082400000, 0x0000000082400000|100%| O|  |TAMS 0x0000000082400000, 0x0000000082300000| Untracked 
|  36|0x0000000082400000, 0x0000000082500000, 0x0000000082500000|100%| O|  |TAMS 0x0000000082500000, 0x0000000082400000| Untracked 
|  37|0x0000000082500000, 0x0000000082600000, 0x0000000082600000|100%| O|  |TAMS 0x0000000082600000, 0x0000000082500000| Untracked 
|  38|0x0000000082600000, 0x0000000082700000, 0x0000000082700000|100%| O|  |TAMS 0x0000000082700000, 0x0000000082600000| Untracked 
|  39|0x0000000082700000, 0x0000000082800000, 0x0000000082800000|100%| O|  |TAMS 0x0000000082800000, 0x0000000082700000| Untracked 
|  40|0x0000000082800000, 0x0000000082900000, 0x0000000082900000|100%| O|  |TAMS 0x0000000082900000, 0x0000000082800000| Untracked 
|  41|0x0000000082900000, 0x0000000082a00000, 0x0000000082a00000|100%| O|  |TAMS 0x0000000082a00000, 0x0000000082900000| Untracked 
|  42|0x0000000082a00000, 0x0000000082b00000, 0x0000000082b00000|100%| O|  |TAMS 0x0000000082b00000, 0x0000000082a00000| Untracked 
|  43|0x0000000082b00000, 0x0000000082c00000, 0x0000000082c00000|100%| O|  |TAMS 0x0000000082c00000, 0x0000000082b00000| Untracked 
|  44|0x0000000082c00000, 0x0000000082d00000, 0x0000000082d00000|100%| O|  |TAMS 0x0000000082d00000, 0x0000000082c00000| Untracked 
|  45|0x0000000082d00000, 0x0000000082e00000, 0x0000000082e00000|100%| O|  |TAMS 0x0000000082e00000, 0x0000000082d00000| Untracked 
|  46|0x0000000082e00000, 0x0000000082f00000, 0x0000000082f00000|100%| O|  |TAMS 0x0000000082f00000, 0x0000000082e00000| Untracked 
|  47|0x0000000082f00000, 0x0000000083000000, 0x0000000083000000|100%| O|  |TAMS 0x0000000083000000, 0x0000000082f00000| Untracked 
|  48|0x0000000083000000, 0x0000000083100000, 0x0000000083100000|100%| O|  |TAMS 0x0000000083100000, 0x0000000083000000| Untracked 
|  49|0x0000000083100000, 0x0000000083200000, 0x0000000083200000|100%| O|  |TAMS 0x0000000083200000, 0x0000000083100000| Untracked 
|  50|0x0000000083200000, 0x0000000083300000, 0x0000000083300000|100%| O|  |TAMS 0x0000000083300000, 0x0000000083200000| Untracked 
|  51|0x0000000083300000, 0x0000000083400000, 0x0000000083400000|100%| O|  |TAMS 0x0000000083400000, 0x0000000083300000| Untracked 
|  52|0x0000000083400000, 0x0000000083500000, 0x0000000083500000|100%| O|  |TAMS 0x0000000083500000, 0x0000000083400000| Untracked 
|  53|0x0000000083500000, 0x0000000083600000, 0x0000000083600000|100%| O|  |TAMS 0x0000000083600000, 0x0000000083500000| Untracked 
|  54|0x0000000083600000, 0x0000000083700000, 0x0000000083700000|100%| O|  |TAMS 0x0000000083700000, 0x0000000083600000| Untracked 
|  55|0x0000000083700000, 0x0000000083800000, 0x0000000083800000|100%| O|  |TAMS 0x0000000083800000, 0x0000000083700000| Untracked 
|  56|0x0000000083800000, 0x0000000083900000, 0x0000000083900000|100%| O|  |TAMS 0x0000000083900000, 0x0000000083800000| Untracked 
|  57|0x0000000083900000, 0x0000000083a00000, 0x0000000083a00000|100%| O|  |TAMS 0x0000000083a00000, 0x0000000083900000| Untracked 
|  58|0x0000000083a00000, 0x0000000083b00000, 0x0000000083b00000|100%| O|  |TAMS 0x0000000083b00000, 0x0000000083a00000| Untracked 
|  59|0x0000000083b00000, 0x0000000083c00000, 0x0000000083c00000|100%| O|  |TAMS 0x0000000083c00000, 0x0000000083b00000| Untracked 
|  60|0x0000000083c00000, 0x0000000083d00000, 0x0000000083d00000|100%| O|  |TAMS 0x0000000083d00000, 0x0000000083c00000| Untracked 
|  61|0x0000000083d00000, 0x0000000083e00000, 0x0000000083e00000|100%| O|  |TAMS 0x0000000083e00000, 0x0000000083d00000| Untracked 
|  62|0x0000000083e00000, 0x0000000083f00000, 0x0000000083f00000|100%| O|  |TAMS 0x0000000083f00000, 0x0000000083e00000| Untracked 
|  63|0x0000000083f00000, 0x0000000084000000, 0x0000000084000000|100%| O|  |TAMS 0x0000000084000000, 0x0000000083f00000| Untracked 
|  64|0x0000000084000000, 0x0000000084100000, 0x0000000084100000|100%|HS|  |TAMS 0x0000000084100000, 0x0000000084000000| Complete 
|  65|0x0000000084100000, 0x0000000084200000, 0x0000000084200000|100%| O|  |TAMS 0x0000000084200000, 0x0000000084100000| Untracked 
|  66|0x0000000084200000, 0x0000000084300000, 0x0000000084300000|100%| O|  |TAMS 0x0000000084300000, 0x0000000084200000| Untracked 
|  67|0x0000000084300000, 0x0000000084400000, 0x0000000084400000|100%| O|  |TAMS 0x0000000084400000, 0x0000000084300000| Untracked 
|  68|0x0000000084400000, 0x0000000084500000, 0x0000000084500000|100%| O|  |TAMS 0x0000000084500000, 0x0000000084400000| Untracked 
|  69|0x0000000084500000, 0x0000000084600000, 0x0000000084600000|100%| O|  |TAMS 0x0000000084600000, 0x0000000084500000| Untracked 
|  70|0x0000000084600000, 0x0000000084700000, 0x0000000084700000|100%| O|  |TAMS 0x0000000084700000, 0x0000000084600000| Untracked 
|  71|0x0000000084700000, 0x0000000084800000, 0x0000000084800000|100%| O|  |TAMS 0x0000000084800000, 0x0000000084700000| Untracked 
|  72|0x0000000084800000, 0x0000000084900000, 0x0000000084900000|100%| O|  |TAMS 0x0000000084900000, 0x0000000084800000| Untracked 
|  73|0x0000000084900000, 0x0000000084a00000, 0x0000000084a00000|100%| O|  |TAMS 0x0000000084a00000, 0x0000000084900000| Untracked 
|  74|0x0000000084a00000, 0x0000000084b00000, 0x0000000084b00000|100%|HS|  |TAMS 0x0000000084a00000, 0x0000000084a00000| Complete 
|  75|0x0000000084b00000, 0x0000000084c00000, 0x0000000084c00000|100%|HS|  |TAMS 0x0000000084c00000, 0x0000000084b00000| Complete 
|  76|0x0000000084c00000, 0x0000000084d00000, 0x0000000084d00000|100%|HS|  |TAMS 0x0000000084d00000, 0x0000000084c00000| Complete 
|  77|0x0000000084d00000, 0x0000000084e00000, 0x0000000084e00000|100%|HS|  |TAMS 0x0000000084d00000, 0x0000000084d00000| Complete 
|  78|0x0000000084e00000, 0x0000000084f00000, 0x0000000084f00000|100%|HS|  |TAMS 0x0000000084e00000, 0x0000000084e00000| Complete 
|  79|0x0000000084f00000, 0x0000000085000000, 0x0000000085000000|100%|HC|  |TAMS 0x0000000084f00000, 0x0000000084f00000| Complete 
|  80|0x0000000085000000, 0x0000000085100000, 0x0000000085100000|100%|HS|  |TAMS 0x0000000085000000, 0x0000000085000000| Complete 
|  81|0x0000000085100000, 0x0000000085200000, 0x0000000085200000|100%| O|  |TAMS 0x0000000085200000, 0x0000000085100000| Untracked 
|  82|0x0000000085200000, 0x0000000085300000, 0x0000000085300000|100%|HS|  |TAMS 0x0000000085200000, 0x0000000085200000| Complete 
|  83|0x0000000085300000, 0x0000000085400000, 0x0000000085400000|100%|HS|  |TAMS 0x0000000085300000, 0x0000000085300000| Complete 
|  84|0x0000000085400000, 0x0000000085500000, 0x0000000085500000|100%| O|  |TAMS 0x0000000085500000, 0x0000000085400000| Untracked 
|  85|0x0000000085500000, 0x0000000085600000, 0x0000000085600000|100%|HS|  |TAMS 0x0000000085500000, 0x0000000085500000| Complete 
|  86|0x0000000085600000, 0x0000000085700000, 0x0000000085700000|100%|HC|  |TAMS 0x0000000085600000, 0x0000000085600000| Complete 
|  87|0x0000000085700000, 0x0000000085800000, 0x0000000085800000|100%| O|  |TAMS 0x0000000085800000, 0x0000000085700000| Untracked 
|  88|0x0000000085800000, 0x0000000085900000, 0x0000000085900000|100%| O|  |TAMS 0x0000000085900000, 0x0000000085800000| Untracked 
|  89|0x0000000085900000, 0x0000000085a00000, 0x0000000085a00000|100%| O|  |TAMS 0x0000000085a00000, 0x0000000085900000| Untracked 
|  90|0x0000000085a00000, 0x0000000085b00000, 0x0000000085b00000|100%| O|  |TAMS 0x0000000085b00000, 0x0000000085a00000| Untracked 
|  91|0x0000000085b00000, 0x0000000085c00000, 0x0000000085c00000|100%| O|  |TAMS 0x0000000085c00000, 0x0000000085b00000| Untracked 
|  92|0x0000000085c00000, 0x0000000085d00000, 0x0000000085d00000|100%| O|  |TAMS 0x0000000085d00000, 0x0000000085c00000| Untracked 
|  93|0x0000000085d00000, 0x0000000085e00000, 0x0000000085e00000|100%|HS|  |TAMS 0x0000000085e00000, 0x0000000085d00000| Complete 
|  94|0x0000000085e00000, 0x0000000085f00000, 0x0000000085f00000|100%|HC|  |TAMS 0x0000000085f00000, 0x0000000085e00000| Complete 
|  95|0x0000000085f00000, 0x0000000086000000, 0x0000000086000000|100%|HS|  |TAMS 0x0000000086000000, 0x0000000085f00000| Complete 
|  96|0x0000000086000000, 0x0000000086100000, 0x0000000086100000|100%|HC|  |TAMS 0x0000000086100000, 0x0000000086000000| Complete 
|  97|0x0000000086100000, 0x0000000086200000, 0x0000000086200000|100%|HS|  |TAMS 0x0000000086200000, 0x0000000086100000| Complete 
|  98|0x0000000086200000, 0x0000000086300000, 0x0000000086300000|100%|HS|  |TAMS 0x0000000086300000, 0x0000000086200000| Complete 
|  99|0x0000000086300000, 0x0000000086400000, 0x0000000086400000|100%|HS|  |TAMS 0x0000000086400000, 0x0000000086300000| Complete 
| 100|0x0000000086400000, 0x0000000086500000, 0x0000000086500000|100%|HS|  |TAMS 0x0000000086500000, 0x0000000086400000| Complete 
| 101|0x0000000086500000, 0x0000000086600000, 0x0000000086600000|100%|HC|  |TAMS 0x0000000086600000, 0x0000000086500000| Complete 
| 102|0x0000000086600000, 0x0000000086700000, 0x0000000086700000|100%|HC|  |TAMS 0x0000000086700000, 0x0000000086600000| Complete 
| 103|0x0000000086700000, 0x0000000086800000, 0x0000000086800000|100%| O|  |TAMS 0x0000000086800000, 0x0000000086700000| Untracked 
| 104|0x0000000086800000, 0x0000000086900000, 0x0000000086900000|100%| O|  |TAMS 0x0000000086900000, 0x0000000086800000| Untracked 
| 105|0x0000000086900000, 0x0000000086a00000, 0x0000000086a00000|100%| O|  |TAMS 0x0000000086a00000, 0x0000000086900000| Untracked 
| 106|0x0000000086a00000, 0x0000000086b00000, 0x0000000086b00000|100%| O|  |TAMS 0x0000000086b00000, 0x0000000086a00000| Untracked 
| 107|0x0000000086b00000, 0x0000000086c00000, 0x0000000086c00000|100%|HS|  |TAMS 0x0000000086b00000, 0x0000000086b00000| Complete 
| 108|0x0000000086c00000, 0x0000000086d00000, 0x0000000086d00000|100%| O|  |TAMS 0x0000000086d00000, 0x0000000086c00000| Untracked 
| 109|0x0000000086d00000, 0x0000000086e00000, 0x0000000086e00000|100%| O|  |TAMS 0x0000000086e00000, 0x0000000086d00000| Untracked 
| 110|0x0000000086e00000, 0x0000000086f00000, 0x0000000086f00000|100%|HS|  |TAMS 0x0000000086e00000, 0x0000000086e00000| Complete 
| 111|0x0000000086f00000, 0x0000000087000000, 0x0000000087000000|100%| O|  |TAMS 0x0000000086f00000, 0x0000000086f00000| Untracked 
| 112|0x0000000087000000, 0x0000000087100000, 0x0000000087100000|100%| O|  |TAMS 0x0000000087100000, 0x0000000087000000| Untracked 
| 113|0x0000000087100000, 0x0000000087200000, 0x0000000087200000|100%| O|  |TAMS 0x0000000087200000, 0x0000000087100000| Untracked 
| 114|0x0000000087200000, 0x0000000087300000, 0x0000000087300000|100%| O|  |TAMS 0x0000000087200000, 0x0000000087200000| Untracked 
| 115|0x0000000087300000, 0x0000000087400000, 0x0000000087400000|100%| O|  |TAMS 0x0000000087300000, 0x0000000087300000| Untracked 
| 116|0x0000000087400000, 0x0000000087500000, 0x0000000087500000|100%| O|  |TAMS 0x0000000087500000, 0x0000000087400000| Untracked 
| 117|0x0000000087500000, 0x0000000087600000, 0x0000000087600000|100%| O|  |TAMS 0x0000000087500000, 0x0000000087500000| Untracked 
| 118|0x0000000087600000, 0x0000000087700000, 0x0000000087700000|100%| O|  |TAMS 0x0000000087700000, 0x0000000087600000| Untracked 
| 119|0x0000000087700000, 0x0000000087800000, 0x0000000087800000|100%| O|  |TAMS 0x0000000087700000, 0x0000000087700000| Untracked 
| 120|0x0000000087800000, 0x0000000087900000, 0x0000000087900000|100%| O|  |TAMS 0x0000000087900000, 0x0000000087800000| Untracked 
| 121|0x0000000087900000, 0x0000000087a00000, 0x0000000087a00000|100%|HS|  |TAMS 0x0000000087900000, 0x0000000087900000| Complete 
| 122|0x0000000087a00000, 0x0000000087b00000, 0x0000000087b00000|100%| O|  |TAMS 0x0000000087b00000, 0x0000000087a00000| Untracked 
| 123|0x0000000087b00000, 0x0000000087c00000, 0x0000000087c00000|100%|HS|  |TAMS 0x0000000087b00000, 0x0000000087b00000| Complete 
| 124|0x0000000087c00000, 0x0000000087c00000, 0x0000000087d00000|  0%| F|  |TAMS 0x0000000087c00000, 0x0000000087c00000| Untracked 
| 125|0x0000000087d00000, 0x0000000087d00000, 0x0000000087e00000|  0%| F|  |TAMS 0x0000000087d00000, 0x0000000087d00000| Untracked 
| 126|0x0000000087e00000, 0x0000000087e00000, 0x0000000087f00000|  0%| F|  |TAMS 0x0000000087e00000, 0x0000000087e00000| Untracked 
| 127|0x0000000087f00000, 0x0000000088000000, 0x0000000088000000|100%|HS|  |TAMS 0x0000000087f00000, 0x0000000087f00000| Complete 
| 128|0x0000000088000000, 0x0000000088100000, 0x0000000088100000|100%|HC|  |TAMS 0x0000000088000000, 0x0000000088000000| Complete 
| 129|0x0000000088100000, 0x0000000088200000, 0x0000000088200000|100%|HS|  |TAMS 0x0000000088100000, 0x0000000088100000| Complete 
| 130|0x0000000088200000, 0x0000000088300000, 0x0000000088300000|100%| O|  |TAMS 0x0000000088300000, 0x0000000088200000| Untracked 
| 131|0x0000000088300000, 0x0000000088400000, 0x0000000088400000|100%| O|  |TAMS 0x0000000088400000, 0x0000000088300000| Untracked 
| 132|0x0000000088400000, 0x0000000088500000, 0x0000000088500000|100%| O|  |TAMS 0x0000000088500000, 0x0000000088400000| Untracked 
| 133|0x0000000088500000, 0x0000000088600000, 0x0000000088600000|100%| O|  |TAMS 0x0000000088600000, 0x0000000088500000| Untracked 
| 134|0x0000000088600000, 0x0000000088700000, 0x0000000088700000|100%| O|  |TAMS 0x0000000088700000, 0x0000000088600000| Untracked 
| 135|0x0000000088700000, 0x0000000088800000, 0x0000000088800000|100%| O|  |TAMS 0x0000000088800000, 0x0000000088700000| Untracked 
| 136|0x0000000088800000, 0x0000000088900000, 0x0000000088900000|100%| O|  |TAMS 0x0000000088900000, 0x0000000088800000| Untracked 
| 137|0x0000000088900000, 0x0000000088a00000, 0x0000000088a00000|100%| O|  |TAMS 0x0000000088a00000, 0x0000000088900000| Untracked 
| 138|0x0000000088a00000, 0x0000000088b00000, 0x0000000088b00000|100%| O|  |TAMS 0x0000000088b00000, 0x0000000088a00000| Untracked 
| 139|0x0000000088b00000, 0x0000000088c00000, 0x0000000088c00000|100%| O|  |TAMS 0x0000000088c00000, 0x0000000088b00000| Untracked 
| 140|0x0000000088c00000, 0x0000000088d00000, 0x0000000088d00000|100%| O|  |TAMS 0x0000000088d00000, 0x0000000088c00000| Untracked 
| 141|0x0000000088d00000, 0x0000000088e00000, 0x0000000088e00000|100%| O|  |TAMS 0x0000000088e00000, 0x0000000088d00000| Untracked 
| 142|0x0000000088e00000, 0x0000000088f00000, 0x0000000088f00000|100%| O|  |TAMS 0x0000000088f00000, 0x0000000088e00000| Untracked 
| 143|0x0000000088f00000, 0x0000000089000000, 0x0000000089000000|100%| O|  |TAMS 0x0000000089000000, 0x0000000088f00000| Untracked 
| 144|0x0000000089000000, 0x0000000089100000, 0x0000000089100000|100%| O|  |TAMS 0x0000000089100000, 0x0000000089000000| Untracked 
| 145|0x0000000089100000, 0x0000000089200000, 0x0000000089200000|100%| O|  |TAMS 0x0000000089200000, 0x0000000089100000| Untracked 
| 146|0x0000000089200000, 0x0000000089300000, 0x0000000089300000|100%| O|  |TAMS 0x0000000089300000, 0x0000000089200000| Untracked 
| 147|0x0000000089300000, 0x0000000089300000, 0x0000000089400000|  0%| F|  |TAMS 0x0000000089300000, 0x0000000089300000| Untracked 
| 148|0x0000000089400000, 0x0000000089500000, 0x0000000089500000|100%| O|  |TAMS 0x0000000089500000, 0x0000000089400000| Untracked 
| 149|0x0000000089500000, 0x0000000089600000, 0x0000000089600000|100%| O|  |TAMS 0x0000000089600000, 0x0000000089500000| Untracked 
| 150|0x0000000089600000, 0x0000000089700000, 0x0000000089700000|100%| O|  |TAMS 0x0000000089700000, 0x0000000089600000| Untracked 
| 151|0x0000000089700000, 0x0000000089800000, 0x0000000089800000|100%| O|  |TAMS 0x0000000089800000, 0x0000000089700000| Untracked 
| 152|0x0000000089800000, 0x0000000089900000, 0x0000000089900000|100%| O|  |TAMS 0x0000000089900000, 0x0000000089800000| Untracked 
| 153|0x0000000089900000, 0x0000000089a00000, 0x0000000089a00000|100%| O|  |TAMS 0x0000000089a00000, 0x0000000089900000| Untracked 
| 154|0x0000000089a00000, 0x0000000089a00000, 0x0000000089b00000|  0%| F|  |TAMS 0x0000000089a00000, 0x0000000089a00000| Untracked 
| 155|0x0000000089b00000, 0x0000000089c00000, 0x0000000089c00000|100%| O|  |TAMS 0x0000000089c00000, 0x0000000089b00000| Untracked 
| 156|0x0000000089c00000, 0x0000000089d00000, 0x0000000089d00000|100%| O|  |TAMS 0x0000000089d00000, 0x0000000089c00000| Untracked 
| 157|0x0000000089d00000, 0x0000000089d00000, 0x0000000089e00000|  0%| F|  |TAMS 0x0000000089d00000, 0x0000000089d00000| Untracked 
| 158|0x0000000089e00000, 0x0000000089e00000, 0x0000000089f00000|  0%| F|  |TAMS 0x0000000089e00000, 0x0000000089e00000| Untracked 
| 159|0x0000000089f00000, 0x000000008a000000, 0x000000008a000000|100%| O|  |TAMS 0x000000008a000000, 0x0000000089f00000| Untracked 
| 160|0x000000008a000000, 0x000000008a100000, 0x000000008a100000|100%| O|  |TAMS 0x000000008a100000, 0x000000008a000000| Untracked 
| 161|0x000000008a100000, 0x000000008a200000, 0x000000008a200000|100%| O|  |TAMS 0x000000008a200000, 0x000000008a100000| Untracked 
| 162|0x000000008a200000, 0x000000008a300000, 0x000000008a300000|100%| O|  |TAMS 0x000000008a300000, 0x000000008a200000| Untracked 
| 163|0x000000008a300000, 0x000000008a400000, 0x000000008a400000|100%| O|  |TAMS 0x000000008a400000, 0x000000008a300000| Untracked 
| 164|0x000000008a400000, 0x000000008a500000, 0x000000008a500000|100%| O|  |TAMS 0x000000008a500000, 0x000000008a400000| Untracked 
| 165|0x000000008a500000, 0x000000008a600000, 0x000000008a600000|100%| O|  |TAMS 0x000000008a600000, 0x000000008a500000| Untracked 
| 166|0x000000008a600000, 0x000000008a700000, 0x000000008a700000|100%| O|  |TAMS 0x000000008a700000, 0x000000008a600000| Untracked 
| 167|0x000000008a700000, 0x000000008a800000, 0x000000008a800000|100%| O|  |TAMS 0x000000008a800000, 0x000000008a700000| Untracked 
| 168|0x000000008a800000, 0x000000008a900000, 0x000000008a900000|100%| O|  |TAMS 0x000000008a900000, 0x000000008a800000| Untracked 
| 169|0x000000008a900000, 0x000000008aa00000, 0x000000008aa00000|100%| O|  |TAMS 0x000000008aa00000, 0x000000008a900000| Untracked 
| 170|0x000000008aa00000, 0x000000008ab00000, 0x000000008ab00000|100%| O|  |TAMS 0x000000008ab00000, 0x000000008aa00000| Untracked 
| 171|0x000000008ab00000, 0x000000008ac00000, 0x000000008ac00000|100%| O|  |TAMS 0x000000008ac00000, 0x000000008ab00000| Untracked 
| 172|0x000000008ac00000, 0x000000008ad00000, 0x000000008ad00000|100%| O|  |TAMS 0x000000008ad00000, 0x000000008ac00000| Untracked 
| 173|0x000000008ad00000, 0x000000008ad00000, 0x000000008ae00000|  0%| F|  |TAMS 0x000000008ad00000, 0x000000008ad00000| Untracked 
| 174|0x000000008ae00000, 0x000000008af00000, 0x000000008af00000|100%| O|  |TAMS 0x000000008af00000, 0x000000008ae00000| Untracked 
| 175|0x000000008af00000, 0x000000008b000000, 0x000000008b000000|100%| O|  |TAMS 0x000000008b000000, 0x000000008af00000| Untracked 
| 176|0x000000008b000000, 0x000000008b100000, 0x000000008b100000|100%| O|  |TAMS 0x000000008b100000, 0x000000008b000000| Untracked 
| 177|0x000000008b100000, 0x000000008b200000, 0x000000008b200000|100%| O|  |TAMS 0x000000008b200000, 0x000000008b100000| Untracked 
| 178|0x000000008b200000, 0x000000008b300000, 0x000000008b300000|100%| O|  |TAMS 0x000000008b300000, 0x000000008b200000| Untracked 
| 179|0x000000008b300000, 0x000000008b400000, 0x000000008b400000|100%| O|  |TAMS 0x000000008b400000, 0x000000008b300000| Untracked 
| 180|0x000000008b400000, 0x000000008b500000, 0x000000008b500000|100%| O|  |TAMS 0x000000008b500000, 0x000000008b400000| Untracked 
| 181|0x000000008b500000, 0x000000008b600000, 0x000000008b600000|100%| O|  |TAMS 0x000000008b600000, 0x000000008b500000| Untracked 
| 182|0x000000008b600000, 0x000000008b600000, 0x000000008b700000|  0%| F|  |TAMS 0x000000008b600000, 0x000000008b600000| Untracked 
| 183|0x000000008b700000, 0x000000008b800000, 0x000000008b800000|100%| O|  |TAMS 0x000000008b800000, 0x000000008b700000| Untracked 
| 184|0x000000008b800000, 0x000000008b800000, 0x000000008b900000|  0%| F|  |TAMS 0x000000008b800000, 0x000000008b800000| Untracked 
| 185|0x000000008b900000, 0x000000008b900000, 0x000000008ba00000|  0%| F|  |TAMS 0x000000008b900000, 0x000000008b900000| Untracked 
| 186|0x000000008ba00000, 0x000000008ba00000, 0x000000008bb00000|  0%| F|  |TAMS 0x000000008ba00000, 0x000000008ba00000| Untracked 
| 187|0x000000008bb00000, 0x000000008bb00000, 0x000000008bc00000|  0%| F|  |TAMS 0x000000008bb00000, 0x000000008bb00000| Untracked 
| 188|0x000000008bc00000, 0x000000008bd00000, 0x000000008bd00000|100%| O|  |TAMS 0x000000008bd00000, 0x000000008bc00000| Untracked 
| 189|0x000000008bd00000, 0x000000008be00000, 0x000000008be00000|100%| O|  |TAMS 0x000000008be00000, 0x000000008bd00000| Untracked 
| 190|0x000000008be00000, 0x000000008bf00000, 0x000000008bf00000|100%| O|  |TAMS 0x000000008bf00000, 0x000000008be00000| Untracked 
| 191|0x000000008bf00000, 0x000000008c000000, 0x000000008c000000|100%| O|  |TAMS 0x000000008c000000, 0x000000008bf00000| Untracked 
| 192|0x000000008c000000, 0x000000008c100000, 0x000000008c100000|100%| O|  |TAMS 0x000000008c100000, 0x000000008c000000| Untracked 
| 193|0x000000008c100000, 0x000000008c200000, 0x000000008c200000|100%| O|  |TAMS 0x000000008c200000, 0x000000008c100000| Untracked 
| 194|0x000000008c200000, 0x000000008c200000, 0x000000008c300000|  0%| F|  |TAMS 0x000000008c200000, 0x000000008c200000| Untracked 
| 195|0x000000008c300000, 0x000000008c400000, 0x000000008c400000|100%|HS|  |TAMS 0x000000008c300000, 0x000000008c300000| Complete 
| 196|0x000000008c400000, 0x000000008c500000, 0x000000008c500000|100%|HC|  |TAMS 0x000000008c400000, 0x000000008c400000| Complete 
| 197|0x000000008c500000, 0x000000008c600000, 0x000000008c600000|100%|HS|  |TAMS 0x000000008c500000, 0x000000008c500000| Complete 
| 198|0x000000008c600000, 0x000000008c700000, 0x000000008c700000|100%|HC|  |TAMS 0x000000008c600000, 0x000000008c600000| Complete 
| 199|0x000000008c700000, 0x000000008c800000, 0x000000008c800000|100%| O|  |TAMS 0x000000008c700000, 0x000000008c700000| Untracked 
| 200|0x000000008c800000, 0x000000008c900000, 0x000000008c900000|100%| O|  |TAMS 0x000000008c800000, 0x000000008c800000| Untracked 
| 201|0x000000008c900000, 0x000000008ca00000, 0x000000008ca00000|100%| O|  |TAMS 0x000000008c900000, 0x000000008c900000| Untracked 
| 202|0x000000008ca00000, 0x000000008cb00000, 0x000000008cb00000|100%| O|  |TAMS 0x000000008ca00000, 0x000000008ca00000| Untracked 
| 203|0x000000008cb00000, 0x000000008cc00000, 0x000000008cc00000|100%| O|  |TAMS 0x000000008cb00000, 0x000000008cb00000| Untracked 
| 204|0x000000008cc00000, 0x000000008cd00000, 0x000000008cd00000|100%| O|  |TAMS 0x000000008cc00000, 0x000000008cc00000| Untracked 
| 205|0x000000008cd00000, 0x000000008ce00000, 0x000000008ce00000|100%| O|  |TAMS 0x000000008cd00000, 0x000000008cd00000| Untracked 
| 206|0x000000008ce00000, 0x000000008cf00000, 0x000000008cf00000|100%| O|  |TAMS 0x000000008ce00000, 0x000000008ce00000| Untracked 
| 207|0x000000008cf00000, 0x000000008d000000, 0x000000008d000000|100%| O|  |TAMS 0x000000008cf00000, 0x000000008cf00000| Untracked 
| 208|0x000000008d000000, 0x000000008d100000, 0x000000008d100000|100%| O|  |TAMS 0x000000008d000000, 0x000000008d000000| Untracked 
| 209|0x000000008d100000, 0x000000008d200000, 0x000000008d200000|100%| O|  |TAMS 0x000000008d100000, 0x000000008d100000| Untracked 
| 210|0x000000008d200000, 0x000000008d300000, 0x000000008d300000|100%| O|  |TAMS 0x000000008d200000, 0x000000008d200000| Untracked 
| 211|0x000000008d300000, 0x000000008d400000, 0x000000008d400000|100%| O|  |TAMS 0x000000008d300000, 0x000000008d300000| Untracked 
| 212|0x000000008d400000, 0x000000008d440a00, 0x000000008d500000| 25%| O|  |TAMS 0x000000008d400000, 0x000000008d400000| Untracked 
| 213|0x000000008d500000, 0x000000008d500000, 0x000000008d600000|  0%| F|  |TAMS 0x000000008d500000, 0x000000008d500000| Untracked 
| 214|0x000000008d600000, 0x000000008d600000, 0x000000008d700000|  0%| F|  |TAMS 0x000000008d600000, 0x000000008d600000| Untracked 
| 215|0x000000008d700000, 0x000000008d700000, 0x000000008d800000|  0%| F|  |TAMS 0x000000008d700000, 0x000000008d700000| Untracked 
| 216|0x000000008d800000, 0x000000008d800000, 0x000000008d900000|  0%| F|  |TAMS 0x000000008d800000, 0x000000008d800000| Untracked 
| 217|0x000000008d900000, 0x000000008d900000, 0x000000008da00000|  0%| F|  |TAMS 0x000000008d900000, 0x000000008d900000| Untracked 
| 218|0x000000008da00000, 0x000000008da00000, 0x000000008db00000|  0%| F|  |TAMS 0x000000008da00000, 0x000000008da00000| Untracked 
| 219|0x000000008db00000, 0x000000008db00000, 0x000000008dc00000|  0%| F|  |TAMS 0x000000008db00000, 0x000000008db00000| Untracked 
| 220|0x000000008dc00000, 0x000000008dc00000, 0x000000008dd00000|  0%| F|  |TAMS 0x000000008dc00000, 0x000000008dc00000| Untracked 
| 221|0x000000008dd00000, 0x000000008dd00000, 0x000000008de00000|  0%| F|  |TAMS 0x000000008dd00000, 0x000000008dd00000| Untracked 
| 222|0x000000008de00000, 0x000000008de00000, 0x000000008df00000|  0%| F|  |TAMS 0x000000008de00000, 0x000000008de00000| Untracked 
| 223|0x000000008df00000, 0x000000008df00000, 0x000000008e000000|  0%| F|  |TAMS 0x000000008df00000, 0x000000008df00000| Untracked 
| 224|0x000000008e000000, 0x000000008e000000, 0x000000008e100000|  0%| F|  |TAMS 0x000000008e000000, 0x000000008e000000| Untracked 
| 225|0x000000008e100000, 0x000000008e100000, 0x000000008e200000|  0%| F|  |TAMS 0x000000008e100000, 0x000000008e100000| Untracked 
| 226|0x000000008e200000, 0x000000008e200000, 0x000000008e300000|  0%| F|  |TAMS 0x000000008e200000, 0x000000008e200000| Untracked 
| 227|0x000000008e300000, 0x000000008e300000, 0x000000008e400000|  0%| F|  |TAMS 0x000000008e300000, 0x000000008e300000| Untracked 
| 228|0x000000008e400000, 0x000000008e400000, 0x000000008e500000|  0%| F|  |TAMS 0x000000008e400000, 0x000000008e400000| Untracked 
| 229|0x000000008e500000, 0x000000008e500000, 0x000000008e600000|  0%| F|  |TAMS 0x000000008e500000, 0x000000008e500000| Untracked 
| 230|0x000000008e600000, 0x000000008e600000, 0x000000008e700000|  0%| F|  |TAMS 0x000000008e600000, 0x000000008e600000| Untracked 
| 231|0x000000008e700000, 0x000000008e700000, 0x000000008e800000|  0%| F|  |TAMS 0x000000008e700000, 0x000000008e700000| Untracked 
| 232|0x000000008e800000, 0x000000008e800000, 0x000000008e900000|  0%| F|  |TAMS 0x000000008e800000, 0x000000008e800000| Untracked 
| 233|0x000000008e900000, 0x000000008e900000, 0x000000008ea00000|  0%| F|  |TAMS 0x000000008e900000, 0x000000008e900000| Untracked 
| 234|0x000000008ea00000, 0x000000008ea00000, 0x000000008eb00000|  0%| F|  |TAMS 0x000000008ea00000, 0x000000008ea00000| Untracked 
| 235|0x000000008eb00000, 0x000000008eb00000, 0x000000008ec00000|  0%| F|  |TAMS 0x000000008eb00000, 0x000000008eb00000| Untracked 
| 236|0x000000008ec00000, 0x000000008ec00000, 0x000000008ed00000|  0%| F|  |TAMS 0x000000008ec00000, 0x000000008ec00000| Untracked 
| 237|0x000000008ed00000, 0x000000008ee00000, 0x000000008ee00000|100%| O|  |TAMS 0x000000008ee00000, 0x000000008ed00000| Untracked 
| 238|0x000000008ee00000, 0x000000008ef00000, 0x000000008ef00000|100%| O|  |TAMS 0x000000008ef00000, 0x000000008ee00000| Untracked 
| 239|0x000000008ef00000, 0x000000008f000000, 0x000000008f000000|100%| O|  |TAMS 0x000000008f000000, 0x000000008ef00000| Untracked 
| 240|0x000000008f000000, 0x000000008f100000, 0x000000008f100000|100%| O|  |TAMS 0x000000008f100000, 0x000000008f000000| Untracked 
| 241|0x000000008f100000, 0x000000008f100000, 0x000000008f200000|  0%| F|  |TAMS 0x000000008f100000, 0x000000008f100000| Untracked 
| 242|0x000000008f200000, 0x000000008f200000, 0x000000008f300000|  0%| F|  |TAMS 0x000000008f200000, 0x000000008f200000| Untracked 
| 243|0x000000008f300000, 0x000000008f300000, 0x000000008f400000|  0%| F|  |TAMS 0x000000008f300000, 0x000000008f300000| Untracked 
| 244|0x000000008f400000, 0x000000008f400000, 0x000000008f500000|  0%| F|  |TAMS 0x000000008f400000, 0x000000008f400000| Untracked 
| 245|0x000000008f500000, 0x000000008f500000, 0x000000008f600000|  0%| F|  |TAMS 0x000000008f500000, 0x000000008f500000| Untracked 
| 246|0x000000008f600000, 0x000000008f600000, 0x000000008f700000|  0%| F|  |TAMS 0x000000008f600000, 0x000000008f600000| Untracked 
| 247|0x000000008f700000, 0x000000008f700000, 0x000000008f800000|  0%| F|  |TAMS 0x000000008f700000, 0x000000008f700000| Untracked 
| 248|0x000000008f800000, 0x000000008f85a360, 0x000000008f900000| 35%| E|  |TAMS 0x000000008f800000, 0x000000008f800000| Complete 
| 249|0x000000008f900000, 0x000000008fa00000, 0x000000008fa00000|100%| E|CS|TAMS 0x000000008f900000, 0x000000008f900000| Complete 
| 250|0x000000008fa00000, 0x000000008fb00000, 0x000000008fb00000|100%| E|CS|TAMS 0x000000008fa00000, 0x000000008fa00000| Complete 
| 251|0x000000008fb00000, 0x000000008fc00000, 0x000000008fc00000|100%| E|CS|TAMS 0x000000008fb00000, 0x000000008fb00000| Complete 
| 252|0x000000008fc00000, 0x000000008fd00000, 0x000000008fd00000|100%| E|CS|TAMS 0x000000008fc00000, 0x000000008fc00000| Complete 
| 253|0x000000008fd00000, 0x000000008fe00000, 0x000000008fe00000|100%| E|CS|TAMS 0x000000008fd00000, 0x000000008fd00000| Complete 
| 254|0x000000008fe00000, 0x000000008ff00000, 0x000000008ff00000|100%| E|CS|TAMS 0x000000008fe00000, 0x000000008fe00000| Complete 
| 255|0x000000008ff00000, 0x0000000090000000, 0x0000000090000000|100%| E|CS|TAMS 0x000000008ff00000, 0x000000008ff00000| Complete 
| 256|0x0000000090000000, 0x0000000090100000, 0x0000000090100000|100%| E|CS|TAMS 0x0000000090000000, 0x0000000090000000| Complete 
| 257|0x0000000090100000, 0x0000000090200000, 0x0000000090200000|100%| E|CS|TAMS 0x0000000090100000, 0x0000000090100000| Complete 
| 258|0x0000000090200000, 0x0000000090300000, 0x0000000090300000|100%| E|CS|TAMS 0x0000000090200000, 0x0000000090200000| Complete 
| 259|0x0000000090300000, 0x0000000090400000, 0x0000000090400000|100%| E|CS|TAMS 0x0000000090300000, 0x0000000090300000| Complete 
| 260|0x0000000090400000, 0x0000000090500000, 0x0000000090500000|100%| E|CS|TAMS 0x0000000090400000, 0x0000000090400000| Complete 
| 261|0x0000000090500000, 0x0000000090600000, 0x0000000090600000|100%| E|CS|TAMS 0x0000000090500000, 0x0000000090500000| Complete 
| 262|0x0000000090600000, 0x0000000090700000, 0x0000000090700000|100%| E|CS|TAMS 0x0000000090600000, 0x0000000090600000| Complete 
| 263|0x0000000090700000, 0x0000000090800000, 0x0000000090800000|100%| E|CS|TAMS 0x0000000090700000, 0x0000000090700000| Complete 
| 264|0x0000000090800000, 0x0000000090900000, 0x0000000090900000|100%| E|CS|TAMS 0x0000000090800000, 0x0000000090800000| Complete 
| 265|0x0000000090900000, 0x0000000090a00000, 0x0000000090a00000|100%| E|CS|TAMS 0x0000000090900000, 0x0000000090900000| Complete 
| 266|0x0000000090a00000, 0x0000000090b00000, 0x0000000090b00000|100%| E|CS|TAMS 0x0000000090a00000, 0x0000000090a00000| Complete 
| 267|0x0000000090b00000, 0x0000000090c00000, 0x0000000090c00000|100%| E|CS|TAMS 0x0000000090b00000, 0x0000000090b00000| Complete 
| 268|0x0000000090c00000, 0x0000000090d00000, 0x0000000090d00000|100%| E|CS|TAMS 0x0000000090c00000, 0x0000000090c00000| Complete 
| 269|0x0000000090d00000, 0x0000000090e00000, 0x0000000090e00000|100%| E|CS|TAMS 0x0000000090d00000, 0x0000000090d00000| Complete 
| 270|0x0000000090e00000, 0x0000000090f00000, 0x0000000090f00000|100%| E|CS|TAMS 0x0000000090e00000, 0x0000000090e00000| Complete 
| 271|0x0000000090f00000, 0x0000000091000000, 0x0000000091000000|100%| E|CS|TAMS 0x0000000090f00000, 0x0000000090f00000| Complete 
| 272|0x0000000091000000, 0x0000000091100000, 0x0000000091100000|100%| E|CS|TAMS 0x0000000091000000, 0x0000000091000000| Complete 
| 273|0x0000000091100000, 0x0000000091200000, 0x0000000091200000|100%| E|CS|TAMS 0x0000000091100000, 0x0000000091100000| Complete 
| 274|0x0000000091200000, 0x0000000091300000, 0x0000000091300000|100%| E|CS|TAMS 0x0000000091200000, 0x0000000091200000| Complete 
| 275|0x0000000091300000, 0x0000000091400000, 0x0000000091400000|100%| E|CS|TAMS 0x0000000091300000, 0x0000000091300000| Complete 
| 276|0x0000000091400000, 0x0000000091500000, 0x0000000091500000|100%| E|CS|TAMS 0x0000000091400000, 0x0000000091400000| Complete 
| 277|0x0000000091500000, 0x0000000091600000, 0x0000000091600000|100%| E|CS|TAMS 0x0000000091500000, 0x0000000091500000| Complete 
| 278|0x0000000091600000, 0x0000000091700000, 0x0000000091700000|100%| E|CS|TAMS 0x0000000091600000, 0x0000000091600000| Complete 
| 279|0x0000000091700000, 0x0000000091800000, 0x0000000091800000|100%| E|CS|TAMS 0x0000000091700000, 0x0000000091700000| Complete 
| 280|0x0000000091800000, 0x0000000091900000, 0x0000000091900000|100%| E|CS|TAMS 0x0000000091800000, 0x0000000091800000| Complete 
| 281|0x0000000091900000, 0x0000000091937ea0, 0x0000000091a00000| 21%| S|CS|TAMS 0x0000000091900000, 0x0000000091900000| Complete 
| 282|0x0000000091a00000, 0x0000000091b00000, 0x0000000091b00000|100%| E|CS|TAMS 0x0000000091a00000, 0x0000000091a00000| Complete 
| 283|0x0000000091b00000, 0x0000000091c00000, 0x0000000091c00000|100%| E|CS|TAMS 0x0000000091b00000, 0x0000000091b00000| Complete 
| 284|0x0000000091c00000, 0x0000000091d00000, 0x0000000091d00000|100%| E|  |TAMS 0x0000000091c00000, 0x0000000091c00000| Complete 
| 285|0x0000000091d00000, 0x0000000091e00000, 0x0000000091e00000|100%| E|CS|TAMS 0x0000000091d00000, 0x0000000091d00000| Complete 
| 286|0x0000000091e00000, 0x0000000091f00000, 0x0000000091f00000|100%| E|CS|TAMS 0x0000000091e00000, 0x0000000091e00000| Complete 
| 287|0x0000000091f00000, 0x0000000092000000, 0x0000000092000000|100%| E|CS|TAMS 0x0000000091f00000, 0x0000000091f00000| Complete 
| 288|0x0000000092000000, 0x0000000092100000, 0x0000000092100000|100%| E|CS|TAMS 0x0000000092000000, 0x0000000092000000| Complete 
| 289|0x0000000092100000, 0x0000000092200000, 0x0000000092200000|100%| E|CS|TAMS 0x0000000092100000, 0x0000000092100000| Complete 

Card table byte_map: [0x0000028067ac0000,0x0000028067ec0000] _byte_map_base: 0x00000280676c0000

Marking Bits (Prev, Next): (CMBitMap*) 0x0000028052bbd598, (CMBitMap*) 0x0000028052bbd5d0
 Prev Bits: [0x00000280682c0000, 0x000002806a2c0000)
 Next Bits: [0x000002806a2c0000, 0x000002806c2c0000)

Polling page: 0x0000028052c60000

Metaspace:

Usage:
  Non-class:     93.21 MB capacity,    91.69 MB ( 98%) used,     1.21 MB (  1%) free+waste,   311.94 KB ( <1%) overhead. 
      Class:     14.30 MB capacity,    13.41 MB ( 94%) used,   782.14 KB (  5%) free+waste,   136.88 KB ( <1%) overhead. 
       Both:    107.51 MB capacity,   105.10 MB ( 98%) used,     1.97 MB (  2%) free+waste,   448.81 KB ( <1%) overhead. 

Virtual space:
  Non-class space:       94.00 MB reserved,      93.42 MB (>99%) committed 
      Class space:        1.00 GB reserved,      14.38 MB (  1%) committed 
             Both:        1.09 GB reserved,     107.79 MB ( 10%) committed 

Chunk freelists:
   Non-Class:  22.00 KB
       Class:  0 bytes
        Both:  22.00 KB

MaxMetaspaceSize: 17179869184.00 GB
CompressedClassSpaceSize: 1.00 GB

CodeHeap 'non-profiled nmethods': size=120064Kb used=8756Kb max_used=8756Kb free=111307Kb
 bounds [0x000002805f940000, 0x00000280601d0000, 0x0000028066e80000]
CodeHeap 'profiled nmethods': size=120000Kb used=31679Kb max_used=31679Kb free=88320Kb
 bounds [0x0000028058410000, 0x000002805a310000, 0x000002805f940000]
CodeHeap 'non-nmethods': size=5696Kb used=2330Kb max_used=2385Kb free=3365Kb
 bounds [0x0000028057e80000, 0x00000280580f0000, 0x0000028058410000]
 total_blobs=15829 nmethods=14891 adapters=848
 compilation: enabled
              stopped_count=0, restarted_count=0
 full_count=0

Compilation events (20 events):
Event: 40.809 Thread 0x000002806eb7e800 15267       2       com.android.tools.r8.graph.G$j$$Lambda$1421/0x0000000100e4d440::apply (8 bytes)
Event: 40.809 Thread 0x000002806eb7e800 nmethod 15267 0x000002805a2f5110 code [0x000002805a2f52c0, 0x000002805a2f53f8]
Event: 40.809 Thread 0x000002806eb7e800 15268       2       com.android.tools.r8.graph.G$j$$Lambda$1418/0x0000000100e4c840::applyAsInt (8 bytes)
Event: 40.809 Thread 0x000002806eb7e800 nmethod 15268 0x000002805a2f5510 code [0x000002805a2f56c0, 0x000002805a2f57f8]
Event: 40.809 Thread 0x000002806eb7e800 15269       2       com.android.tools.r8.graph.G$j$$Lambda$1419/0x0000000100e4cc40::apply (8 bytes)
Event: 40.809 Thread 0x000002806eb7e800 nmethod 15269 0x000002805a2f5910 code [0x000002805a2f5ac0, 0x000002805a2f5bf8]
Event: 40.813 Thread 0x000002806eb7e800 15270       2       com.android.tools.r8.graph.I0::b (55 bytes)
Event: 40.813 Thread 0x000002806eb7e800 nmethod 15270 0x000002805a2f5d10 code [0x000002805a2f5ec0, 0x000002805a2f6008]
Event: 40.818 Thread 0x000002806eb7e800 15272       2       com.android.tools.r8.internal.h8::a (6 bytes)
Event: 40.818 Thread 0x000002806eb7e800 nmethod 15272 0x000002805a2f6110 code [0x000002805a2f62c0, 0x000002805a2f63f8]
Event: 40.823 Thread 0x000002806eb7e800 15274 %     3       com.android.tools.r8.internal.Tt::g @ 74 (323 bytes)
Event: 40.824 Thread 0x000002806eb7e800 nmethod 15274% 0x000002805a2f6490 code [0x000002805a2f6760, 0x000002805a2f7918]
Event: 40.846 Thread 0x000002806eb7e800 15275 %     3       com.android.tools.r8.internal.Kz::g @ 74 (323 bytes)
Event: 40.847 Thread 0x000002806eb7e800 nmethod 15275% 0x000002805a2f8090 code [0x000002805a2f8360, 0x000002805a2f9478]
Event: 40.848 Thread 0x000002806eb7e800 15276 %     3       com.android.tools.r8.internal.Kz::g @ 112 (323 bytes)
Event: 40.849 Thread 0x000002806eb7e800 nmethod 15276% 0x000002805a2f9b90 code [0x000002805a2f9e60, 0x000002805a2fb078]
Event: 40.851 Thread 0x000002806eb7e800 15277       3       com.android.tools.r8.internal.Tt::g (323 bytes)
Event: 40.852 Thread 0x000002806eb7e800 nmethod 15277 0x000002805a2fb810 code [0x000002805a2fbac0, 0x000002805a2fc978]
Event: 40.866 Thread 0x000002806eb7e800 15278 %     3       com.android.tools.r8.internal.Tt::g @ 112 (323 bytes)
Event: 40.868 Thread 0x000002806eb7e800 nmethod 15278% 0x000002805a2fcf10 code [0x000002805a2fd1e0, 0x000002805a2fe498]

GC Heap History (20 events):
Event: 31.776 GC heap before
{Heap before GC invocations=31 (full 0):
 garbage-first heap   total 242688K, used 209954K [0x0000000080000000, 0x0000000100000000)
  region size 1024K, 77 young (78848K), 11 survivors (11264K)
 Metaspace       used 104044K, capacity 106347K, committed 106540K, reserved 1142784K
  class space    used 13268K, capacity 14131K, committed 14208K, reserved 1048576K
}
Event: 31.862 GC heap after
{Heap after GC invocations=32 (full 0):
 garbage-first heap   total 246784K, used 156230K [0x0000000080000000, 0x0000000100000000)
  region size 1024K, 10 young (10240K), 10 survivors (10240K)
 Metaspace       used 104044K, capacity 106347K, committed 106540K, reserved 1142784K
  class space    used 13268K, capacity 14131K, committed 14208K, reserved 1048576K
}
Event: 31.932 GC heap before
{Heap before GC invocations=32 (full 0):
 garbage-first heap   total 246784K, used 158278K [0x0000000080000000, 0x0000000100000000)
  region size 1024K, 12 young (12288K), 10 survivors (10240K)
 Metaspace       used 104087K, capacity 106347K, committed 106540K, reserved 1142784K
  class space    used 13270K, capacity 14131K, committed 14208K, reserved 1048576K
}
Event: 31.972 GC heap after
{Heap after GC invocations=33 (full 0):
 garbage-first heap   total 246784K, used 151007K [0x0000000080000000, 0x0000000100000000)
  region size 1024K, 2 young (2048K), 2 survivors (2048K)
 Metaspace       used 104087K, capacity 106347K, committed 106540K, reserved 1142784K
  class space    used 13270K, capacity 14131K, committed 14208K, reserved 1048576K
}
Event: 32.362 GC heap before
{Heap before GC invocations=33 (full 0):
 garbage-first heap   total 246784K, used 195039K [0x0000000080000000, 0x0000000100000000)
  region size 1024K, 45 young (46080K), 2 survivors (2048K)
 Metaspace       used 104168K, capacity 106418K, committed 106540K, reserved 1142784K
  class space    used 13270K, capacity 14131K, committed 14208K, reserved 1048576K
}
Event: 32.426 GC heap after
{Heap after GC invocations=34 (full 0):
 garbage-first heap   total 246784K, used 172766K [0x0000000080000000, 0x0000000100000000)
  region size 1024K, 6 young (6144K), 6 survivors (6144K)
 Metaspace       used 104168K, capacity 106418K, committed 106540K, reserved 1142784K
  class space    used 13270K, capacity 14131K, committed 14208K, reserved 1048576K
}
Event: 32.617 GC heap before
{Heap before GC invocations=34 (full 0):
 garbage-first heap   total 246784K, used 197342K [0x0000000080000000, 0x0000000100000000)
  region size 1024K, 31 young (31744K), 6 survivors (6144K)
 Metaspace       used 104201K, capacity 106493K, committed 106796K, reserved 1142784K
  class space    used 13273K, capacity 14136K, committed 14208K, reserved 1048576K
}
Event: 32.646 GC heap after
{Heap after GC invocations=35 (full 0):
 garbage-first heap   total 296960K, used 186861K [0x0000000080000000, 0x0000000100000000)
  region size 1024K, 4 young (4096K), 4 survivors (4096K)
 Metaspace       used 104201K, capacity 106493K, committed 106796K, reserved 1142784K
  class space    used 13273K, capacity 14136K, committed 14208K, reserved 1048576K
}
Event: 35.644 GC heap before
{Heap before GC invocations=36 (full 0):
 garbage-first heap   total 296960K, used 228845K [0x0000000080000000, 0x0000000100000000)
  region size 1024K, 45 young (46080K), 4 survivors (4096K)
 Metaspace       used 105936K, capacity 108214K, committed 108332K, reserved 1142784K
  class space    used 13510K, capacity 14356K, committed 14464K, reserved 1048576K
}
Event: 35.676 GC heap after
{Heap after GC invocations=37 (full 0):
 garbage-first heap   total 296960K, used 202719K [0x0000000080000000, 0x0000000100000000)
  region size 1024K, 6 young (6144K), 6 survivors (6144K)
 Metaspace       used 105936K, capacity 108214K, committed 108332K, reserved 1142784K
  class space    used 13510K, capacity 14356K, committed 14464K, reserved 1048576K
}
Event: 35.829 GC heap before
{Heap before GC invocations=37 (full 0):
 garbage-first heap   total 296960K, used 209887K [0x0000000080000000, 0x0000000100000000)
  region size 1024K, 14 young (14336K), 6 survivors (6144K)
 Metaspace       used 106196K, capacity 108492K, committed 108588K, reserved 1142784K
  class space    used 13543K, capacity 14404K, committed 14464K, reserved 1048576K
}
Event: 35.842 GC heap after
{Heap after GC invocations=38 (full 0):
 garbage-first heap   total 296960K, used 204435K [0x0000000080000000, 0x0000000100000000)
  region size 1024K, 2 young (2048K), 2 survivors (2048K)
 Metaspace       used 106196K, capacity 108492K, committed 108588K, reserved 1142784K
  class space    used 13543K, capacity 14404K, committed 14464K, reserved 1048576K
}
Event: 36.679 GC heap before
{Heap before GC invocations=38 (full 0):
 garbage-first heap   total 296960K, used 236179K [0x0000000080000000, 0x0000000100000000)
  region size 1024K, 34 young (34816K), 2 survivors (2048K)
 Metaspace       used 106792K, capacity 109305K, committed 109484K, reserved 1144832K
  class space    used 13649K, capacity 14568K, committed 14592K, reserved 1048576K
}
Event: 36.792 GC heap after
{Heap after GC invocations=39 (full 0):
 garbage-first heap   total 296960K, used 207707K [0x0000000080000000, 0x0000000100000000)
  region size 1024K, 5 young (5120K), 5 survivors (5120K)
 Metaspace       used 106792K, capacity 109305K, committed 109484K, reserved 1144832K
  class space    used 13649K, capacity 14568K, committed 14592K, reserved 1048576K
}
Event: 38.376 GC heap before
{Heap before GC invocations=39 (full 0):
 garbage-first heap   total 296960K, used 230235K [0x0000000080000000, 0x0000000100000000)
  region size 1024K, 37 young (37888K), 5 survivors (5120K)
 Metaspace       used 107053K, capacity 109530K, committed 109740K, reserved 1144832K
  class space    used 13670K, capacity 14572K, committed 14592K, reserved 1048576K
}
Event: 38.446 GC heap after
{Heap after GC invocations=40 (full 0):
 garbage-first heap   total 296960K, used 200982K [0x0000000080000000, 0x0000000100000000)
  region size 1024K, 3 young (3072K), 3 survivors (3072K)
 Metaspace       used 107053K, capacity 109530K, committed 109740K, reserved 1144832K
  class space    used 13670K, capacity 14572K, committed 14592K, reserved 1048576K
}
Event: 40.103 GC heap before
{Heap before GC invocations=41 (full 0):
 garbage-first heap   total 296960K, used 248086K [0x0000000080000000, 0x0000000100000000)
  region size 1024K, 41 young (41984K), 3 survivors (3072K)
 Metaspace       used 107311K, capacity 109828K, committed 110124K, reserved 1144832K
  class space    used 13698K, capacity 14625K, committed 14720K, reserved 1048576K
}
Event: 40.130 GC heap after
{Heap after GC invocations=42 (full 0):
 garbage-first heap   total 296960K, used 213365K [0x0000000080000000, 0x0000000100000000)
  region size 1024K, 6 young (6144K), 6 survivors (6144K)
 Metaspace       used 107311K, capacity 109828K, committed 110124K, reserved 1144832K
  class space    used 13698K, capacity 14625K, committed 14720K, reserved 1048576K
}
Event: 40.184 GC heap before
{Heap before GC invocations=42 (full 0):
 garbage-first heap   total 296960K, used 221557K [0x0000000080000000, 0x0000000100000000)
  region size 1024K, 14 young (14336K), 6 survivors (6144K)
 Metaspace       used 107311K, capacity 109828K, committed 110124K, reserved 1144832K
  class space    used 13698K, capacity 14625K, committed 14720K, reserved 1048576K
}
Event: 40.246 GC heap after
{Heap after GC invocations=43 (full 0):
 garbage-first heap   total 296960K, used 198114K [0x0000000080000000, 0x0000000100000000)
  region size 1024K, 1 young (1024K), 1 survivors (1024K)
 Metaspace       used 107311K, capacity 109828K, committed 110124K, reserved 1144832K
  class space    used 13698K, capacity 14625K, committed 14720K, reserved 1048576K
}

Deoptimization events (20 events):
Event: 40.723 Thread 0x000002807009c800 Uncommon trap: trap_request=0xffffffde fr.pc=0x0000028060199cc0 relative=0x0000000000000ac0
Event: 40.723 Thread 0x000002807009c800 Uncommon trap: reason=class_check action=maybe_recompile pc=0x0000028060199cc0 method=com.android.tools.r8.internal.h8.a(Ljava/util/Iterator;Ljava/util/Iterator;Lcom/android/tools/r8/internal/BE$a;)I @ 45 c2
Event: 40.723 Thread 0x000002807009c800 DEOPT PACKING pc=0x0000028060199cc0 sp=0x000000ce04dfe350
Event: 40.723 Thread 0x000002807009c800 DEOPT UNPACKING pc=0x0000028057ea78af sp=0x000000ce04dfe320 mode 2
Event: 40.724 Thread 0x000002807009c800 Uncommon trap: trap_request=0xffffffde fr.pc=0x0000028060199cc0 relative=0x0000000000000ac0
Event: 40.724 Thread 0x000002807009c800 Uncommon trap: reason=class_check action=maybe_recompile pc=0x0000028060199cc0 method=com.android.tools.r8.internal.h8.a(Ljava/util/Iterator;Ljava/util/Iterator;Lcom/android/tools/r8/internal/BE$a;)I @ 45 c2
Event: 40.724 Thread 0x000002807009c800 DEOPT PACKING pc=0x0000028060199cc0 sp=0x000000ce04dfe3a0
Event: 40.724 Thread 0x000002807009c800 DEOPT UNPACKING pc=0x0000028057ea78af sp=0x000000ce04dfe370 mode 2
Event: 40.724 Thread 0x000002807009c800 Uncommon trap: trap_request=0xffffffde fr.pc=0x0000028060199cc0 relative=0x0000000000000ac0
Event: 40.724 Thread 0x000002807009c800 Uncommon trap: reason=class_check action=maybe_recompile pc=0x0000028060199cc0 method=com.android.tools.r8.internal.h8.a(Ljava/util/Iterator;Ljava/util/Iterator;Lcom/android/tools/r8/internal/BE$a;)I @ 45 c2
Event: 40.724 Thread 0x000002807009c800 DEOPT PACKING pc=0x0000028060199cc0 sp=0x000000ce04dfe3a0
Event: 40.724 Thread 0x000002807009c800 DEOPT UNPACKING pc=0x0000028057ea78af sp=0x000000ce04dfe370 mode 2
Event: 40.725 Thread 0x000002807009c800 Uncommon trap: trap_request=0xffffffde fr.pc=0x0000028060199cc0 relative=0x0000000000000ac0
Event: 40.725 Thread 0x000002807009c800 Uncommon trap: reason=class_check action=maybe_recompile pc=0x0000028060199cc0 method=com.android.tools.r8.internal.h8.a(Ljava/util/Iterator;Ljava/util/Iterator;Lcom/android/tools/r8/internal/BE$a;)I @ 45 c2
Event: 40.725 Thread 0x000002807009c800 DEOPT PACKING pc=0x0000028060199cc0 sp=0x000000ce04dfe3f0
Event: 40.725 Thread 0x000002807009c800 DEOPT UNPACKING pc=0x0000028057ea78af sp=0x000000ce04dfe3c0 mode 2
Event: 40.728 Thread 0x000002807009c800 Uncommon trap: trap_request=0xffffff4d fr.pc=0x00000280600e4324 relative=0x00000000000003e4
Event: 40.728 Thread 0x000002807009c800 Uncommon trap: reason=unstable_if action=reinterpret pc=0x00000280600e4324 method=com.android.tools.r8.graph.Q.g(Ljava/lang/Object;)Z @ 51 c2
Event: 40.728 Thread 0x000002807009c800 DEOPT PACKING pc=0x00000280600e4324 sp=0x000000ce04dfe640
Event: 40.728 Thread 0x000002807009c800 DEOPT UNPACKING pc=0x0000028057ea78af sp=0x000000ce04dfe5d0 mode 2

Classes redefined (0 events):
No events

Internal exceptions (20 events):
Event: 32.436 Thread 0x0000028073b71000 Exception <a 'java/lang/NoSuchMethodError'{0x000000008ec013b8}: 'void java.lang.invoke.DirectMethodHandle$Holder.invokeStatic(java.lang.Object, long)'> (0x000000008ec013b8) thrown at [./src/hotspot/share/interpreter/linkResolver.cpp, line 773]
Event: 32.522 Thread 0x0000028073b71000 Exception <a 'java/lang/NoSuchMethodError'{0x000000008ec065d0}: 'java.lang.Object java.lang.invoke.DirectMethodHandle$Holder.invokeStatic(java.lang.Object, long)'> (0x000000008ec065d0) thrown at [./src/hotspot/share/interpreter/linkResolver.cpp, line 773]
Event: 32.553 Thread 0x0000028073b71000 Exception <a 'java/lang/NoSuchMethodError'{0x000000008dd27f00}: 'java.lang.Object java.lang.invoke.Invokers$Holder.linkToTargetMethod(long, java.lang.Object)'> (0x000000008dd27f00) thrown at [./src/hotspot/share/interpreter/linkResolver.cpp, line 773]
Event: 32.696 Thread 0x0000028073b71000 Exception <a 'java/lang/NoSuchMethodError'{0x0000000092151230}: 'java.lang.Object java.lang.invoke.DirectMethodHandle$Holder.invokeStaticInit(java.lang.Object, java.lang.Object, long, java.lang.Object)'> (0x0000000092151230) thrown at [./src/hotspot/share/interpreter/linkResolver.cpp, line 773]
Event: 32.697 Thread 0x0000028073b71000 Exception <a 'java/lang/NoSuchMethodError'{0x000000009207b5f8}: 'java.lang.Object java.lang.invoke.DirectMethodHandle$Holder.invokeStatic(java.lang.Object, java.lang.Object, long)'> (0x000000009207b5f8) thrown at [./src/hotspot/share/interpreter/linkResolver.cpp, line 773]
Event: 32.744 Thread 0x0000028073b71000 Exception <a 'java/lang/NoSuchMethodError'{0x0000000091f20108}: 'java.lang.Object java.lang.invoke.Invokers$Holder.linkToTargetMethod(java.lang.Object, long, java.lang.Object)'> (0x0000000091f20108) thrown at [./src/hotspot/share/interpreter/linkResolver.cpp, line 773]
Event: 34.102 Thread 0x0000028073b71800 Exception <a 'java/lang/NoSuchMethodError'{0x0000000090987860}: 'int java.lang.invoke.DirectMethodHandle$Holder.invokeVirtual(java.lang.Object, java.lang.Object, java.lang.Object, java.lang.Object)'> (0x0000000090987860) thrown at [./src/hotspot/share/interpreter/linkResolver.cpp, line 773]
Event: 34.368 Thread 0x0000028073b71800 Exception <a 'java/lang/NoSuchMethodError'{0x0000000090738598}: 'void java.lang.invoke.DirectMethodHandle$Holder.invokeStatic(java.lang.Object, java.lang.Object, java.lang.Object, int)'> (0x0000000090738598) thrown at [./src/hotspot/share/interpreter/linkResolver.cpp, line 773]
Event: 34.374 Thread 0x0000028073b71800 Exception <a 'java/lang/IncompatibleClassChangeError'{0x0000000090740260}: Found class java.lang.Object, but interface was expected> (0x0000000090740260) thrown at [./src/hotspot/share/interpreter/linkResolver.cpp, line 839]
Event: 34.396 Thread 0x00000280700a4800 Exception <a 'java/lang/NoSuchMethodError'{0x0000000090769958}: 'int java.lang.invoke.DirectMethodHandle$Holder.invokeVirtual(java.lang.Object, java.lang.Object, java.lang.Object)'> (0x0000000090769958) thrown at [./src/hotspot/share/interpreter/linkResolver.cpp, line 773]
Event: 34.396 Thread 0x00000280700a0800 Exception <a 'java/lang/NoSuchMethodError'{0x00000000907ee020}: 'int java.lang.invoke.DirectMethodHandle$Holder.invokeVirtual(java.lang.Object, java.lang.Object, java.lang.Object)'> (0x00000000907ee020) thrown at [./src/hotspot/share/interpreter/linkResolver.cpp, line 773]
Event: 34.405 Thread 0x000002807009c800 Exception <a 'java/lang/NoSuchMethodError'{0x00000000916f3d50}: 'int java.lang.invoke.DirectMethodHandle$Holder.invokeVirtual(java.lang.Object, java.lang.Object, java.lang.Object)'> (0x00000000916f3d50) thrown at [./src/hotspot/share/interpreter/linkResolver.cpp, line 773]
Event: 34.396 Thread 0x00000280700a3800 Exception <a 'java/lang/NoSuchMethodError'{0x00000000907e2b40}: 'int java.lang.invoke.DirectMethodHandle$Holder.invokeVirtual(java.lang.Object, java.lang.Object, java.lang.Object)'> (0x00000000907e2b40) thrown at [./src/hotspot/share/interpreter/linkResolver.cpp, line 773]
Event: 35.820 Thread 0x0000028073b71000 Exception <a 'java/lang/NoSuchMethodError'{0x0000000091a9a4c0}: 'int java.lang.invoke.DirectMethodHandle$Holder.invokeSpecialIFC(java.lang.Object, java.lang.Object, java.lang.Object)'> (0x0000000091a9a4c0) thrown at [./src/hotspot/share/interpreter/linkResolver.cpp, line 773]
Event: 35.857 Thread 0x0000028073b71800 Exception <a 'java/lang/NoSuchMethodError'{0x0000000092122ef0}: 'java.lang.Object java.lang.invoke.Invokers$Holder.linkToTargetMethod(java.lang.Object, int, java.lang.Object, java.lang.Object, java.lang.Object, java.lang.Object)'> (0x0000000092122ef0) thrown at [./src/hotspot/share/interpreter/linkResolver.cpp, line 773]
Event: 35.857 Thread 0x0000028073b71800 Exception <a 'java/lang/NoSuchMethodError'{0x0000000092126ba8}: 'void java.lang.invoke.DirectMethodHandle$Holder.invokeSpecial(java.lang.Object, java.lang.Object, java.lang.Object, java.lang.Object, java.lang.Object, java.lang.Object, java.lang.Object, java.lang.Object, java.lang.Object)'> (0x0000000092126ba8) thrown at [./src/hotspot/share/interpreter/linkResolver.cpp, line 773]
Event: 35.858 Thread 0x0000028073b71800 Exception <a 'java/lang/NoSuchMethodError'{0x000000009212fd00}: 'java.lang.Object java.lang.invoke.Invokers$Holder.linkToTargetMethod(java.lang.Object, java.lang.Object, java.lang.Object, java.lang.Object, java.lang.Object, java.lang.Object, java.lang.Object)'> (0x000000009212fd00) thrown at [./src/hotspot/share/interpreter/linkResolver.cpp, line 773]
Event: 35.866 Thread 0x0000028073b71800 Exception <a 'java/lang/IncompatibleClassChangeError'{0x0000000092155138}: Found class java.lang.Object, but interface was expected> (0x0000000092155138) thrown at [./src/hotspot/share/interpreter/linkResolver.cpp, line 839]
Event: 35.994 Thread 0x0000028073b71800 Exception <a 'java/lang/NoSuchMethodError'{0x0000000092084390}: 'void java.lang.invoke.DirectMethodHandle$Holder.invokeStatic(java.lang.Object, java.lang.Object, java.lang.Object, java.lang.Object, java.lang.Object, java.lang.Object, java.lang.Object, java.lang.Object)'> (0x0000000092084390) thrown at [./src/hotspot/share/interpreter/linkResolver.cpp, line 773]
Event: 39.448 Thread 0x0000028073b71800 Exception <a 'java/lang/IncompatibleClassChangeError'{0x00000000906fe188}: Found class java.lang.Object, but interface was expected> (0x00000000906fe188) thrown at [./src/hotspot/share/interpreter/linkResolver.cpp, line 839]

Events (20 events):
Event: 40.737 loading class com/android/tools/r8/internal/DE
Event: 40.737 loading class com/android/tools/r8/internal/DE done
Event: 40.737 loading class com/android/tools/r8/internal/DE
Event: 40.737 loading class com/android/tools/r8/internal/DE done
Event: 40.737 loading class com/android/tools/r8/internal/CE
Event: 40.737 loading class com/android/tools/r8/internal/CE done
Event: 40.738 loading class com/android/tools/r8/graph/G$j
Event: 40.738 loading class com/android/tools/r8/graph/G$j done
Event: 40.738 loading class com/android/tools/r8/graph/G$j
Event: 40.738 loading class com/android/tools/r8/graph/G$j done
Event: 40.739 loading class com/android/tools/r8/graph/G$j
Event: 40.739 loading class com/android/tools/r8/graph/G$j done
Event: 40.739 loading class com/android/tools/r8/graph/G$j
Event: 40.739 loading class com/android/tools/r8/graph/G$j done
Event: 40.739 loading class com/android/tools/r8/graph/G$j
Event: 40.739 loading class com/android/tools/r8/graph/G$j done
Event: 40.739 loading class com/android/tools/r8/graph/G$j
Event: 40.739 loading class com/android/tools/r8/graph/G$j done
Event: 40.739 loading class com/android/tools/r8/graph/G$j
Event: 40.739 loading class com/android/tools/r8/graph/G$j done


Dynamic libraries:
0x00007ff7870c0000 - 0x00007ff7870ca000 	C:\Program Files\Android\Android Studio1\jre\bin\java.exe
0x00007ffc4fd30000 - 0x00007ffc4ff25000 	C:\Windows\SYSTEM32\ntdll.dll
0x00007ffc4ea10000 - 0x00007ffc4eace000 	C:\Windows\System32\KERNEL32.DLL
0x00007ffc4d450000 - 0x00007ffc4d718000 	C:\Windows\System32\KERNELBASE.dll
0x00007ffc4d720000 - 0x00007ffc4d820000 	C:\Windows\System32\ucrtbase.dll
0x00007ffc2ad60000 - 0x00007ffc2ad79000 	C:\Program Files\Android\Android Studio1\jre\bin\jli.dll
0x00007ffc2cdb0000 - 0x00007ffc2cdc7000 	C:\Program Files\Android\Android Studio1\jre\bin\VCRUNTIME140.dll
0x00007ffc4f650000 - 0x00007ffc4f7f1000 	C:\Windows\System32\USER32.dll
0x00007ffc4dd00000 - 0x00007ffc4dd22000 	C:\Windows\System32\win32u.dll
0x00007ffc3cdf0000 - 0x00007ffc3d08a000 	C:\Windows\WinSxS\amd64_microsoft.windows.common-controls_6595b64144ccf1df_6.0.19041.1110_none_60b5254171f9507e\COMCTL32.dll
0x00007ffc4f950000 - 0x00007ffc4f97b000 	C:\Windows\System32\GDI32.dll
0x00007ffc4f330000 - 0x00007ffc4f3ce000 	C:\Windows\System32\msvcrt.dll
0x00007ffc4db60000 - 0x00007ffc4dc6b000 	C:\Windows\System32\gdi32full.dll
0x00007ffc4d850000 - 0x00007ffc4d8ed000 	C:\Windows\System32\msvcp_win.dll
0x00007ffc4f860000 - 0x00007ffc4f890000 	C:\Windows\System32\IMM32.DLL
0x00007ffc1abb0000 - 0x00007ffc1ac4d000 	C:\Program Files\Android\Android Studio1\jre\bin\msvcp140.dll
0x00007ffc03950000 - 0x00007ffc0441f000 	C:\Program Files\Android\Android Studio1\jre\bin\server\jvm.dll
0x00007ffc4f8a0000 - 0x00007ffc4f94c000 	C:\Windows\System32\ADVAPI32.dll
0x00007ffc4f5b0000 - 0x00007ffc4f64b000 	C:\Windows\System32\sechost.dll
0x00007ffc4e540000 - 0x00007ffc4e66a000 	C:\Windows\System32\RPCRT4.dll
0x00007ffc4fce0000 - 0x00007ffc4fce8000 	C:\Windows\System32\PSAPI.DLL
0x00007ffc45cb0000 - 0x00007ffc45cb9000 	C:\Windows\SYSTEM32\WSOCK32.dll
0x00007ffc4ec00000 - 0x00007ffc4ec6b000 	C:\Windows\System32\WS2_32.dll
0x00007ffc42c20000 - 0x00007ffc42c47000 	C:\Windows\SYSTEM32\WINMM.dll
0x00007ffc42c50000 - 0x00007ffc42c5a000 	C:\Windows\SYSTEM32\VERSION.dll
0x00007ffc4bcd0000 - 0x00007ffc4bce2000 	C:\Windows\SYSTEM32\kernel.appcore.dll
0x00007ffc45b80000 - 0x00007ffc45b91000 	C:\Program Files\Android\Android Studio1\jre\bin\verify.dll
0x00007ffc4b100000 - 0x00007ffc4b2e4000 	C:\Windows\SYSTEM32\DBGHELP.DLL
0x00007ffc384e0000 - 0x00007ffc3850c000 	C:\Windows\SYSTEM32\dbgcore.DLL
0x00007ffc4dc70000 - 0x00007ffc4dcf3000 	C:\Windows\System32\bcryptPrimitives.dll
0x00007ffc3f090000 - 0x00007ffc3f0b9000 	C:\Program Files\Android\Android Studio1\jre\bin\java.dll
0x00007ffc45b70000 - 0x00007ffc45b7b000 	C:\Program Files\Android\Android Studio1\jre\bin\jimage.dll
0x00007ffc45970000 - 0x00007ffc45988000 	C:\Program Files\Android\Android Studio1\jre\bin\zip.dll
0x00007ffc4dda0000 - 0x00007ffc4e4df000 	C:\Windows\System32\SHELL32.dll
0x00007ffc4b300000 - 0x00007ffc4ba90000 	C:\Windows\SYSTEM32\windows.storage.dll
0x00007ffc4f980000 - 0x00007ffc4fcd5000 	C:\Windows\System32\combase.dll
0x00007ffc4ce30000 - 0x00007ffc4ce5e000 	C:\Windows\SYSTEM32\Wldp.dll
0x00007ffc4e750000 - 0x00007ffc4e7fd000 	C:\Windows\System32\SHCORE.dll
0x00007ffc4e9b0000 - 0x00007ffc4ea05000 	C:\Windows\System32\shlwapi.dll
0x00007ffc4d390000 - 0x00007ffc4d3af000 	C:\Windows\SYSTEM32\profapi.dll
0x00007ffc458c0000 - 0x00007ffc458da000 	C:\Program Files\Android\Android Studio1\jre\bin\net.dll
0x00007ffc41360000 - 0x00007ffc4146c000 	C:\Windows\SYSTEM32\WINHTTP.dll
0x00007ffc4cb30000 - 0x00007ffc4cb9a000 	C:\Windows\system32\mswsock.dll
0x00007ffc41700000 - 0x00007ffc41714000 	C:\Program Files\Android\Android Studio1\jre\bin\nio.dll
0x00007ffc24260000 - 0x00007ffc24287000 	C:\Users\rafif\.gradle\native\8bec1ad78214c89d9ad589b4d07fe93259594b29d510b10fafb7a158f7737e5d\windows-amd64\native-platform.dll
0x00007ffc08590000 - 0x00007ffc086cd000 	C:\Users\rafif\.gradle\native\53dbd7edfb1c66fb8903c78663c9afc45aea4f116125fa6feffd364cf09443e8\windows-amd64\native-platform-file-events.dll
0x00007ffc45b60000 - 0x00007ffc45b6a000 	C:\Program Files\Android\Android Studio1\jre\bin\management.dll
0x00007ffc459a0000 - 0x00007ffc459ac000 	C:\Program Files\Android\Android Studio1\jre\bin\management_ext.dll
0x00007ffc4cd20000 - 0x00007ffc4cd38000 	C:\Windows\SYSTEM32\CRYPTSP.dll
0x00007ffc4c4b0000 - 0x00007ffc4c4e4000 	C:\Windows\system32\rsaenh.dll
0x00007ffc4d820000 - 0x00007ffc4d847000 	C:\Windows\System32\bcrypt.dll
0x00007ffc4d310000 - 0x00007ffc4d33e000 	C:\Windows\SYSTEM32\USERENV.dll
0x00007ffc4cd40000 - 0x00007ffc4cd4c000 	C:\Windows\SYSTEM32\CRYPTBASE.dll
0x00007ffc4c820000 - 0x00007ffc4c85b000 	C:\Windows\SYSTEM32\IPHLPAPI.DLL
0x00007ffc4f890000 - 0x00007ffc4f898000 	C:\Windows\System32\NSI.dll
0x00007ffc41160000 - 0x00007ffc41177000 	C:\Windows\SYSTEM32\dhcpcsvc6.DLL
0x00007ffc42f10000 - 0x00007ffc42f2d000 	C:\Windows\SYSTEM32\dhcpcsvc.DLL
0x00007ffc4c860000 - 0x00007ffc4c92b000 	C:\Windows\SYSTEM32\DNSAPI.dll

dbghelp: loaded successfully - version: 4.0.5 - missing functions: none
symbol engine: initialized successfully - sym options: 0x614 - pdb path: .;C:\Program Files\Android\Android Studio1\jre\bin;C:\Windows\SYSTEM32;C:\Windows\WinSxS\amd64_microsoft.windows.common-controls_6595b64144ccf1df_6.0.19041.1110_none_60b5254171f9507e;C:\Program Files\Android\Android Studio1\jre\bin\server;C:\Users\rafif\.gradle\native\8bec1ad78214c89d9ad589b4d07fe93259594b29d510b10fafb7a158f7737e5d\windows-amd64;C:\Users\rafif\.gradle\native\53dbd7edfb1c66fb8903c78663c9afc45aea4f116125fa6feffd364cf09443e8\windows-amd64

VM Arguments:
jvm_args: --add-opens=java.base/java.util=ALL-UNNAMED --add-opens=java.base/java.lang=ALL-UNNAMED --add-opens=java.base/java.lang.invoke=ALL-UNNAMED --add-opens=java.base/java.util=ALL-UNNAMED --add-opens=java.prefs/java.util.prefs=ALL-UNNAMED --add-opens=java.prefs/java.util.prefs=ALL-UNNAMED --add-opens=java.base/java.nio.charset=ALL-UNNAMED --add-opens=java.base/java.net=ALL-UNNAMED --add-opens=java.base/java.util.concurrent.atomic=ALL-UNNAMED -Xmx2048m -Dfile.encoding=UTF-8 -Duser.country=ID -Duser.language=en -Duser.variant 
java_command: org.gradle.launcher.daemon.bootstrap.GradleDaemon 7.0.2
java_class_path (initial): C:\Users\rafif\.gradle\wrapper\dists\gradle-7.0.2-bin\857tjihv64xamwrf0h14cai3r\gradle-7.0.2\lib\gradle-launcher-7.0.2.jar
Launcher Type: SUN_STANDARD

[Global flags]
     intx CICompilerCount                          = 3                                         {product} {ergonomic}
     uint ConcGCThreads                            = 2                                         {product} {ergonomic}
     uint G1ConcRefinementThreads                  = 6                                         {product} {ergonomic}
   size_t G1HeapRegionSize                         = 1048576                                   {product} {ergonomic}
    uintx GCDrainStackTargetSize                   = 64                                        {product} {ergonomic}
   size_t InitialHeapSize                          = 98566144                                  {product} {ergonomic}
   size_t MarkStackSize                            = 4194304                                   {product} {ergonomic}
   size_t MaxHeapSize                              = 2147483648                                {product} {command line}
   size_t MaxNewSize                               = 1287651328                                {product} {ergonomic}
   size_t MinHeapDeltaBytes                        = 1048576                                   {product} {ergonomic}
    uintx NonNMethodCodeHeapSize                   = 5830732                                {pd product} {ergonomic}
    uintx NonProfiledCodeHeapSize                  = 122913754                              {pd product} {ergonomic}
    uintx ProfiledCodeHeapSize                     = 122913754                              {pd product} {ergonomic}
    uintx ReservedCodeCacheSize                    = 251658240                              {pd product} {ergonomic}
     bool SegmentedCodeCache                       = true                                      {product} {ergonomic}
     bool UseCompressedClassPointers               = true                                 {lp64_product} {ergonomic}
     bool UseCompressedOops                        = true                                 {lp64_product} {ergonomic}
     bool UseG1GC                                  = true                                      {product} {ergonomic}
     bool UseLargePagesIndividualAllocation        = false                                  {pd product} {ergonomic}

Logging:
Log output configuration:
 #0: stdout all=warning uptime,level,tags
 #1: stderr all=off uptime,level,tags

Environment Variables:
PATH=C:\Windows\system32;C:\Windows;C:\Windows\System32\Wbem;C:\Windows\System32\WindowsPowerShell\v1.0\;C:\Windows\System32\OpenSSH\;C:\Program Files\Git\cmd;C:\Users\rafif\AppData\Local\Microsoft\WindowsApps;;C:\Users\rafif\AppData\Local\Programs\Microsoft VS Code\bin
USERNAME=rafif
OS=Windows_NT
PROCESSOR_IDENTIFIER=AMD64 Family 23 Model 96 Stepping 1, AuthenticAMD



---------------  S Y S T E M  ---------------

OS: Windows 10 , 64 bit Build 19041 (10.0.19041.1348)
OS uptime: 13 days 0:58 hours

CPU:total 6 (initial active 6) (6 cores per cpu, 1 threads per core) family 23 model 96 stepping 1 microcode 0x0, cmov, cx8, fxsr, mmx, sse, sse2, sse3, ssse3, sse4.1, sse4.2, popcnt, avx, avx2, aes, clmul, mmxext, 3dnowpref, lzcnt, sse4a, tsc, tscinvbit, tscinv, bmi1, bmi2, adx, sha, 

Memory: 4k page, system-wide physical 6013M (313M free)
TotalPageFile size 24445M (AvailPageFile size 2M)
current process WorkingSet (physical memory assigned to process): 302M, peak: 344M
current process commit charge ("private bytes"): 603M, peak: 628M

vm_info: OpenJDK 64-Bit Server VM (11.0.10+0-b96-7249189) for windows-amd64 JRE (11.0.10+0-b96-7249189), built on Mar 31 2021 21:44:00 by "builder" with MS VC++ 14.0 (VS2015)

END.
