#
# There is insufficient memory for the Java Runtime Environment to continue.
# Native memory allocation (mmap) failed to map 353370112 bytes for Failed to commit area from 0x0000000096c00000 to 0x00000000abd00000 of length 353370112.
# Possible reasons:
#   The system is out of physical RAM or swap space
#   The process is running with CompressedOops enabled, and the Java Heap may be blocking the growth of the native heap
# Possible solutions:
#   Reduce memory load on the system
#   Increase physical memory or swap space
#   Check if swap backing store is full
#   Decrease Java heap size (-Xmx/-Xms)
#   Decrease number of Java threads
#   Decrease Java thread stack sizes (-Xss)
#   Set larger code cache with -XX:ReservedCodeCacheSize=
#   JVM is running with Unscaled Compressed Oops mode in which the Java heap is
#     placed in the first 4GB address space. The Java Heap base address is the
#     maximum limit for the native heap growth. Please use -XX:HeapBaseMinAddress
#     to set the Java Heap base and to place the Java Heap above 4GB virtual address.
# This output file may be truncated or incomplete.
#
#  Out of Memory Error (./src/hotspot/os/windows/os_windows.cpp:3301), pid=10288, tid=26216
#
# JRE version: OpenJDK Runtime Environment (11.0.10) (build 11.0.10+0-b96-7249189)
# Java VM: OpenJDK 64-Bit Server VM (11.0.10+0-b96-7249189, mixed mode, tiered, compressed oops, g1 gc, windows-amd64)
# No core dump will be written. Minidumps are not enabled by default on client versions of Windows
#

---------------  S U M M A R Y ------------

Command Line: --add-opens=java.base/java.util=ALL-UNNAMED --add-opens=java.base/java.lang=ALL-UNNAMED --add-opens=java.base/java.lang.invoke=ALL-UNNAMED --add-opens=java.base/java.util=ALL-UNNAMED --add-opens=java.prefs/java.util.prefs=ALL-UNNAMED --add-opens=java.prefs/java.util.prefs=ALL-UNNAMED --add-opens=java.base/java.nio.charset=ALL-UNNAMED --add-opens=java.base/java.net=ALL-UNNAMED --add-opens=java.base/java.util.concurrent.atomic=ALL-UNNAMED -Xmx2048m -Dfile.encoding=UTF-8 -Duser.country=ID -Duser.language=en -Duser.variant org.gradle.launcher.daemon.bootstrap.GradleDaemon 7.0.2

Host: AMD Ryzen 5 4500U with Radeon Graphics         , 6 cores, 5G,  Windows 10 , 64 bit Build 19041 (10.0.19041.1348)
Time: Fri Nov 26 10:57:43 2021 SE Asia Standard Time elapsed time: 25.445502 seconds (0d 0h 0m 25s)

---------------  T H R E A D  ---------------

Current thread (0x000002255d028800):  VMThread "VM Thread" [stack: 0x00000082d1100000,0x00000082d1200000] [id=26216]

Stack: [0x00000082d1100000,0x00000082d1200000]
[error occurred during error reporting (printing stack bounds), id 0xc0000005, EXCEPTION_ACCESS_VIOLATION (0xc0000005) at pc=0x0000022546360f2d]

Native frames: (J=compiled Java code, j=interpreted, Vv=VM code, C=native code)
V  [jvm.dll+0x5ecfaa]
V  [jvm.dll+0x722bd5]
V  [jvm.dll+0x72412d]
V  [jvm.dll+0x724745]
V  [jvm.dll+0x7246fb]
V  [jvm.dll+0x5ec348]
V  [jvm.dll+0x5ecad8]
C  [ntdll.dll+0xa20cf]
C  [ntdll.dll+0x51454]
C  [ntdll.dll+0xa0bfe]
C  0x0000022546360f2d

VM_Operation (0x00000082d52fcc30): G1CollectForAllocation, mode: safepoint, requested by thread 0x0000022563f3c000


---------------  P R O C E S S  ---------------

Threads class SMR info:
_java_thread_list=0x000002256086aad0, length=66, elements={
0x000002254286b000, 0x000002255d02d000, 0x000002255d038800, 0x000002255d9d2800,
0x000002255d04a000, 0x000002255d04b000, 0x000002255d04e000, 0x000002255d05b800,
0x000002255d062800, 0x000002255db00000, 0x000002255ee6f000, 0x000002255ec1f800,
0x000002255f20a800, 0x000002255f505000, 0x000002255f48f800, 0x000002255f12d000,
0x000002255ff7b000, 0x000002255f53f000, 0x000002255f45d000, 0x000002255fa35800,
0x000002255fa38800, 0x000002255fa3b000, 0x000002255fa39800, 0x000002255fa36000,
0x000002255fa37000, 0x000002255fa3c000, 0x000002255fa3a000, 0x000002255fa37800,
0x000002256223c800, 0x000002256223a000, 0x0000022562237800, 0x000002256223d800,
0x000002256223e000, 0x000002256223b000, 0x0000022562238800, 0x0000022562244000,
0x0000022562243000, 0x0000022562242000, 0x0000022562244800, 0x000002256223f000,
0x0000022562240800, 0x0000022562245800, 0x0000022562241800, 0x000002256223f800,
0x0000022562246800, 0x0000022563f2e800, 0x0000022563f32800, 0x0000022563f33000,
0x0000022563f34000, 0x0000022563f35000, 0x0000022563f2f000, 0x0000022563f30800,
0x0000022563f35800, 0x0000022563f30000, 0x0000022563f36800, 0x0000022563f37800,
0x0000022563f31800, 0x0000022563f38000, 0x0000022563f3c000, 0x0000022563f39000,
0x0000022563f39800, 0x0000022563f3a800, 0x0000022563f3b800, 0x0000022563f3d000,
0x000002256058d800, 0x000002256058e800
}

Java Threads: ( => current thread )
  0x000002254286b000 JavaThread "main" [_thread_blocked, id=28120, stack(0x00000082d0b00000,0x00000082d0c00000)]
  0x000002255d02d000 JavaThread "Reference Handler" daemon [_thread_blocked, id=15048, stack(0x00000082d1200000,0x00000082d1300000)]
  0x000002255d038800 JavaThread "Finalizer" daemon [_thread_blocked, id=32176, stack(0x00000082d1300000,0x00000082d1400000)]
  0x000002255d9d2800 JavaThread "Signal Dispatcher" daemon [_thread_blocked, id=3256, stack(0x00000082d1400000,0x00000082d1500000)]
  0x000002255d04a000 JavaThread "Attach Listener" daemon [_thread_blocked, id=12924, stack(0x00000082d1500000,0x00000082d1600000)]
  0x000002255d04b000 JavaThread "Service Thread" daemon [_thread_blocked, id=7316, stack(0x00000082d1600000,0x00000082d1700000)]
  0x000002255d04e000 JavaThread "C2 CompilerThread0" daemon [_thread_blocked, id=33108, stack(0x00000082d1700000,0x00000082d1800000)]
  0x000002255d05b800 JavaThread "C1 CompilerThread0" daemon [_thread_blocked, id=28952, stack(0x00000082d1800000,0x00000082d1900000)]
  0x000002255d062800 JavaThread "Sweeper thread" daemon [_thread_blocked, id=31068, stack(0x00000082d1900000,0x00000082d1a00000)]
  0x000002255db00000 JavaThread "Common-Cleaner" daemon [_thread_blocked, id=30576, stack(0x00000082d1a00000,0x00000082d1b00000)]
  0x000002255ee6f000 JavaThread "Daemon health stats" [_thread_blocked, id=32808, stack(0x00000082d1d00000,0x00000082d1e00000)]
  0x000002255ec1f800 JavaThread "Incoming local TCP Connector on port 64930" [_thread_in_native, id=33284, stack(0x00000082d1e00000,0x00000082d1f00000)]
  0x000002255f20a800 JavaThread "Daemon periodic checks" [_thread_blocked, id=25800, stack(0x00000082d1f00000,0x00000082d2000000)]
  0x000002255f505000 JavaThread "Daemon" [_thread_blocked, id=952, stack(0x00000082d2000000,0x00000082d2100000)]
  0x000002255f48f800 JavaThread "Handler for socket connection from /127.0.0.1:64930 to /127.0.0.1:64931" [_thread_in_native, id=13620, stack(0x00000082d2100000,0x00000082d2200000)]
  0x000002255f12d000 JavaThread "Cancel handler" [_thread_blocked, id=2760, stack(0x00000082d2200000,0x00000082d2300000)]
  0x000002255ff7b000 JavaThread "Daemon worker" [_thread_blocked, id=17260, stack(0x00000082d2300000,0x00000082d2400000)]
  0x000002255f53f000 JavaThread "Asynchronous log dispatcher for DefaultDaemonConnection: socket connection from /127.0.0.1:64930 to /127.0.0.1:64931" [_thread_blocked, id=25316, stack(0x00000082d2400000,0x00000082d2500000)]
  0x000002255f45d000 JavaThread "Stdin handler" [_thread_blocked, id=32884, stack(0x00000082d2500000,0x00000082d2600000)]
  0x000002255fa35800 JavaThread "Daemon client event forwarder" [_thread_blocked, id=6656, stack(0x00000082d2600000,0x00000082d2700000)]
  0x000002255fa38800 JavaThread "Cache worker for file hash cache (C:\Users\rafif\.gradle\caches\7.0.2\fileHashes)" [_thread_blocked, id=16664, stack(0x00000082d2b00000,0x00000082d2c00000)]
  0x000002255fa3b000 JavaThread "File lock request listener" [_thread_in_native, id=17952, stack(0x00000082d2c00000,0x00000082d2d00000)]
  0x000002255fa39800 JavaThread "Cache worker for journal cache (C:\Users\rafif\.gradle\caches\journal-1)" [_thread_blocked, id=25356, stack(0x00000082d2e00000,0x00000082d2f00000)]
  0x000002255fa36000 JavaThread "Cache worker for file hash cache (C:\Users\rafif\AndroidStudioProjects\RecipeApp\.gradle\7.0.2\fileHashes)" [_thread_blocked, id=9560, stack(0x00000082d2f00000,0x00000082d3000000)]
  0x000002255fa37000 JavaThread "File watcher server" daemon [_thread_blocked, id=25984, stack(0x00000082d3000000,0x00000082d3100000)]
  0x000002255fa3c000 JavaThread "File watcher consumer" daemon [_thread_blocked, id=30276, stack(0x00000082d3100000,0x00000082d3200000)]
  0x000002255fa3a000 JavaThread "Cache worker for checksums cache (C:\Users\rafif\AndroidStudioProjects\RecipeApp\.gradle\checksums)" [_thread_blocked, id=33648, stack(0x00000082d3200000,0x00000082d3300000)]
  0x000002255fa37800 JavaThread "Cache worker for cache directory md-supplier (C:\Users\rafif\.gradle\caches\7.0.2\md-supplier)" [_thread_blocked, id=26180, stack(0x00000082d3300000,0x00000082d3400000)]
  0x000002256223c800 JavaThread "Cache worker for cache directory md-rule (C:\Users\rafif\.gradle\caches\7.0.2\md-rule)" [_thread_blocked, id=32892, stack(0x00000082d3400000,0x00000082d3500000)]
  0x000002256223a000 JavaThread "Cache worker for execution history cache (C:\Users\rafif\.gradle\caches\7.0.2\executionHistory)" [_thread_blocked, id=3564, stack(0x00000082d3500000,0x00000082d3600000)]
  0x0000022562237800 JavaThread "jar transforms" [_thread_blocked, id=20520, stack(0x00000082d3600000,0x00000082d3700000)]
  0x000002256223d800 JavaThread "jar transforms Thread 2" [_thread_blocked, id=20180, stack(0x00000082d3700000,0x00000082d3800000)]
  0x000002256223e000 JavaThread "Cache worker for file content cache (C:\Users\rafif\.gradle\caches\7.0.2\fileContent)" [_thread_blocked, id=19168, stack(0x00000082d3800000,0x00000082d3900000)]
  0x000002256223b000 JavaThread "Cache worker for dependencies-accessors (C:\Users\rafif\AndroidStudioProjects\RecipeApp\.gradle\7.0.2\dependencies-accessors)" [_thread_blocked, id=33000, stack(0x00000082d3900000,0x00000082d3a00000)]
  0x0000022562238800 JavaThread "jar transforms Thread 3" [_thread_blocked, id=32412, stack(0x00000082d3a00000,0x00000082d3b00000)]
  0x0000022562244000 JavaThread "Cache worker for Build Output Cleanup Cache (C:\Users\rafif\AndroidStudioProjects\RecipeApp\.gradle\buildOutputCleanup)" [_thread_blocked, id=14812, stack(0x00000082d3b00000,0x00000082d3c00000)]
  0x0000022562243000 JavaThread "Build operations" [_thread_blocked, id=25608, stack(0x00000082d3c00000,0x00000082d3d00000)]
  0x0000022562242000 JavaThread "Build operations Thread 2" [_thread_blocked, id=13232, stack(0x00000082d3d00000,0x00000082d3e00000)]
  0x0000022562244800 JavaThread "Build operations Thread 3" [_thread_blocked, id=17344, stack(0x00000082d3e00000,0x00000082d3f00000)]
  0x000002256223f000 JavaThread "Build operations Thread 4" [_thread_blocked, id=32372, stack(0x00000082d3f00000,0x00000082d4000000)]
  0x0000022562240800 JavaThread "Build operations Thread 5" [_thread_blocked, id=24852, stack(0x00000082d4000000,0x00000082d4100000)]
  0x0000022562245800 JavaThread "Build operations Thread 6" [_thread_blocked, id=17052, stack(0x00000082d4100000,0x00000082d4200000)]
  0x0000022562241800 JavaThread "jar transforms Thread 4" [_thread_blocked, id=18636, stack(0x00000082d4200000,0x00000082d4300000)]
  0x000002256223f800 JavaThread "jar transforms Thread 5" [_thread_blocked, id=33660, stack(0x00000082d4300000,0x00000082d4400000)]
  0x0000022562246800 JavaThread "jar transforms Thread 6" [_thread_blocked, id=11092, stack(0x00000082d4400000,0x00000082d4500000)]
  0x0000022563f2e800 JavaThread "Memory manager" [_thread_blocked, id=11728, stack(0x00000082d4500000,0x00000082d4600000)]
  0x0000022563f32800 JavaThread "build event listener" [_thread_blocked, id=33144, stack(0x00000082d4600000,0x00000082d4700000)]
  0x0000022563f33000 JavaThread "Execution worker for ':'" [_thread_blocked, id=23376, stack(0x00000082d4700000,0x00000082d4800000)]
  0x0000022563f34000 JavaThread "Execution worker for ':' Thread 2" [_thread_blocked, id=33788, stack(0x00000082d4800000,0x00000082d4900000)]
  0x0000022563f35000 JavaThread "Execution worker for ':' Thread 3" [_thread_blocked, id=9580, stack(0x00000082d4900000,0x00000082d4a00000)]
  0x0000022563f2f000 JavaThread "Execution worker for ':' Thread 4" [_thread_blocked, id=12976, stack(0x00000082d4a00000,0x00000082d4b00000)]
  0x0000022563f30800 JavaThread "Execution worker for ':' Thread 5" [_thread_blocked, id=28376, stack(0x00000082d4b00000,0x00000082d4c00000)]
  0x0000022563f35800 JavaThread "Cache worker for execution history cache (C:\Users\rafif\AndroidStudioProjects\RecipeApp\.gradle\7.0.2\executionHistory)" [_thread_blocked, id=416, stack(0x00000082d4c00000,0x00000082d4d00000)]
  0x0000022563f30000 JavaThread "WorkerExecutor Queue" [_thread_blocked, id=25760, stack(0x00000082d4d00000,0x00000082d4e00000)]
  0x0000022563f36800 JavaThread "pool-3-thread-1" [_thread_blocked, id=21812, stack(0x00000082d4e00000,0x00000082d4f00000)]
  0x0000022563f37800 JavaThread "stderr" [_thread_in_native, id=32820, stack(0x00000082d4f00000,0x00000082d5000000)]
  0x0000022563f31800 JavaThread "stdout" [_thread_in_native, id=33056, stack(0x00000082d5000000,0x00000082d5100000)]
  0x0000022563f38000 JavaThread "WorkerExecutor Queue Thread 2" [_thread_blocked, id=16376, stack(0x00000082d5100000,0x00000082d5200000)]
  0x0000022563f3c000 JavaThread "WorkerExecutor Queue Thread 3" [_thread_blocked, id=24796, stack(0x00000082d5200000,0x00000082d5300000)]
  0x0000022563f39000 JavaThread "WorkerExecutor Queue Thread 4" [_thread_blocked, id=19508, stack(0x00000082d5300000,0x00000082d5400000)]
  0x0000022563f39800 JavaThread "ForkJoinPool-1-worker-3" daemon [_thread_blocked, id=24708, stack(0x00000082d5400000,0x00000082d5500000)]
  0x0000022563f3a800 JavaThread "ForkJoinPool-1-worker-5" daemon [_thread_blocked, id=30040, stack(0x00000082d5500000,0x00000082d5600000)]
  0x0000022563f3b800 JavaThread "ForkJoinPool-1-worker-7" daemon [_thread_blocked, id=15612, stack(0x00000082d5600000,0x00000082d5700000)]
  0x0000022563f3d000 JavaThread "ForkJoinPool-1-worker-9" daemon [_thread_blocked, id=33044, stack(0x00000082d5700000,0x00000082d5800000)]
  0x000002256058d800 JavaThread "ForkJoinPool-1-worker-11" daemon [_thread_blocked, id=6172, stack(0x00000082d5800000,0x00000082d5900000)]
  0x000002256058e800 JavaThread "ForkJoinPool-1-worker-13" daemon [_thread_blocked, id=31264, stack(0x00000082d5900000,0x00000082d5a00000)]

Other Threads:
=>0x000002255d028800 VMThread "VM Thread" [stack: 0x00000082d1100000,0x00000082d1200000] [id=26216]
  0x000002255db2b000 WatcherThread [stack: 0x00000082d1b00000,0x00000082d1c00000] [id=30280]
  0x0000022542883000 GCTaskThread "GC Thread#0" [stack: 0x00000082d0c00000,0x00000082d0d00000] [id=14888]
  0x000002255e262800 GCTaskThread "GC Thread#1" [stack: 0x00000082d1c00000,0x00000082d1d00000] [id=26952]
  0x000002255fa78000 GCTaskThread "GC Thread#2" [stack: 0x00000082d2700000,0x00000082d2800000] [id=29360]
  0x000002255f452800 GCTaskThread "GC Thread#3" [stack: 0x00000082d2800000,0x00000082d2900000] [id=28772]
  0x000002255f453800 GCTaskThread "GC Thread#4" [stack: 0x00000082d2900000,0x00000082d2a00000] [id=25756]
  0x000002255fda9000 GCTaskThread "GC Thread#5" [stack: 0x00000082d2a00000,0x00000082d2b00000] [id=32864]
  0x00000225428b4000 ConcurrentGCThread "G1 Main Marker" [stack: 0x00000082d0d00000,0x00000082d0e00000] [id=30076]
  0x00000225428b6800 ConcurrentGCThread "G1 Conc#0" [stack: 0x00000082d0e00000,0x00000082d0f00000] [id=30196]
  0x000002255fbd2000 ConcurrentGCThread "G1 Conc#1" [stack: 0x00000082d2d00000,0x00000082d2e00000] [id=12148]
  0x0000022542926000 ConcurrentGCThread "G1 Refine#0" [stack: 0x00000082d0f00000,0x00000082d1000000] [id=23876]
  0x000002256583c800 ConcurrentGCThread "G1 Refine#1" [stack: 0x00000082d5a00000,0x00000082d5b00000] [id=25552]
  0x00000225608bd000 ConcurrentGCThread "G1 Refine#2" [stack: 0x00000082d5b00000,0x00000082d5c00000] [id=3800]
  0x0000022564167800 ConcurrentGCThread "G1 Refine#3" [stack: 0x00000082d5c00000,0x00000082d5d00000] [id=23588]
  0x0000022563fc9000 ConcurrentGCThread "G1 Refine#4" [stack: 0x00000082d5d00000,0x00000082d5e00000] [id=13144]
  0x000002255e828000 ConcurrentGCThread "G1 Refine#5" [stack: 0x00000082d5e00000,0x00000082d5f00000] [id=30664]
  0x0000022542927000 ConcurrentGCThread "G1 Young RemSet Sampling" [stack: 0x00000082d1000000,0x00000082d1100000] [id=32744]

Threads with active compile tasks:
C2 CompilerThread0  25495 11314 %     4       com.android.tools.r8.dex.j::a @ 315 (1038 bytes)

VM state:at safepoint (normal execution)

VM Mutex/Monitor currently owned by a thread:  ([mutex/lock_event])
[0x0000022542866e30] Threads_lock - owner thread: 0x000002255d028800
[0x0000022542867730] Heap_lock - owner thread: 0x0000022563f3c000

Heap address: 0x0000000080000000, size: 2048 MB, Compressed Oops mode: 32-bit
Narrow klass base: 0x0000000000000000, Narrow klass shift: 3
Compressed class space size: 1073741824 Address: 0x0000000100000000

Heap:
 garbage-first heap   total 717824K, used 194953K [0x0000000080000000, 0x0000000100000000)
  region size 1024K, 5 young (5120K), 5 survivors (5120K)
 Metaspace       used 96210K, capacity 98663K, committed 98816K, reserved 1134592K
  class space    used 12630K, capacity 13535K, committed 13568K, reserved 1048576K
Heap Regions: E=young(eden), S=young(survivor), O=old, HS=humongous(starts), HC=humongous(continues), CS=collection set, F=free, A=archive, TAMS=top-at-mark-start (previous, next)
|   0|0x0000000080000000, 0x0000000080100000, 0x0000000080100000|100%| O|  |TAMS 0x0000000080100000, 0x0000000080100000| Untracked 
|   1|0x0000000080100000, 0x0000000080200000, 0x0000000080200000|100%| O|  |TAMS 0x0000000080200000, 0x0000000080200000| Untracked 
|   2|0x0000000080200000, 0x0000000080300000, 0x0000000080300000|100%| O|  |TAMS 0x0000000080300000, 0x0000000080300000| Untracked 
|   3|0x0000000080300000, 0x0000000080400000, 0x0000000080400000|100%|HS|  |TAMS 0x0000000080400000, 0x0000000080400000| Complete 
|   4|0x0000000080400000, 0x0000000080500000, 0x0000000080500000|100%|HC|  |TAMS 0x0000000080500000, 0x0000000080500000| Complete 
|   5|0x0000000080500000, 0x0000000080600000, 0x0000000080600000|100%|HC|  |TAMS 0x0000000080600000, 0x0000000080600000| Complete 
|   6|0x0000000080600000, 0x0000000080700000, 0x0000000080700000|100%| O|  |TAMS 0x0000000080700000, 0x0000000080700000| Untracked 
|   7|0x0000000080700000, 0x0000000080800000, 0x0000000080800000|100%| O|  |TAMS 0x0000000080800000, 0x0000000080800000| Untracked 
|   8|0x0000000080800000, 0x0000000080900000, 0x0000000080900000|100%| O|  |TAMS 0x0000000080900000, 0x0000000080900000| Untracked 
|   9|0x0000000080900000, 0x0000000080a00000, 0x0000000080a00000|100%| O|  |TAMS 0x0000000080a00000, 0x0000000080a00000| Untracked 
|  10|0x0000000080a00000, 0x0000000080b00000, 0x0000000080b00000|100%| O|  |TAMS 0x0000000080b00000, 0x0000000080b00000| Untracked 
|  11|0x0000000080b00000, 0x0000000080c00000, 0x0000000080c00000|100%| O|  |TAMS 0x0000000080c00000, 0x0000000080c00000| Untracked 
|  12|0x0000000080c00000, 0x0000000080d00000, 0x0000000080d00000|100%| O|  |TAMS 0x0000000080d00000, 0x0000000080d00000| Untracked 
|  13|0x0000000080d00000, 0x0000000080e00000, 0x0000000080e00000|100%| O|  |TAMS 0x0000000080e00000, 0x0000000080e00000| Untracked 
|  14|0x0000000080e00000, 0x0000000080f00000, 0x0000000080f00000|100%| O|  |TAMS 0x0000000080f00000, 0x0000000080f00000| Untracked 
|  15|0x0000000080f00000, 0x0000000081000000, 0x0000000081000000|100%| O|  |TAMS 0x0000000081000000, 0x0000000081000000| Untracked 
|  16|0x0000000081000000, 0x0000000081100000, 0x0000000081100000|100%|HS|  |TAMS 0x0000000081100000, 0x0000000081100000| Complete 
|  17|0x0000000081100000, 0x0000000081200000, 0x0000000081200000|100%| O|  |TAMS 0x0000000081200000, 0x0000000081200000| Untracked 
|  18|0x0000000081200000, 0x0000000081300000, 0x0000000081300000|100%| O|  |TAMS 0x0000000081300000, 0x0000000081300000| Untracked 
|  19|0x0000000081300000, 0x0000000081400000, 0x0000000081400000|100%| O|  |TAMS 0x0000000081400000, 0x0000000081400000| Untracked 
|  20|0x0000000081400000, 0x0000000081500000, 0x0000000081500000|100%| O|  |TAMS 0x0000000081500000, 0x0000000081500000| Untracked 
|  21|0x0000000081500000, 0x0000000081600000, 0x0000000081600000|100%| O|  |TAMS 0x0000000081600000, 0x0000000081600000| Untracked 
|  22|0x0000000081600000, 0x0000000081700000, 0x0000000081700000|100%| O|  |TAMS 0x0000000081700000, 0x0000000081700000| Untracked 
|  23|0x0000000081700000, 0x0000000081800000, 0x0000000081800000|100%| O|  |TAMS 0x0000000081800000, 0x0000000081800000| Untracked 
|  24|0x0000000081800000, 0x0000000081900000, 0x0000000081900000|100%| O|  |TAMS 0x0000000081900000, 0x0000000081900000| Untracked 
|  25|0x0000000081900000, 0x0000000081a00000, 0x0000000081a00000|100%| O|  |TAMS 0x0000000081a00000, 0x0000000081a00000| Untracked 
|  26|0x0000000081a00000, 0x0000000081b00000, 0x0000000081b00000|100%|HS|  |TAMS 0x0000000081b00000, 0x0000000081b00000| Complete 
|  27|0x0000000081b00000, 0x0000000081c00000, 0x0000000081c00000|100%|HS|  |TAMS 0x0000000081c00000, 0x0000000081c00000| Complete 
|  28|0x0000000081c00000, 0x0000000081d00000, 0x0000000081d00000|100%|HS|  |TAMS 0x0000000081d00000, 0x0000000081d00000| Complete 
|  29|0x0000000081d00000, 0x0000000081e00000, 0x0000000081e00000|100%|HC|  |TAMS 0x0000000081e00000, 0x0000000081e00000| Complete 
|  30|0x0000000081e00000, 0x0000000081f00000, 0x0000000081f00000|100%|HC|  |TAMS 0x0000000081f00000, 0x0000000081f00000| Complete 
|  31|0x0000000081f00000, 0x0000000082000000, 0x0000000082000000|100%|HS|  |TAMS 0x0000000082000000, 0x0000000082000000| Complete 
|  32|0x0000000082000000, 0x0000000082100000, 0x0000000082100000|100%|HC|  |TAMS 0x0000000082100000, 0x0000000082100000| Complete 
|  33|0x0000000082100000, 0x0000000082200000, 0x0000000082200000|100%| O|  |TAMS 0x0000000082200000, 0x0000000082200000| Untracked 
|  34|0x0000000082200000, 0x0000000082300000, 0x0000000082300000|100%| O|  |TAMS 0x0000000082300000, 0x0000000082300000| Untracked 
|  35|0x0000000082300000, 0x0000000082400000, 0x0000000082400000|100%| O|  |TAMS 0x0000000082400000, 0x0000000082400000| Untracked 
|  36|0x0000000082400000, 0x0000000082500000, 0x0000000082500000|100%| O|  |TAMS 0x0000000082500000, 0x0000000082500000| Untracked 
|  37|0x0000000082500000, 0x0000000082600000, 0x0000000082600000|100%| O|  |TAMS 0x0000000082600000, 0x0000000082600000| Untracked 
|  38|0x0000000082600000, 0x0000000082700000, 0x0000000082700000|100%| O|  |TAMS 0x0000000082700000, 0x0000000082700000| Untracked 
|  39|0x0000000082700000, 0x0000000082800000, 0x0000000082800000|100%| O|  |TAMS 0x0000000082800000, 0x0000000082800000| Untracked 
|  40|0x0000000082800000, 0x0000000082900000, 0x0000000082900000|100%| O|  |TAMS 0x0000000082900000, 0x0000000082900000| Untracked 
|  41|0x0000000082900000, 0x0000000082a00000, 0x0000000082a00000|100%| O|  |TAMS 0x0000000082a00000, 0x0000000082a00000| Untracked 
|  42|0x0000000082a00000, 0x0000000082b00000, 0x0000000082b00000|100%| O|  |TAMS 0x0000000082b00000, 0x0000000082b00000| Untracked 
|  43|0x0000000082b00000, 0x0000000082c00000, 0x0000000082c00000|100%| O|  |TAMS 0x0000000082c00000, 0x0000000082c00000| Untracked 
|  44|0x0000000082c00000, 0x0000000082d00000, 0x0000000082d00000|100%| O|  |TAMS 0x0000000082d00000, 0x0000000082d00000| Untracked 
|  45|0x0000000082d00000, 0x0000000082e00000, 0x0000000082e00000|100%| O|  |TAMS 0x0000000082e00000, 0x0000000082e00000| Untracked 
|  46|0x0000000082e00000, 0x0000000082f00000, 0x0000000082f00000|100%| O|  |TAMS 0x0000000082f00000, 0x0000000082f00000| Untracked 
|  47|0x0000000082f00000, 0x0000000083000000, 0x0000000083000000|100%| O|  |TAMS 0x0000000083000000, 0x0000000083000000| Untracked 
|  48|0x0000000083000000, 0x0000000083100000, 0x0000000083100000|100%| O|  |TAMS 0x0000000083100000, 0x0000000083100000| Untracked 
|  49|0x0000000083100000, 0x0000000083200000, 0x0000000083200000|100%| O|  |TAMS 0x0000000083200000, 0x0000000083200000| Untracked 
|  50|0x0000000083200000, 0x0000000083300000, 0x0000000083300000|100%| O|  |TAMS 0x0000000083300000, 0x0000000083300000| Untracked 
|  51|0x0000000083300000, 0x0000000083400000, 0x0000000083400000|100%| O|  |TAMS 0x0000000083400000, 0x0000000083400000| Untracked 
|  52|0x0000000083400000, 0x0000000083500000, 0x0000000083500000|100%| O|  |TAMS 0x0000000083500000, 0x0000000083500000| Untracked 
|  53|0x0000000083500000, 0x0000000083600000, 0x0000000083600000|100%| O|  |TAMS 0x0000000083600000, 0x0000000083600000| Untracked 
|  54|0x0000000083600000, 0x0000000083700000, 0x0000000083700000|100%| O|  |TAMS 0x0000000083700000, 0x0000000083700000| Untracked 
|  55|0x0000000083700000, 0x0000000083800000, 0x0000000083800000|100%| O|  |TAMS 0x0000000083800000, 0x0000000083800000| Untracked 
|  56|0x0000000083800000, 0x0000000083900000, 0x0000000083900000|100%| O|  |TAMS 0x0000000083900000, 0x0000000083900000| Untracked 
|  57|0x0000000083900000, 0x0000000083a00000, 0x0000000083a00000|100%| O|  |TAMS 0x0000000083a00000, 0x0000000083a00000| Untracked 
|  58|0x0000000083a00000, 0x0000000083b00000, 0x0000000083b00000|100%| O|  |TAMS 0x0000000083b00000, 0x0000000083b00000| Untracked 
|  59|0x0000000083b00000, 0x0000000083c00000, 0x0000000083c00000|100%| O|  |TAMS 0x0000000083c00000, 0x0000000083c00000| Untracked 
|  60|0x0000000083c00000, 0x0000000083d00000, 0x0000000083d00000|100%| O|  |TAMS 0x0000000083d00000, 0x0000000083d00000| Untracked 
|  61|0x0000000083d00000, 0x0000000083e00000, 0x0000000083e00000|100%| O|  |TAMS 0x0000000083e00000, 0x0000000083e00000| Untracked 
|  62|0x0000000083e00000, 0x0000000083f00000, 0x0000000083f00000|100%| O|  |TAMS 0x0000000083f00000, 0x0000000083f00000| Untracked 
|  63|0x0000000083f00000, 0x0000000084000000, 0x0000000084000000|100%| O|  |TAMS 0x0000000084000000, 0x0000000084000000| Untracked 
|  64|0x0000000084000000, 0x0000000084100000, 0x0000000084100000|100%| O|  |TAMS 0x0000000084100000, 0x0000000084100000| Untracked 
|  65|0x0000000084100000, 0x0000000084200000, 0x0000000084200000|100%| O|  |TAMS 0x0000000084200000, 0x0000000084200000| Untracked 
|  66|0x0000000084200000, 0x0000000084300000, 0x0000000084300000|100%| O|  |TAMS 0x0000000084300000, 0x0000000084300000| Untracked 
|  67|0x0000000084300000, 0x0000000084400000, 0x0000000084400000|100%| O|  |TAMS 0x0000000084400000, 0x0000000084400000| Untracked 
|  68|0x0000000084400000, 0x0000000084500000, 0x0000000084500000|100%| O|  |TAMS 0x0000000084500000, 0x0000000084500000| Untracked 
|  69|0x0000000084500000, 0x0000000084600000, 0x0000000084600000|100%| O|  |TAMS 0x0000000084600000, 0x0000000084600000| Untracked 
|  70|0x0000000084600000, 0x0000000084700000, 0x0000000084700000|100%| O|  |TAMS 0x0000000084700000, 0x0000000084700000| Untracked 
|  71|0x0000000084700000, 0x0000000084800000, 0x0000000084800000|100%| O|  |TAMS 0x0000000084800000, 0x0000000084800000| Untracked 
|  72|0x0000000084800000, 0x0000000084900000, 0x0000000084900000|100%| O|  |TAMS 0x0000000084900000, 0x0000000084900000| Untracked 
|  73|0x0000000084900000, 0x0000000084a00000, 0x0000000084a00000|100%| O|  |TAMS 0x0000000084a00000, 0x0000000084a00000| Untracked 
|  74|0x0000000084a00000, 0x0000000084b00000, 0x0000000084b00000|100%|HS|  |TAMS 0x0000000084b00000, 0x0000000084b00000| Complete 
|  75|0x0000000084b00000, 0x0000000084c00000, 0x0000000084c00000|100%|HC|  |TAMS 0x0000000084c00000, 0x0000000084c00000| Complete 
|  76|0x0000000084c00000, 0x0000000084d00000, 0x0000000084d00000|100%|HS|  |TAMS 0x0000000084d00000, 0x0000000084d00000| Complete 
|  77|0x0000000084d00000, 0x0000000084e00000, 0x0000000084e00000|100%|HC|  |TAMS 0x0000000084e00000, 0x0000000084e00000| Complete 
|  78|0x0000000084e00000, 0x0000000084f00000, 0x0000000084f00000|100%|HS|  |TAMS 0x0000000084f00000, 0x0000000084f00000| Complete 
|  79|0x0000000084f00000, 0x0000000085000000, 0x0000000085000000|100%|HS|  |TAMS 0x0000000085000000, 0x0000000085000000| Complete 
|  80|0x0000000085000000, 0x0000000085100000, 0x0000000085100000|100%|HS|  |TAMS 0x0000000085100000, 0x0000000085100000| Complete 
|  81|0x0000000085100000, 0x0000000085200000, 0x0000000085200000|100%| O|  |TAMS 0x0000000085200000, 0x0000000085200000| Untracked 
|  82|0x0000000085200000, 0x0000000085300000, 0x0000000085300000|100%| O|  |TAMS 0x0000000085300000, 0x0000000085300000| Untracked 
|  83|0x0000000085300000, 0x0000000085400000, 0x0000000085400000|100%| O|  |TAMS 0x0000000085400000, 0x0000000085400000| Untracked 
|  84|0x0000000085400000, 0x0000000085500000, 0x0000000085500000|100%|HS|  |TAMS 0x0000000085500000, 0x0000000085500000| Complete 
|  85|0x0000000085500000, 0x0000000085600000, 0x0000000085600000|100%|HS|  |TAMS 0x0000000085600000, 0x0000000085600000| Complete 
|  86|0x0000000085600000, 0x0000000085700000, 0x0000000085700000|100%|HC|  |TAMS 0x0000000085700000, 0x0000000085700000| Complete 
|  87|0x0000000085700000, 0x0000000085800000, 0x0000000085800000|100%|HC|  |TAMS 0x0000000085800000, 0x0000000085800000| Complete 
|  88|0x0000000085800000, 0x0000000085900000, 0x0000000085900000|100%| O|  |TAMS 0x0000000085900000, 0x0000000085900000| Untracked 
|  89|0x0000000085900000, 0x0000000085a00000, 0x0000000085a00000|100%| O|  |TAMS 0x0000000085a00000, 0x0000000085a00000| Untracked 
|  90|0x0000000085a00000, 0x0000000085b00000, 0x0000000085b00000|100%| O|  |TAMS 0x0000000085b00000, 0x0000000085b00000| Untracked 
|  91|0x0000000085b00000, 0x0000000085c00000, 0x0000000085c00000|100%| O|  |TAMS 0x0000000085c00000, 0x0000000085c00000| Untracked 
|  92|0x0000000085c00000, 0x0000000085d00000, 0x0000000085d00000|100%| O|  |TAMS 0x0000000085d00000, 0x0000000085d00000| Untracked 
|  93|0x0000000085d00000, 0x0000000085e00000, 0x0000000085e00000|100%| O|  |TAMS 0x0000000085e00000, 0x0000000085e00000| Untracked 
|  94|0x0000000085e00000, 0x0000000085f00000, 0x0000000085f00000|100%| O|  |TAMS 0x0000000085f00000, 0x0000000085f00000| Untracked 
|  95|0x0000000085f00000, 0x0000000086000000, 0x0000000086000000|100%| O|  |TAMS 0x0000000085fac800, 0x0000000086000000| Untracked 
|  96|0x0000000086000000, 0x0000000086100000, 0x0000000086100000|100%| O|  |TAMS 0x0000000086000000, 0x0000000086100000| Untracked 
|  97|0x0000000086100000, 0x0000000086200000, 0x0000000086200000|100%| O|  |TAMS 0x0000000086100000, 0x0000000086200000| Untracked 
|  98|0x0000000086200000, 0x0000000086300000, 0x0000000086300000|100%|HS|  |TAMS 0x0000000086200000, 0x0000000086300000| Complete 
|  99|0x0000000086300000, 0x0000000086400000, 0x0000000086400000|100%|HC|  |TAMS 0x0000000086300000, 0x0000000086400000| Complete 
| 100|0x0000000086400000, 0x0000000086500000, 0x0000000086500000|100%| O|  |TAMS 0x0000000086400000, 0x0000000086500000| Untracked 
| 101|0x0000000086500000, 0x0000000086600000, 0x0000000086600000|100%| O|  |TAMS 0x0000000086500000, 0x0000000086600000| Untracked 
| 102|0x0000000086600000, 0x0000000086700000, 0x0000000086700000|100%|HS|  |TAMS 0x0000000086600000, 0x0000000086700000| Complete 
| 103|0x0000000086700000, 0x0000000086800000, 0x0000000086800000|100%|HC|  |TAMS 0x0000000086700000, 0x0000000086800000| Complete 
| 104|0x0000000086800000, 0x0000000086900000, 0x0000000086900000|100%| O|  |TAMS 0x0000000086800000, 0x0000000086900000| Untracked 
| 105|0x0000000086900000, 0x0000000086a00000, 0x0000000086a00000|100%|HS|  |TAMS 0x0000000086900000, 0x0000000086a00000| Complete 
| 106|0x0000000086a00000, 0x0000000086b00000, 0x0000000086b00000|100%| O|  |TAMS 0x0000000086a00000, 0x0000000086b00000| Untracked 
| 107|0x0000000086b00000, 0x0000000086c00000, 0x0000000086c00000|100%|HS|  |TAMS 0x0000000086b00000, 0x0000000086c00000| Complete 
| 108|0x0000000086c00000, 0x0000000086d00000, 0x0000000086d00000|100%| O|  |TAMS 0x0000000086c00000, 0x0000000086d00000| Untracked 
| 109|0x0000000086d00000, 0x0000000086e00000, 0x0000000086e00000|100%|HS|  |TAMS 0x0000000086d00000, 0x0000000086e00000| Complete 
| 110|0x0000000086e00000, 0x0000000086f00000, 0x0000000086f00000|100%| O|  |TAMS 0x0000000086e00000, 0x0000000086f00000| Untracked 
| 111|0x0000000086f00000, 0x0000000087000000, 0x0000000087000000|100%|HS|  |TAMS 0x0000000086f00000, 0x0000000087000000| Complete 
| 112|0x0000000087000000, 0x0000000087100000, 0x0000000087100000|100%| O|  |TAMS 0x0000000087000000, 0x0000000087100000| Untracked 
| 113|0x0000000087100000, 0x0000000087200000, 0x0000000087200000|100%| O|  |TAMS 0x0000000087100000, 0x0000000087200000| Untracked 
| 114|0x0000000087200000, 0x0000000087300000, 0x0000000087300000|100%| O|  |TAMS 0x0000000087200000, 0x0000000087300000| Untracked 
| 115|0x0000000087300000, 0x0000000087400000, 0x0000000087400000|100%|HS|  |TAMS 0x0000000087300000, 0x0000000087400000| Complete 
| 116|0x0000000087400000, 0x0000000087500000, 0x0000000087500000|100%|HC|  |TAMS 0x0000000087400000, 0x0000000087500000| Complete 
| 117|0x0000000087500000, 0x0000000087600000, 0x0000000087600000|100%|HC|  |TAMS 0x0000000087500000, 0x0000000087600000| Complete 
| 118|0x0000000087600000, 0x0000000087700000, 0x0000000087700000|100%|HS|  |TAMS 0x0000000087600000, 0x0000000087700000| Complete 
| 119|0x0000000087700000, 0x0000000087800000, 0x0000000087800000|100%|HS|  |TAMS 0x0000000087700000, 0x0000000087800000| Complete 
| 120|0x0000000087800000, 0x0000000087900000, 0x0000000087900000|100%| O|  |TAMS 0x0000000087800000, 0x0000000087900000| Untracked 
| 121|0x0000000087900000, 0x0000000087a00000, 0x0000000087a00000|100%| O|  |TAMS 0x0000000087900000, 0x0000000087a00000| Untracked 
| 122|0x0000000087a00000, 0x0000000087b00000, 0x0000000087b00000|100%| O|  |TAMS 0x0000000087a00000, 0x0000000087b00000| Untracked 
| 123|0x0000000087b00000, 0x0000000087c00000, 0x0000000087c00000|100%| O|  |TAMS 0x0000000087b00000, 0x0000000087c00000| Untracked 
| 124|0x0000000087c00000, 0x0000000087d00000, 0x0000000087d00000|100%| O|  |TAMS 0x0000000087c00000, 0x0000000087d00000| Untracked 
| 125|0x0000000087d00000, 0x0000000087e00000, 0x0000000087e00000|100%| O|  |TAMS 0x0000000087d00000, 0x0000000087e00000| Untracked 
| 126|0x0000000087e00000, 0x0000000087f00000, 0x0000000087f00000|100%| O|  |TAMS 0x0000000087e00000, 0x0000000087f00000| Untracked 
| 127|0x0000000087f00000, 0x0000000088000000, 0x0000000088000000|100%| O|  |TAMS 0x0000000087f00000, 0x0000000088000000| Untracked 
| 128|0x0000000088000000, 0x0000000088100000, 0x0000000088100000|100%| O|  |TAMS 0x0000000088000000, 0x0000000088100000| Untracked 
| 129|0x0000000088100000, 0x0000000088200000, 0x0000000088200000|100%| O|  |TAMS 0x0000000088100000, 0x0000000088200000| Untracked 
| 130|0x0000000088200000, 0x0000000088300000, 0x0000000088300000|100%| O|  |TAMS 0x0000000088200000, 0x0000000088300000| Untracked 
| 131|0x0000000088300000, 0x0000000088400000, 0x0000000088400000|100%| O|  |TAMS 0x0000000088300000, 0x0000000088400000| Untracked 
| 132|0x0000000088400000, 0x0000000088500000, 0x0000000088500000|100%| O|  |TAMS 0x0000000088400000, 0x0000000088500000| Untracked 
| 133|0x0000000088500000, 0x0000000088600000, 0x0000000088600000|100%| O|  |TAMS 0x0000000088500000, 0x0000000088600000| Untracked 
| 134|0x0000000088600000, 0x0000000088700000, 0x0000000088700000|100%| O|  |TAMS 0x0000000088600000, 0x0000000088700000| Untracked 
| 135|0x0000000088700000, 0x0000000088800000, 0x0000000088800000|100%| O|  |TAMS 0x0000000088700000, 0x0000000088800000| Untracked 
| 136|0x0000000088800000, 0x0000000088900000, 0x0000000088900000|100%| O|  |TAMS 0x0000000088800000, 0x0000000088900000| Untracked 
| 137|0x0000000088900000, 0x0000000088a00000, 0x0000000088a00000|100%| O|  |TAMS 0x0000000088900000, 0x0000000088a00000| Untracked 
| 138|0x0000000088a00000, 0x0000000088b00000, 0x0000000088b00000|100%| O|  |TAMS 0x0000000088a00000, 0x0000000088b00000| Untracked 
| 139|0x0000000088b00000, 0x0000000088c00000, 0x0000000088c00000|100%| O|  |TAMS 0x0000000088b00000, 0x0000000088c00000| Untracked 
| 140|0x0000000088c00000, 0x0000000088d00000, 0x0000000088d00000|100%| O|  |TAMS 0x0000000088c00000, 0x0000000088d00000| Untracked 
| 141|0x0000000088d00000, 0x0000000088e00000, 0x0000000088e00000|100%| O|  |TAMS 0x0000000088d00000, 0x0000000088e00000| Untracked 
| 142|0x0000000088e00000, 0x0000000088f00000, 0x0000000088f00000|100%| O|  |TAMS 0x0000000088e00000, 0x0000000088f00000| Untracked 
| 143|0x0000000088f00000, 0x0000000089000000, 0x0000000089000000|100%| O|  |TAMS 0x0000000088f00000, 0x0000000089000000| Untracked 
| 144|0x0000000089000000, 0x0000000089100000, 0x0000000089100000|100%| O|  |TAMS 0x0000000089000000, 0x0000000089100000| Untracked 
| 145|0x0000000089100000, 0x0000000089200000, 0x0000000089200000|100%| O|  |TAMS 0x0000000089100000, 0x0000000089200000| Untracked 
| 146|0x0000000089200000, 0x0000000089300000, 0x0000000089300000|100%| O|  |TAMS 0x0000000089200000, 0x0000000089300000| Untracked 
| 147|0x0000000089300000, 0x0000000089400000, 0x0000000089400000|100%| O|  |TAMS 0x0000000089300000, 0x0000000089400000| Untracked 
| 148|0x0000000089400000, 0x0000000089500000, 0x0000000089500000|100%| O|  |TAMS 0x0000000089400000, 0x0000000089500000| Untracked 
| 149|0x0000000089500000, 0x0000000089600000, 0x0000000089600000|100%| O|  |TAMS 0x0000000089500000, 0x0000000089600000| Untracked 
| 150|0x0000000089600000, 0x0000000089700000, 0x0000000089700000|100%| O|  |TAMS 0x0000000089600000, 0x0000000089700000| Untracked 
| 151|0x0000000089700000, 0x0000000089800000, 0x0000000089800000|100%| O|  |TAMS 0x0000000089700000, 0x0000000089800000| Untracked 
| 152|0x0000000089800000, 0x0000000089900000, 0x0000000089900000|100%| O|  |TAMS 0x0000000089800000, 0x0000000089900000| Untracked 
| 153|0x0000000089900000, 0x0000000089a00000, 0x0000000089a00000|100%| O|  |TAMS 0x0000000089900000, 0x0000000089a00000| Untracked 
| 154|0x0000000089a00000, 0x0000000089b00000, 0x0000000089b00000|100%| O|  |TAMS 0x0000000089a00000, 0x0000000089b00000| Untracked 
| 155|0x0000000089b00000, 0x0000000089c00000, 0x0000000089c00000|100%| O|  |TAMS 0x0000000089b00000, 0x0000000089c00000| Untracked 
| 156|0x0000000089c00000, 0x0000000089d00000, 0x0000000089d00000|100%| O|  |TAMS 0x0000000089c00000, 0x0000000089d00000| Untracked 
| 157|0x0000000089d00000, 0x0000000089e00000, 0x0000000089e00000|100%| O|  |TAMS 0x0000000089d00000, 0x0000000089e00000| Untracked 
| 158|0x0000000089e00000, 0x0000000089f00000, 0x0000000089f00000|100%| O|  |TAMS 0x0000000089e00000, 0x0000000089f00000| Untracked 
| 159|0x0000000089f00000, 0x000000008a000000, 0x000000008a000000|100%| O|  |TAMS 0x0000000089f00000, 0x000000008a000000| Untracked 
| 160|0x000000008a000000, 0x000000008a100000, 0x000000008a100000|100%| O|  |TAMS 0x000000008a000000, 0x000000008a100000| Untracked 
| 161|0x000000008a100000, 0x000000008a200000, 0x000000008a200000|100%| O|  |TAMS 0x000000008a100000, 0x000000008a200000| Untracked 
| 162|0x000000008a200000, 0x000000008a300000, 0x000000008a300000|100%| O|  |TAMS 0x000000008a200000, 0x000000008a300000| Untracked 
| 163|0x000000008a300000, 0x000000008a400000, 0x000000008a400000|100%| O|  |TAMS 0x000000008a300000, 0x000000008a400000| Untracked 
| 164|0x000000008a400000, 0x000000008a500000, 0x000000008a500000|100%| O|  |TAMS 0x000000008a400000, 0x000000008a500000| Untracked 
| 165|0x000000008a500000, 0x000000008a600000, 0x000000008a600000|100%| O|  |TAMS 0x000000008a500000, 0x000000008a600000| Untracked 
| 166|0x000000008a600000, 0x000000008a700000, 0x000000008a700000|100%| O|  |TAMS 0x000000008a600000, 0x000000008a700000| Untracked 
| 167|0x000000008a700000, 0x000000008a800000, 0x000000008a800000|100%| O|  |TAMS 0x000000008a700000, 0x000000008a800000| Untracked 
| 168|0x000000008a800000, 0x000000008a900000, 0x000000008a900000|100%| O|  |TAMS 0x000000008a800000, 0x000000008a900000| Untracked 
| 169|0x000000008a900000, 0x000000008aa00000, 0x000000008aa00000|100%| O|  |TAMS 0x000000008a900000, 0x000000008aa00000| Untracked 
| 170|0x000000008aa00000, 0x000000008ab00000, 0x000000008ab00000|100%| O|  |TAMS 0x000000008aa00000, 0x000000008ab00000| Untracked 
| 171|0x000000008ab00000, 0x000000008ac00000, 0x000000008ac00000|100%| O|  |TAMS 0x000000008ab00000, 0x000000008ac00000| Untracked 
| 172|0x000000008ac00000, 0x000000008ad00000, 0x000000008ad00000|100%| O|  |TAMS 0x000000008ac00000, 0x000000008ad00000| Untracked 
| 173|0x000000008ad00000, 0x000000008ae00000, 0x000000008ae00000|100%| O|  |TAMS 0x000000008ad00000, 0x000000008ae00000| Untracked 
| 174|0x000000008ae00000, 0x000000008af00000, 0x000000008af00000|100%| O|  |TAMS 0x000000008ae00000, 0x000000008af00000| Untracked 
| 175|0x000000008af00000, 0x000000008b000000, 0x000000008b000000|100%| O|  |TAMS 0x000000008af00000, 0x000000008b000000| Untracked 
| 176|0x000000008b000000, 0x000000008b100000, 0x000000008b100000|100%| O|  |TAMS 0x000000008b000000, 0x000000008b100000| Untracked 
| 177|0x000000008b100000, 0x000000008b200000, 0x000000008b200000|100%| O|  |TAMS 0x000000008b100000, 0x000000008b200000| Untracked 
| 178|0x000000008b200000, 0x000000008b300000, 0x000000008b300000|100%| O|  |TAMS 0x000000008b200000, 0x000000008b300000| Untracked 
| 179|0x000000008b300000, 0x000000008b400000, 0x000000008b400000|100%| O|  |TAMS 0x000000008b300000, 0x000000008b300000| Untracked 
| 180|0x000000008b400000, 0x000000008b500000, 0x000000008b500000|100%| O|  |TAMS 0x000000008b400000, 0x000000008b400000| Untracked 
| 181|0x000000008b500000, 0x000000008b600000, 0x000000008b600000|100%| O|  |TAMS 0x000000008b500000, 0x000000008b500000| Untracked 
| 182|0x000000008b600000, 0x000000008b700000, 0x000000008b700000|100%| O|  |TAMS 0x000000008b600000, 0x000000008b600000| Untracked 
| 183|0x000000008b700000, 0x000000008b800000, 0x000000008b800000|100%| O|  |TAMS 0x000000008b700000, 0x000000008b700000| Untracked 
| 184|0x000000008b800000, 0x000000008b900000, 0x000000008b900000|100%| O|  |TAMS 0x000000008b800000, 0x000000008b800000| Untracked 
| 185|0x000000008b900000, 0x000000008b962400, 0x000000008ba00000| 38%| O|  |TAMS 0x000000008b900000, 0x000000008b900000| Untracked 
| 186|0x000000008ba00000, 0x000000008ba00000, 0x000000008bb00000|  0%| F|  |TAMS 0x000000008ba00000, 0x000000008ba00000| Untracked 
| 187|0x000000008bb00000, 0x000000008bb00000, 0x000000008bc00000|  0%| F|  |TAMS 0x000000008bb00000, 0x000000008bb00000| Untracked 
| 188|0x000000008bc00000, 0x000000008bc00000, 0x000000008bd00000|  0%| F|  |TAMS 0x000000008bc00000, 0x000000008bc00000| Untracked 
| 189|0x000000008bd00000, 0x000000008bd00000, 0x000000008be00000|  0%| F|  |TAMS 0x000000008bd00000, 0x000000008bd00000| Untracked 
| 190|0x000000008be00000, 0x000000008be00000, 0x000000008bf00000|  0%| F|  |TAMS 0x000000008be00000, 0x000000008be00000| Untracked 
| 191|0x000000008bf00000, 0x000000008bf00000, 0x000000008c000000|  0%| F|  |TAMS 0x000000008bf00000, 0x000000008bf00000| Untracked 
| 192|0x000000008c000000, 0x000000008c000000, 0x000000008c100000|  0%| F|  |TAMS 0x000000008c000000, 0x000000008c000000| Untracked 
| 193|0x000000008c100000, 0x000000008c100000, 0x000000008c200000|  0%| F|  |TAMS 0x000000008c100000, 0x000000008c100000| Untracked 
| 194|0x000000008c200000, 0x000000008c200000, 0x000000008c300000|  0%| F|  |TAMS 0x000000008c200000, 0x000000008c200000| Untracked 
| 195|0x000000008c300000, 0x000000008c300000, 0x000000008c400000|  0%| F|  |TAMS 0x000000008c300000, 0x000000008c300000| Untracked 
| 196|0x000000008c400000, 0x000000008c400000, 0x000000008c500000|  0%| F|  |TAMS 0x000000008c400000, 0x000000008c400000| Untracked 
| 197|0x000000008c500000, 0x000000008c500000, 0x000000008c600000|  0%| F|  |TAMS 0x000000008c500000, 0x000000008c500000| Untracked 
| 198|0x000000008c600000, 0x000000008c600000, 0x000000008c700000|  0%| F|  |TAMS 0x000000008c600000, 0x000000008c600000| Untracked 
| 199|0x000000008c700000, 0x000000008c700000, 0x000000008c800000|  0%| F|  |TAMS 0x000000008c700000, 0x000000008c700000| Untracked 
| 200|0x000000008c800000, 0x000000008c800000, 0x000000008c900000|  0%| F|  |TAMS 0x000000008c800000, 0x000000008c800000| Untracked 
| 201|0x000000008c900000, 0x000000008c900000, 0x000000008ca00000|  0%| F|  |TAMS 0x000000008c900000, 0x000000008c900000| Untracked 
| 202|0x000000008ca00000, 0x000000008ca00000, 0x000000008cb00000|  0%| F|  |TAMS 0x000000008ca00000, 0x000000008ca00000| Untracked 
| 203|0x000000008cb00000, 0x000000008cb00000, 0x000000008cc00000|  0%| F|  |TAMS 0x000000008cb00000, 0x000000008cb00000| Untracked 
| 204|0x000000008cc00000, 0x000000008cc00000, 0x000000008cd00000|  0%| F|  |TAMS 0x000000008cc00000, 0x000000008cc00000| Untracked 
| 205|0x000000008cd00000, 0x000000008cd00000, 0x000000008ce00000|  0%| F|  |TAMS 0x000000008cd00000, 0x000000008cd00000| Untracked 
| 206|0x000000008ce00000, 0x000000008ce00000, 0x000000008cf00000|  0%| F|  |TAMS 0x000000008ce00000, 0x000000008ce00000| Untracked 
| 207|0x000000008cf00000, 0x000000008cf00000, 0x000000008d000000|  0%| F|  |TAMS 0x000000008cf00000, 0x000000008cf00000| Untracked 
| 208|0x000000008d000000, 0x000000008d000000, 0x000000008d100000|  0%| F|  |TAMS 0x000000008d000000, 0x000000008d000000| Untracked 
| 209|0x000000008d100000, 0x000000008d100000, 0x000000008d200000|  0%| F|  |TAMS 0x000000008d100000, 0x000000008d100000| Untracked 
| 210|0x000000008d200000, 0x000000008d200000, 0x000000008d300000|  0%| F|  |TAMS 0x000000008d200000, 0x000000008d200000| Untracked 
| 211|0x000000008d300000, 0x000000008d300000, 0x000000008d400000|  0%| F|  |TAMS 0x000000008d300000, 0x000000008d300000| Untracked 
| 212|0x000000008d400000, 0x000000008d400000, 0x000000008d500000|  0%| F|  |TAMS 0x000000008d400000, 0x000000008d400000| Untracked 
| 213|0x000000008d500000, 0x000000008d500000, 0x000000008d600000|  0%| F|  |TAMS 0x000000008d500000, 0x000000008d500000| Untracked 
| 214|0x000000008d600000, 0x000000008d600000, 0x000000008d700000|  0%| F|  |TAMS 0x000000008d600000, 0x000000008d600000| Untracked 
| 215|0x000000008d700000, 0x000000008d700000, 0x000000008d800000|  0%| F|  |TAMS 0x000000008d700000, 0x000000008d700000| Untracked 
| 216|0x000000008d800000, 0x000000008d800000, 0x000000008d900000|  0%| F|  |TAMS 0x000000008d800000, 0x000000008d800000| Untracked 
| 217|0x000000008d900000, 0x000000008d900000, 0x000000008da00000|  0%| F|  |TAMS 0x000000008d900000, 0x000000008d900000| Untracked 
| 218|0x000000008da00000, 0x000000008da00000, 0x000000008db00000|  0%| F|  |TAMS 0x000000008da00000, 0x000000008da00000| Untracked 
| 219|0x000000008db00000, 0x000000008db00000, 0x000000008dc00000|  0%| F|  |TAMS 0x000000008db00000, 0x000000008db00000| Untracked 
| 220|0x000000008dc00000, 0x000000008dc00000, 0x000000008dd00000|  0%| F|  |TAMS 0x000000008dc00000, 0x000000008dc00000| Untracked 
| 221|0x000000008dd00000, 0x000000008dd00000, 0x000000008de00000|  0%| F|  |TAMS 0x000000008dd00000, 0x000000008dd00000| Untracked 
| 222|0x000000008de00000, 0x000000008de00000, 0x000000008df00000|  0%| F|  |TAMS 0x000000008de00000, 0x000000008de00000| Untracked 
| 223|0x000000008df00000, 0x000000008df00000, 0x000000008e000000|  0%| F|  |TAMS 0x000000008df00000, 0x000000008df00000| Untracked 
| 224|0x000000008e000000, 0x000000008e000000, 0x000000008e100000|  0%| F|  |TAMS 0x000000008e000000, 0x000000008e000000| Untracked 
| 225|0x000000008e100000, 0x000000008e100000, 0x000000008e200000|  0%| F|  |TAMS 0x000000008e100000, 0x000000008e100000| Untracked 
| 226|0x000000008e200000, 0x000000008e200000, 0x000000008e300000|  0%| F|  |TAMS 0x000000008e200000, 0x000000008e200000| Untracked 
| 227|0x000000008e300000, 0x000000008e300000, 0x000000008e400000|  0%| F|  |TAMS 0x000000008e300000, 0x000000008e300000| Untracked 
| 228|0x000000008e400000, 0x000000008e400000, 0x000000008e500000|  0%| F|  |TAMS 0x000000008e400000, 0x000000008e400000| Untracked 
| 229|0x000000008e500000, 0x000000008e500000, 0x000000008e600000|  0%| F|  |TAMS 0x000000008e500000, 0x000000008e500000| Untracked 
| 230|0x000000008e600000, 0x000000008e600000, 0x000000008e700000|  0%| F|  |TAMS 0x000000008e600000, 0x000000008e600000| Untracked 
| 231|0x000000008e700000, 0x000000008e700000, 0x000000008e800000|  0%| F|  |TAMS 0x000000008e700000, 0x000000008e700000| Untracked 
| 232|0x000000008e800000, 0x000000008e800000, 0x000000008e900000|  0%| F|  |TAMS 0x000000008e800000, 0x000000008e800000| Untracked 
| 233|0x000000008e900000, 0x000000008e900000, 0x000000008ea00000|  0%| F|  |TAMS 0x000000008e900000, 0x000000008e900000| Untracked 
| 234|0x000000008ea00000, 0x000000008ea00000, 0x000000008eb00000|  0%| F|  |TAMS 0x000000008ea00000, 0x000000008ea00000| Untracked 
| 235|0x000000008eb00000, 0x000000008eb00000, 0x000000008ec00000|  0%| F|  |TAMS 0x000000008eb00000, 0x000000008eb00000| Untracked 
| 236|0x000000008ec00000, 0x000000008ec00000, 0x000000008ed00000|  0%| F|  |TAMS 0x000000008ec00000, 0x000000008ec00000| Untracked 
| 237|0x000000008ed00000, 0x000000008ed00000, 0x000000008ee00000|  0%| F|  |TAMS 0x000000008ed00000, 0x000000008ed00000| Untracked 
| 238|0x000000008ee00000, 0x000000008ee00000, 0x000000008ef00000|  0%| F|  |TAMS 0x000000008ee00000, 0x000000008ee00000| Untracked 
| 239|0x000000008ef00000, 0x000000008ef00000, 0x000000008f000000|  0%| F|  |TAMS 0x000000008ef00000, 0x000000008ef00000| Untracked 
| 240|0x000000008f000000, 0x000000008f000000, 0x000000008f100000|  0%| F|  |TAMS 0x000000008f000000, 0x000000008f000000| Untracked 
| 241|0x000000008f100000, 0x000000008f100000, 0x000000008f200000|  0%| F|  |TAMS 0x000000008f100000, 0x000000008f100000| Untracked 
| 242|0x000000008f200000, 0x000000008f200000, 0x000000008f300000|  0%| F|  |TAMS 0x000000008f200000, 0x000000008f200000| Untracked 
| 243|0x000000008f300000, 0x000000008f300000, 0x000000008f400000|  0%| F|  |TAMS 0x000000008f300000, 0x000000008f300000| Untracked 
| 244|0x000000008f400000, 0x000000008f400000, 0x000000008f500000|  0%| F|  |TAMS 0x000000008f400000, 0x000000008f400000| Untracked 
| 245|0x000000008f500000, 0x000000008f500000, 0x000000008f600000|  0%| F|  |TAMS 0x000000008f500000, 0x000000008f500000| Untracked 
| 246|0x000000008f600000, 0x000000008f600000, 0x000000008f700000|  0%| F|  |TAMS 0x000000008f600000, 0x000000008f600000| Untracked 
| 247|0x000000008f700000, 0x000000008f700000, 0x000000008f800000|  0%| F|  |TAMS 0x000000008f700000, 0x000000008f700000| Untracked 
| 248|0x000000008f800000, 0x000000008f800000, 0x000000008f900000|  0%| F|  |TAMS 0x000000008f800000, 0x000000008f800000| Untracked 
| 249|0x000000008f900000, 0x000000008f900000, 0x000000008fa00000|  0%| F|  |TAMS 0x000000008f900000, 0x000000008f900000| Untracked 
| 250|0x000000008fa00000, 0x000000008fa00000, 0x000000008fb00000|  0%| F|  |TAMS 0x000000008fa00000, 0x000000008fa00000| Untracked 
| 251|0x000000008fb00000, 0x000000008fb00000, 0x000000008fc00000|  0%| F|  |TAMS 0x000000008fb00000, 0x000000008fb00000| Untracked 
| 252|0x000000008fc00000, 0x000000008fc00000, 0x000000008fd00000|  0%| F|  |TAMS 0x000000008fc00000, 0x000000008fc00000| Untracked 
| 253|0x000000008fd00000, 0x000000008fd00000, 0x000000008fe00000|  0%| F|  |TAMS 0x000000008fd00000, 0x000000008fd00000| Untracked 
| 254|0x000000008fe00000, 0x000000008fe00000, 0x000000008ff00000|  0%| F|  |TAMS 0x000000008fe00000, 0x000000008fe00000| Untracked 
| 255|0x000000008ff00000, 0x000000008ff00000, 0x0000000090000000|  0%| F|  |TAMS 0x000000008ff00000, 0x000000008ff00000| Untracked 
| 256|0x0000000090000000, 0x0000000090000000, 0x0000000090100000|  0%| F|  |TAMS 0x0000000090000000, 0x0000000090000000| Untracked 
| 257|0x0000000090100000, 0x0000000090100000, 0x0000000090200000|  0%| F|  |TAMS 0x0000000090100000, 0x0000000090100000| Untracked 
| 258|0x0000000090200000, 0x0000000090200000, 0x0000000090300000|  0%| F|  |TAMS 0x0000000090200000, 0x0000000090200000| Untracked 
| 259|0x0000000090300000, 0x0000000090300000, 0x0000000090400000|  0%| F|  |TAMS 0x0000000090300000, 0x0000000090300000| Untracked 
| 260|0x0000000090400000, 0x0000000090400000, 0x0000000090500000|  0%| F|  |TAMS 0x0000000090400000, 0x0000000090400000| Untracked 
| 261|0x0000000090500000, 0x0000000090500000, 0x0000000090600000|  0%| F|  |TAMS 0x0000000090500000, 0x0000000090500000| Untracked 
| 262|0x0000000090600000, 0x0000000090600000, 0x0000000090700000|  0%| F|  |TAMS 0x0000000090600000, 0x0000000090600000| Untracked 
| 263|0x0000000090700000, 0x0000000090700000, 0x0000000090800000|  0%| F|  |TAMS 0x0000000090700000, 0x0000000090700000| Untracked 
| 264|0x0000000090800000, 0x0000000090800000, 0x0000000090900000|  0%| F|  |TAMS 0x0000000090800000, 0x0000000090800000| Untracked 
| 265|0x0000000090900000, 0x0000000090900000, 0x0000000090a00000|  0%| F|  |TAMS 0x0000000090900000, 0x0000000090900000| Untracked 
| 266|0x0000000090a00000, 0x0000000090a00000, 0x0000000090b00000|  0%| F|  |TAMS 0x0000000090a00000, 0x0000000090a00000| Untracked 
| 267|0x0000000090b00000, 0x0000000090b00000, 0x0000000090c00000|  0%| F|  |TAMS 0x0000000090b00000, 0x0000000090b00000| Untracked 
| 268|0x0000000090c00000, 0x0000000090c00000, 0x0000000090d00000|  0%| F|  |TAMS 0x0000000090c00000, 0x0000000090c00000| Untracked 
| 269|0x0000000090d00000, 0x0000000090d00000, 0x0000000090e00000|  0%| F|  |TAMS 0x0000000090d00000, 0x0000000090d00000| Untracked 
| 270|0x0000000090e00000, 0x0000000090e00000, 0x0000000090f00000|  0%| F|  |TAMS 0x0000000090e00000, 0x0000000090e00000| Untracked 
| 271|0x0000000090f00000, 0x0000000090f00000, 0x0000000091000000|  0%| F|  |TAMS 0x0000000090f00000, 0x0000000090f00000| Untracked 
| 272|0x0000000091000000, 0x0000000091000000, 0x0000000091100000|  0%| F|  |TAMS 0x0000000091000000, 0x0000000091000000| Untracked 
| 273|0x0000000091100000, 0x0000000091100000, 0x0000000091200000|  0%| F|  |TAMS 0x0000000091100000, 0x0000000091100000| Untracked 
| 274|0x0000000091200000, 0x0000000091200000, 0x0000000091300000|  0%| F|  |TAMS 0x0000000091200000, 0x0000000091200000| Untracked 
| 275|0x0000000091300000, 0x0000000091300000, 0x0000000091400000|  0%| F|  |TAMS 0x0000000091300000, 0x0000000091300000| Untracked 
| 276|0x0000000091400000, 0x0000000091400000, 0x0000000091500000|  0%| F|  |TAMS 0x0000000091400000, 0x0000000091400000| Untracked 
| 277|0x0000000091500000, 0x0000000091500000, 0x0000000091600000|  0%| F|  |TAMS 0x0000000091500000, 0x0000000091500000| Untracked 
| 278|0x0000000091600000, 0x0000000091600000, 0x0000000091700000|  0%| F|  |TAMS 0x0000000091600000, 0x0000000091600000| Untracked 
| 279|0x0000000091700000, 0x0000000091700000, 0x0000000091800000|  0%| F|  |TAMS 0x0000000091700000, 0x0000000091700000| Untracked 
| 280|0x0000000091800000, 0x0000000091800000, 0x0000000091900000|  0%| F|  |TAMS 0x0000000091800000, 0x0000000091800000| Untracked 
| 281|0x0000000091900000, 0x0000000091900000, 0x0000000091a00000|  0%| F|  |TAMS 0x0000000091900000, 0x0000000091900000| Untracked 
| 282|0x0000000091a00000, 0x0000000091a00000, 0x0000000091b00000|  0%| F|  |TAMS 0x0000000091a00000, 0x0000000091a00000| Untracked 
| 283|0x0000000091b00000, 0x0000000091b00000, 0x0000000091c00000|  0%| F|  |TAMS 0x0000000091b00000, 0x0000000091b00000| Untracked 
| 284|0x0000000091c00000, 0x0000000091c00000, 0x0000000091d00000|  0%| F|  |TAMS 0x0000000091c00000, 0x0000000091c00000| Untracked 
| 285|0x0000000091d00000, 0x0000000091d00000, 0x0000000091e00000|  0%| F|  |TAMS 0x0000000091d00000, 0x0000000091d00000| Untracked 
| 286|0x0000000091e00000, 0x0000000091e00000, 0x0000000091f00000|  0%| F|  |TAMS 0x0000000091e00000, 0x0000000091e00000| Untracked 
| 287|0x0000000091f00000, 0x0000000091f00000, 0x0000000092000000|  0%| F|  |TAMS 0x0000000091f00000, 0x0000000091f00000| Untracked 
| 288|0x0000000092000000, 0x0000000092000000, 0x0000000092100000|  0%| F|  |TAMS 0x0000000092000000, 0x0000000092000000| Untracked 
| 289|0x0000000092100000, 0x0000000092100000, 0x0000000092200000|  0%| F|  |TAMS 0x0000000092100000, 0x0000000092100000| Untracked 
| 290|0x0000000092200000, 0x0000000092200000, 0x0000000092300000|  0%| F|  |TAMS 0x0000000092200000, 0x0000000092200000| Untracked 
| 291|0x0000000092300000, 0x0000000092300000, 0x0000000092400000|  0%| F|  |TAMS 0x0000000092300000, 0x0000000092300000| Untracked 
| 292|0x0000000092400000, 0x0000000092400000, 0x0000000092500000|  0%| F|  |TAMS 0x0000000092400000, 0x0000000092400000| Untracked 
| 293|0x0000000092500000, 0x0000000092500000, 0x0000000092600000|  0%| F|  |TAMS 0x0000000092500000, 0x0000000092500000| Untracked 
| 294|0x0000000092600000, 0x0000000092600000, 0x0000000092700000|  0%| F|  |TAMS 0x0000000092600000, 0x0000000092600000| Untracked 
| 295|0x0000000092700000, 0x0000000092700000, 0x0000000092800000|  0%| F|  |TAMS 0x0000000092700000, 0x0000000092700000| Untracked 
| 296|0x0000000092800000, 0x0000000092800000, 0x0000000092900000|  0%| F|  |TAMS 0x0000000092800000, 0x0000000092800000| Untracked 
| 297|0x0000000092900000, 0x0000000092900000, 0x0000000092a00000|  0%| F|  |TAMS 0x0000000092900000, 0x0000000092900000| Untracked 
| 298|0x0000000092a00000, 0x0000000092a00000, 0x0000000092b00000|  0%| F|  |TAMS 0x0000000092a00000, 0x0000000092a00000| Untracked 
| 299|0x0000000092b00000, 0x0000000092b00000, 0x0000000092c00000|  0%| F|  |TAMS 0x0000000092b00000, 0x0000000092b00000| Untracked 
| 300|0x0000000092c00000, 0x0000000092c00000, 0x0000000092d00000|  0%| F|  |TAMS 0x0000000092c00000, 0x0000000092c00000| Untracked 
| 301|0x0000000092d00000, 0x0000000092d00000, 0x0000000092e00000|  0%| F|  |TAMS 0x0000000092d00000, 0x0000000092d00000| Untracked 
| 302|0x0000000092e00000, 0x0000000092e00000, 0x0000000092f00000|  0%| F|  |TAMS 0x0000000092e00000, 0x0000000092e00000| Untracked 
| 303|0x0000000092f00000, 0x0000000092f00000, 0x0000000093000000|  0%| F|  |TAMS 0x0000000092f00000, 0x0000000092f00000| Untracked 
| 304|0x0000000093000000, 0x0000000093000000, 0x0000000093100000|  0%| F|  |TAMS 0x0000000093000000, 0x0000000093000000| Untracked 
| 305|0x0000000093100000, 0x0000000093100000, 0x0000000093200000|  0%| F|  |TAMS 0x0000000093100000, 0x0000000093100000| Untracked 
| 306|0x0000000093200000, 0x0000000093200000, 0x0000000093300000|  0%| F|  |TAMS 0x0000000093200000, 0x0000000093200000| Untracked 
| 307|0x0000000093300000, 0x0000000093300000, 0x0000000093400000|  0%| F|  |TAMS 0x0000000093300000, 0x0000000093300000| Untracked 
| 308|0x0000000093400000, 0x0000000093400000, 0x0000000093500000|  0%| F|  |TAMS 0x0000000093400000, 0x0000000093400000| Untracked 
| 309|0x0000000093500000, 0x0000000093500000, 0x0000000093600000|  0%| F|  |TAMS 0x0000000093500000, 0x0000000093500000| Untracked 
| 310|0x0000000093600000, 0x0000000093600000, 0x0000000093700000|  0%| F|  |TAMS 0x0000000093600000, 0x0000000093600000| Untracked 
| 311|0x0000000093700000, 0x0000000093700000, 0x0000000093800000|  0%| F|  |TAMS 0x0000000093700000, 0x0000000093700000| Untracked 
| 312|0x0000000093800000, 0x0000000093800000, 0x0000000093900000|  0%| F|  |TAMS 0x0000000093800000, 0x0000000093800000| Untracked 
| 313|0x0000000093900000, 0x0000000093a00000, 0x0000000093a00000|100%| S|CS|TAMS 0x0000000093900000, 0x0000000093900000| Complete 
| 314|0x0000000093a00000, 0x0000000093b00000, 0x0000000093b00000|100%| S|CS|TAMS 0x0000000093a00000, 0x0000000093a00000| Complete 
| 315|0x0000000093b00000, 0x0000000093c00000, 0x0000000093c00000|100%| S|CS|TAMS 0x0000000093b00000, 0x0000000093b00000| Complete 
| 316|0x0000000093c00000, 0x0000000093d00000, 0x0000000093d00000|100%| S|CS|TAMS 0x0000000093c00000, 0x0000000093c00000| Complete 
| 317|0x0000000093d00000, 0x0000000093d00000, 0x0000000093e00000|  0%| F|  |TAMS 0x0000000093d00000, 0x0000000093d00000| Untracked 
| 318|0x0000000093e00000, 0x0000000093e00000, 0x0000000093f00000|  0%| F|  |TAMS 0x0000000093e00000, 0x0000000093e00000| Untracked 
| 319|0x0000000093f00000, 0x0000000093f00000, 0x0000000094000000|  0%| F|  |TAMS 0x0000000093f00000, 0x0000000093f00000| Untracked 
| 320|0x0000000094000000, 0x0000000094000000, 0x0000000094100000|  0%| F|  |TAMS 0x0000000094000000, 0x0000000094000000| Untracked 
| 321|0x0000000094100000, 0x0000000094100000, 0x0000000094200000|  0%| F|  |TAMS 0x0000000094100000, 0x0000000094100000| Untracked 
| 322|0x0000000094200000, 0x0000000094200000, 0x0000000094300000|  0%| F|  |TAMS 0x0000000094200000, 0x0000000094200000| Untracked 
| 323|0x0000000094300000, 0x0000000094400000, 0x0000000094400000|100%| S|CS|TAMS 0x0000000094300000, 0x0000000094300000| Complete 
| 324|0x0000000094400000, 0x0000000094400000, 0x0000000094500000|  0%| F|  |TAMS 0x0000000094400000, 0x0000000094400000| Untracked 
| 325|0x0000000094500000, 0x0000000094500000, 0x0000000094600000|  0%| F|  |TAMS 0x0000000094500000, 0x0000000094500000| Untracked 
| 326|0x0000000094600000, 0x0000000094600000, 0x0000000094700000|  0%| F|  |TAMS 0x0000000094600000, 0x0000000094600000| Untracked 
| 327|0x0000000094700000, 0x0000000094700000, 0x0000000094800000|  0%| F|  |TAMS 0x0000000094700000, 0x0000000094700000| Untracked 
| 328|0x0000000094800000, 0x0000000094800000, 0x0000000094900000|  0%| F|  |TAMS 0x0000000094800000, 0x0000000094800000| Untracked 
| 329|0x0000000094900000, 0x0000000094900000, 0x0000000094a00000|  0%| F|  |TAMS 0x0000000094900000, 0x0000000094900000| Untracked 
| 330|0x0000000094a00000, 0x0000000094a00000, 0x0000000094b00000|  0%| F|  |TAMS 0x0000000094a00000, 0x0000000094a00000| Untracked 
| 331|0x0000000094b00000, 0x0000000094b00000, 0x0000000094c00000|  0%| F|  |TAMS 0x0000000094b00000, 0x0000000094b00000| Untracked 
| 332|0x0000000094c00000, 0x0000000094c00000, 0x0000000094d00000|  0%| F|  |TAMS 0x0000000094c00000, 0x0000000094c00000| Untracked 
| 333|0x0000000094d00000, 0x0000000094d00000, 0x0000000094e00000|  0%| F|  |TAMS 0x0000000094d00000, 0x0000000094d00000| Untracked 
| 334|0x0000000094e00000, 0x0000000094e00000, 0x0000000094f00000|  0%| F|  |TAMS 0x0000000094e00000, 0x0000000094e00000| Untracked 
| 335|0x0000000094f00000, 0x0000000094f00000, 0x0000000095000000|  0%| F|  |TAMS 0x0000000094f00000, 0x0000000094f00000| Untracked 
| 336|0x0000000095000000, 0x0000000095000000, 0x0000000095100000|  0%| F|  |TAMS 0x0000000095000000, 0x0000000095000000| Untracked 
| 337|0x0000000095100000, 0x0000000095100000, 0x0000000095200000|  0%| F|  |TAMS 0x0000000095100000, 0x0000000095100000| Untracked 
| 338|0x0000000095200000, 0x0000000095200000, 0x0000000095300000|  0%| F|  |TAMS 0x0000000095200000, 0x0000000095200000| Untracked 
| 339|0x0000000095300000, 0x0000000095300000, 0x0000000095400000|  0%| F|  |TAMS 0x0000000095300000, 0x0000000095300000| Untracked 
| 340|0x0000000095400000, 0x0000000095400000, 0x0000000095500000|  0%| F|  |TAMS 0x0000000095400000, 0x0000000095400000| Untracked 
| 341|0x0000000095500000, 0x0000000095500000, 0x0000000095600000|  0%| F|  |TAMS 0x0000000095500000, 0x0000000095500000| Untracked 
| 342|0x0000000095600000, 0x0000000095600000, 0x0000000095700000|  0%| F|  |TAMS 0x0000000095600000, 0x0000000095600000| Untracked 
| 343|0x0000000095700000, 0x0000000095700000, 0x0000000095800000|  0%| F|  |TAMS 0x0000000095700000, 0x0000000095700000| Untracked 
| 344|0x0000000095800000, 0x0000000095800000, 0x0000000095900000|  0%| F|  |TAMS 0x0000000095800000, 0x0000000095800000| Untracked 
| 345|0x0000000095900000, 0x0000000095900000, 0x0000000095a00000|  0%| F|  |TAMS 0x0000000095900000, 0x0000000095900000| Untracked 
| 346|0x0000000095a00000, 0x0000000095a00000, 0x0000000095b00000|  0%| F|  |TAMS 0x0000000095a00000, 0x0000000095a00000| Untracked 
| 347|0x0000000095b00000, 0x0000000095b00000, 0x0000000095c00000|  0%| F|  |TAMS 0x0000000095b00000, 0x0000000095b00000| Untracked 
| 348|0x0000000095c00000, 0x0000000095c00000, 0x0000000095d00000|  0%| F|  |TAMS 0x0000000095c00000, 0x0000000095c00000| Untracked 
| 349|0x0000000095d00000, 0x0000000095d00000, 0x0000000095e00000|  0%| F|  |TAMS 0x0000000095d00000, 0x0000000095d00000| Untracked 
| 350|0x0000000095e00000, 0x0000000095e00000, 0x0000000095f00000|  0%| F|  |TAMS 0x0000000095e00000, 0x0000000095e00000| Untracked 
| 351|0x0000000095f00000, 0x0000000095f00000, 0x0000000096000000|  0%| F|  |TAMS 0x0000000095f00000, 0x0000000095f00000| Untracked 
| 352|0x0000000096000000, 0x0000000096000000, 0x0000000096100000|  0%| F|  |TAMS 0x0000000096000000, 0x0000000096000000| Untracked 
| 353|0x0000000096100000, 0x0000000096100000, 0x0000000096200000|  0%| F|  |TAMS 0x0000000096100000, 0x0000000096100000| Untracked 
| 354|0x0000000096200000, 0x0000000096200000, 0x0000000096300000|  0%| F|  |TAMS 0x0000000096200000, 0x0000000096200000| Untracked 
| 355|0x0000000096300000, 0x0000000096300000, 0x0000000096400000|  0%| F|  |TAMS 0x0000000096300000, 0x0000000096300000| Untracked 
| 356|0x0000000096400000, 0x0000000096400000, 0x0000000096500000|  0%| F|  |TAMS 0x0000000096400000, 0x0000000096400000| Untracked 
| 357|0x0000000096500000, 0x0000000096500000, 0x0000000096600000|  0%| F|  |TAMS 0x0000000096500000, 0x0000000096500000| Untracked 
| 358|0x0000000096600000, 0x0000000096600000, 0x0000000096700000|  0%| F|  |TAMS 0x0000000096600000, 0x0000000096600000| Untracked 
| 359|0x0000000096700000, 0x0000000096700000, 0x0000000096800000|  0%| F|  |TAMS 0x0000000096700000, 0x0000000096700000| Untracked 
| 360|0x0000000096800000, 0x0000000096800000, 0x0000000096900000|  0%| F|  |TAMS 0x0000000096800000, 0x0000000096800000| Untracked 
| 361|0x0000000096900000, 0x0000000096900000, 0x0000000096a00000|  0%| F|  |TAMS 0x0000000096900000, 0x0000000096900000| Untracked 
| 362|0x0000000096a00000, 0x0000000096a00000, 0x0000000096b00000|  0%| F|  |TAMS 0x0000000096a00000, 0x0000000096a00000| Untracked 
| 363|0x0000000096b00000, 0x0000000096b00000, 0x0000000096c00000|  0%| F|  |TAMS 0x0000000096b00000, 0x0000000096b00000| Untracked 

Card table byte_map: [0x0000022555fa0000,0x00000225563a0000] _byte_map_base: 0x0000022555ba0000

Marking Bits (Prev, Next): (CMBitMap*) 0x00000225428ab400, (CMBitMap*) 0x00000225428ab3c8
 Prev Bits: [0x00000225587a0000, 0x000002255a7a0000)
 Next Bits: [0x00000225567a0000, 0x00000225587a0000)

Polling page: 0x0000022540f60000

Metaspace:

Usage:
  Non-class:     83.13 MB capacity,    81.62 MB ( 98%) used,     1.23 MB (  1%) free+waste,   291.56 KB ( <1%) overhead. 
      Class:     13.22 MB capacity,    12.33 MB ( 93%) used,   772.84 KB (  6%) free+waste,   131.25 KB ( <1%) overhead. 
       Both:     96.35 MB capacity,    93.96 MB ( 98%) used,     1.98 MB (  2%) free+waste,   422.81 KB ( <1%) overhead. 

Virtual space:
  Non-class space:       84.00 MB reserved,      83.25 MB (>99%) committed 
      Class space:        1.00 GB reserved,      13.25 MB (  1%) committed 
             Both:        1.08 GB reserved,      96.50 MB (  9%) committed 

Chunk freelists:
   Non-Class:  0 bytes
       Class:  1.00 KB
        Both:  1.00 KB

MaxMetaspaceSize: 17179869184.00 GB
CompressedClassSpaceSize: 1.00 GB

CodeHeap 'non-profiled nmethods': size=120064Kb used=5309Kb max_used=5309Kb free=114755Kb
 bounds [0x000002254de20000, 0x000002254e350000, 0x0000022555360000]
CodeHeap 'profiled nmethods': size=120000Kb used=23603Kb max_used=23603Kb free=96396Kb
 bounds [0x00000225468f0000, 0x0000022548000000, 0x000002254de20000]
CodeHeap 'non-nmethods': size=5696Kb used=2304Kb max_used=2359Kb free=3391Kb
 bounds [0x0000022546360000, 0x00000225465d0000, 0x00000225468f0000]
 total_blobs=12741 nmethods=11831 adapters=821
 compilation: enabled
              stopped_count=0, restarted_count=0
 full_count=0

Compilation events (20 events):
Event: 25.371 Thread 0x000002255d05b800 12078       2       com.android.tools.r8.dex.z$k::a (11 bytes)
Event: 25.371 Thread 0x000002255d05b800 nmethod 12078 0x0000022547ffa710 code [0x0000022547ffa8c0, 0x0000022547ffa9e8]
Event: 25.372 Thread 0x000002255d05b800 12081       2       com.android.tools.r8.dex.z$g$$Lambda$1377/0x0000000100d2dc40::apply (15 bytes)
Event: 25.373 Thread 0x000002255d05b800 nmethod 12081 0x0000022547ffaa90 code [0x0000022547ffac60, 0x0000022547ffade8]
Event: 25.373 Thread 0x000002255d05b800 12082       2       com.android.tools.r8.dex.z$k::a (11 bytes)
Event: 25.373 Thread 0x000002255d05b800 nmethod 12082 0x0000022547ffaf10 code [0x0000022547ffb0c0, 0x0000022547ffb1e8]
Event: 25.373 Thread 0x000002255d05b800 12083       2       com.android.tools.r8.dex.z$g$$Lambda$1378/0x0000000100d2d040::apply (15 bytes)
Event: 25.373 Thread 0x000002255d05b800 nmethod 12083 0x0000022547ffb290 code [0x0000022547ffb460, 0x0000022547ffb5e8]
Event: 25.373 Thread 0x000002255d05b800 12084       2       com.android.tools.r8.dex.z$k::b (29 bytes)
Event: 25.373 Thread 0x000002255d05b800 nmethod 12084 0x0000022547ffb710 code [0x0000022547ffb8c0, 0x0000022547ffb9e8]
Event: 25.375 Thread 0x000002255d05b800 12085       2       com.android.tools.r8.graph.f0$v::a (12 bytes)
Event: 25.375 Thread 0x000002255d05b800 nmethod 12085 0x0000022547ffba90 code [0x0000022547ffbc60, 0x0000022547ffbe48]
Event: 25.375 Thread 0x000002255d05b800 12086       2       com.android.tools.r8.graph.f0$d::a (29 bytes)
Event: 25.376 Thread 0x000002255d05b800 nmethod 12086 0x0000022547ffbf90 code [0x0000022547ffc140, 0x0000022547ffc308]
Event: 25.382 Thread 0x000002255d05b800 12089       2       com.android.tools.r8.code.k2::a (1 bytes)
Event: 25.382 Thread 0x000002255d05b800 nmethod 12089 0x0000022547ffc410 code [0x0000022547ffc5c0, 0x0000022547ffc6b8]
Event: 25.385 Thread 0x000002255d05b800 12092       2       com.android.tools.r8.graph.O::g0 (40 bytes)
Event: 25.386 Thread 0x000002255d05b800 nmethod 12092 0x0000022547ffc790 code [0x0000022547ffc940, 0x0000022547ffca58]
Event: 25.387 Thread 0x000002255d05b800 12093       2       com.android.tools.r8.code.h2::a (1 bytes)
Event: 25.387 Thread 0x000002255d05b800 nmethod 12093 0x0000022547ffcb10 code [0x0000022547ffccc0, 0x0000022547ffcdb8]

GC Heap History (20 events):
Event: 14.387 GC heap after
{Heap after GC invocations=27 (full 0):
 garbage-first heap   total 139264K, used 71414K [0x0000000080000000, 0x0000000100000000)
  region size 1024K, 4 young (4096K), 4 survivors (4096K)
 Metaspace       used 82133K, capacity 84259K, committed 84608K, reserved 1122304K
  class space    used 10731K, capacity 11530K, committed 11648K, reserved 1048576K
}
Event: 16.041 GC heap before
{Heap before GC invocations=28 (full 0):
 garbage-first heap   total 139264K, used 109302K [0x0000000080000000, 0x0000000100000000)
  region size 1024K, 42 young (43008K), 4 survivors (4096K)
 Metaspace       used 82506K, capacity 84700K, committed 84864K, reserved 1122304K
  class space    used 10739K, capacity 11537K, committed 11648K, reserved 1048576K
}
Event: 16.074 GC heap after
{Heap after GC invocations=29 (full 0):
 garbage-first heap   total 139264K, used 73662K [0x0000000080000000, 0x0000000100000000)
  region size 1024K, 3 young (3072K), 3 survivors (3072K)
 Metaspace       used 82506K, capacity 84700K, committed 84864K, reserved 1122304K
  class space    used 10739K, capacity 11537K, committed 11648K, reserved 1048576K
}
Event: 16.760 GC heap before
{Heap before GC invocations=29 (full 0):
 garbage-first heap   total 139264K, used 111550K [0x0000000080000000, 0x0000000100000000)
  region size 1024K, 41 young (41984K), 3 survivors (3072K)
 Metaspace       used 82984K, capacity 85231K, committed 85376K, reserved 1122304K
  class space    used 10780K, capacity 11617K, committed 11648K, reserved 1048576K
}
Event: 16.771 GC heap after
{Heap after GC invocations=30 (full 0):
 garbage-first heap   total 186368K, used 75647K [0x0000000080000000, 0x0000000100000000)
  region size 1024K, 5 young (5120K), 5 survivors (5120K)
 Metaspace       used 82984K, capacity 85231K, committed 85376K, reserved 1122304K
  class space    used 10780K, capacity 11617K, committed 11648K, reserved 1048576K
}
Event: 18.075 GC heap before
{Heap before GC invocations=31 (full 0):
 garbage-first heap   total 186368K, used 136063K [0x0000000080000000, 0x0000000100000000)
  region size 1024K, 65 young (66560K), 5 survivors (5120K)
 Metaspace       used 84852K, capacity 86976K, committed 87424K, reserved 1124352K
  class space    used 10929K, capacity 11696K, committed 11904K, reserved 1048576K
}
Event: 18.096 GC heap after
{Heap after GC invocations=32 (full 0):
 garbage-first heap   total 186368K, used 78824K [0x0000000080000000, 0x0000000100000000)
  region size 1024K, 8 young (8192K), 8 survivors (8192K)
 Metaspace       used 84852K, capacity 86976K, committed 87424K, reserved 1124352K
  class space    used 10929K, capacity 11696K, committed 11904K, reserved 1048576K
}
Event: 18.926 GC heap before
{Heap before GC invocations=32 (full 0):
 garbage-first heap   total 186368K, used 140264K [0x0000000080000000, 0x0000000100000000)
  region size 1024K, 69 young (70656K), 8 survivors (8192K)
 Metaspace       used 87295K, capacity 89384K, committed 89728K, reserved 1126400K
  class space    used 11226K, capacity 11984K, committed 12160K, reserved 1048576K
}
Event: 19.149 GC heap after
{Heap after GC invocations=33 (full 0):
 garbage-first heap   total 186368K, used 81900K [0x0000000080000000, 0x0000000100000000)
  region size 1024K, 7 young (7168K), 7 survivors (7168K)
 Metaspace       used 87295K, capacity 89384K, committed 89728K, reserved 1126400K
  class space    used 11226K, capacity 11984K, committed 12160K, reserved 1048576K
}
Event: 20.386 GC heap before
{Heap before GC invocations=33 (full 0):
 garbage-first heap   total 186368K, used 132076K [0x0000000080000000, 0x0000000100000000)
  region size 1024K, 51 young (52224K), 7 survivors (7168K)
 Metaspace       used 88127K, capacity 90259K, committed 90624K, reserved 1128448K
  class space    used 11315K, capacity 12103K, committed 12288K, reserved 1048576K
}
Event: 20.421 GC heap after
{Heap after GC invocations=34 (full 0):
 garbage-first heap   total 186368K, used 93982K [0x0000000080000000, 0x0000000100000000)
  region size 1024K, 8 young (8192K), 8 survivors (8192K)
 Metaspace       used 88127K, capacity 90259K, committed 90624K, reserved 1128448K
  class space    used 11315K, capacity 12103K, committed 12288K, reserved 1048576K
}
Event: 21.320 GC heap before
{Heap before GC invocations=35 (full 0):
 garbage-first heap   total 186368K, used 108318K [0x0000000080000000, 0x0000000100000000)
  region size 1024K, 20 young (20480K), 8 survivors (8192K)
 Metaspace       used 90700K, capacity 92792K, committed 92928K, reserved 1130496K
  class space    used 11690K, capacity 12481K, committed 12544K, reserved 1048576K
}
Event: 21.361 GC heap after
{Heap after GC invocations=36 (full 0):
 garbage-first heap   total 372736K, used 100211K [0x0000000080000000, 0x0000000100000000)
  region size 1024K, 3 young (3072K), 3 survivors (3072K)
 Metaspace       used 90700K, capacity 92792K, committed 92928K, reserved 1130496K
  class space    used 11690K, capacity 12481K, committed 12544K, reserved 1048576K
}
Event: 22.807 GC heap before
{Heap before GC invocations=37 (full 0):
 garbage-first heap   total 372736K, used 247667K [0x0000000080000000, 0x0000000100000000)
  region size 1024K, 124 young (126976K), 3 survivors (3072K)
 Metaspace       used 93342K, capacity 95585K, committed 95744K, reserved 1132544K
  class space    used 12211K, capacity 13032K, committed 13056K, reserved 1048576K
}
Event: 23.006 GC heap after
{Heap after GC invocations=38 (full 0):
 garbage-first heap   total 372736K, used 164468K [0x0000000080000000, 0x0000000100000000)
  region size 1024K, 16 young (16384K), 16 survivors (16384K)
 Metaspace       used 93342K, capacity 95585K, committed 95744K, reserved 1132544K
  class space    used 12211K, capacity 13032K, committed 13056K, reserved 1048576K
}
Event: 23.341 GC heap before
{Heap before GC invocations=38 (full 0):
 garbage-first heap   total 372736K, used 199284K [0x0000000080000000, 0x0000000100000000)
  region size 1024K, 50 young (51200K), 16 survivors (16384K)
 Metaspace       used 93371K, capacity 95585K, committed 95744K, reserved 1132544K
  class space    used 12211K, capacity 13032K, committed 13056K, reserved 1048576K
}
Event: 23.556 GC heap after
{Heap after GC invocations=39 (full 0):
 garbage-first heap   total 372736K, used 181760K [0x0000000080000000, 0x0000000100000000)
  region size 1024K, 7 young (7168K), 7 survivors (7168K)
 Metaspace       used 93371K, capacity 95585K, committed 95744K, reserved 1132544K
  class space    used 12211K, capacity 13032K, committed 13056K, reserved 1048576K
}
Event: 24.608 GC heap before
{Heap before GC invocations=39 (full 0):
 garbage-first heap   total 372736K, used 215552K [0x0000000080000000, 0x0000000100000000)
  region size 1024K, 41 young (41984K), 7 survivors (7168K)
 Metaspace       used 95697K, capacity 98103K, committed 98304K, reserved 1134592K
  class space    used 12571K, capacity 13463K, committed 13568K, reserved 1048576K
}
Event: 24.696 GC heap after
{Heap after GC invocations=40 (full 0):
 garbage-first heap   total 372736K, used 189440K [0x0000000080000000, 0x0000000100000000)
  region size 1024K, 6 young (6144K), 6 survivors (6144K)
 Metaspace       used 95697K, capacity 98103K, committed 98304K, reserved 1134592K
  class space    used 12571K, capacity 13463K, committed 13568K, reserved 1048576K
}
Event: 25.401 GC heap before
{Heap before GC invocations=40 (full 0):
 garbage-first heap   total 372736K, used 230400K [0x0000000080000000, 0x0000000100000000)
  region size 1024K, 46 young (47104K), 6 survivors (6144K)
 Metaspace       used 96210K, capacity 98663K, committed 98816K, reserved 1134592K
  class space    used 12630K, capacity 13535K, committed 13568K, reserved 1048576K
}

Deoptimization events (20 events):
Event: 23.082 Thread 0x000002256058d800 DEOPT PACKING pc=0x000002254e315848 sp=0x00000082d58fe680
Event: 23.082 Thread 0x000002256058d800 DEOPT UNPACKING pc=0x00000225463878af sp=0x00000082d58fe668 mode 2
Event: 24.338 Thread 0x0000022563f3b800 DEOPT PACKING pc=0x0000022547f46976 sp=0x00000082d56feed0
Event: 24.340 Thread 0x0000022563f3b800 DEOPT UNPACKING pc=0x00000225463876ce sp=0x00000082d56fe530 mode 0
Event: 24.391 Thread 0x0000022563f3c000 DEOPT PACKING pc=0x0000022547ec6490 sp=0x00000082d52fd660
Event: 24.392 Thread 0x0000022563f3c000 DEOPT UNPACKING pc=0x00000225463876ce sp=0x00000082d52fcb98 mode 0
Event: 24.823 Thread 0x0000022563f3c000 DEOPT PACKING pc=0x0000022547fa472a sp=0x00000082d52fd110
Event: 24.823 Thread 0x0000022563f3c000 DEOPT UNPACKING pc=0x00000225463876ce sp=0x00000082d52fc620 mode 0
Event: 24.984 Thread 0x000002256058d800 DEOPT PACKING pc=0x0000022547fc3615 sp=0x00000082d58fea10
Event: 24.984 Thread 0x000002256058d800 DEOPT UNPACKING pc=0x00000225463876ce sp=0x00000082d58fdee0 mode 0
Event: 24.984 Thread 0x0000022563f3a800 DEOPT PACKING pc=0x0000022547fc3615 sp=0x00000082d55feb80
Event: 24.984 Thread 0x0000022563f3a800 DEOPT UNPACKING pc=0x00000225463876ce sp=0x00000082d55fe040 mode 0
Event: 25.166 Thread 0x0000022563f3c000 DEOPT PACKING pc=0x0000022547fc8175 sp=0x00000082d52fd670
Event: 25.166 Thread 0x0000022563f3c000 DEOPT UNPACKING pc=0x00000225463876ce sp=0x00000082d52fcaf8 mode 0
Event: 25.361 Thread 0x0000022563f3c000 DEOPT PACKING pc=0x0000022547fe00c8 sp=0x00000082d52fd0a0
Event: 25.361 Thread 0x0000022563f3c000 DEOPT UNPACKING pc=0x00000225463876ce sp=0x00000082d52fc5e0 mode 0
Event: 25.363 Thread 0x0000022563f3c000 Uncommon trap: trap_request=0xffffffe4 fr.pc=0x000002254e33f350 relative=0x0000000000000210
Event: 25.363 Thread 0x0000022563f3c000 Uncommon trap: reason=range_check action=make_not_entrant pc=0x000002254e33f350 method=com.android.tools.r8.graph.c0.a(Lcom/android/tools/r8/graph/c0;)I @ 9 c2
Event: 25.363 Thread 0x0000022563f3c000 DEOPT PACKING pc=0x000002254e33f350 sp=0x00000082d52fd000
Event: 25.364 Thread 0x0000022563f3c000 DEOPT UNPACKING pc=0x00000225463878af sp=0x00000082d52fcf78 mode 2

Classes redefined (0 events):
No events

Internal exceptions (20 events):
Event: 21.315 Thread 0x0000022563f3c000 Exception <a 'java/lang/NoSuchMethodError'{0x000000008aa1fd18}: 'java.lang.Object java.lang.invoke.DirectMethodHandle$Holder.invokeStaticInit(java.lang.Object, java.lang.Object, java.lang.Object, java.lang.Object, java.lang.Object, java.lang.Object, java.lang.Object, java.lang.Object, java.lang.Object, java.lang.Object, java.lang.Object, java.lang.Object, java.lang.Object, java.lang.Object, java.lang.Object, java.lang.Object, java.lang.Object, java.lang.Object, int, java.lang.Object)'> (0x000000008aa1fd18)
Event: 21.522 Thread 0x0000022563f30000 Exception <a 'java/lang/NoSuchMethodError'{0x00000000963cc388}: 'int java.lang.invoke.DirectMethodHandle$Holder.invokeSpecialIFC(java.lang.Object, java.lang.Object, java.lang.Object)'> (0x00000000963cc388) thrown at [./src/hotspot/share/interpreter/linkResolver.cpp, line 773]
Event: 22.176 Thread 0x000002256058d800 Exception <a 'java/lang/NoSuchMethodError'{0x00000000933198b0}: 'java.lang.Object java.lang.invoke.DirectMethodHandle$Holder.newInvokeSpecial(java.lang.Object, int)'> (0x00000000933198b0) thrown at [./src/hotspot/share/interpreter/linkResolver.cpp, line 773]
Event: 22.273 Thread 0x0000022563f3d000 Exception <a 'java/lang/IncompatibleClassChangeError'{0x00000000932746e8}: Found class java.lang.Object, but interface was expected> (0x00000000932746e8) thrown at [./src/hotspot/share/interpreter/linkResolver.cpp, line 839]
Event: 22.278 Thread 0x0000022563f3d000 Exception <a 'java/lang/IncompatibleClassChangeError'{0x0000000092fe44a0}: Found class java.lang.Object, but interface was expected> (0x0000000092fe44a0) thrown at [./src/hotspot/share/interpreter/linkResolver.cpp, line 839]
Event: 22.280 Thread 0x0000022563f3d000 Exception <a 'java/lang/IncompatibleClassChangeError'{0x0000000092febba8}: Found class java.lang.Object, but interface was expected> (0x0000000092febba8) thrown at [./src/hotspot/share/interpreter/linkResolver.cpp, line 839]
Event: 23.738 Thread 0x0000022563f3c000 Exception <a 'java/lang/NoSuchMethodError'{0x000000009668b8a8}: 'int java.lang.invoke.DirectMethodHandle$Holder.invokeVirtual(java.lang.Object, java.lang.Object, java.lang.Object, java.lang.Object)'> (0x000000009668b8a8) thrown at [./src/hotspot/share/interpreter/linkResolver.cpp, line 773]
Event: 23.888 Thread 0x0000022563f3c000 Exception <a 'java/lang/NoSuchMethodError'{0x00000000964293b0}: 'void java.lang.invoke.DirectMethodHandle$Holder.invokeStatic(java.lang.Object, java.lang.Object, java.lang.Object, int)'> (0x00000000964293b0) thrown at [./src/hotspot/share/interpreter/linkResolver.cpp, line 773]
Event: 23.890 Thread 0x0000022563f3c000 Exception <a 'java/lang/IncompatibleClassChangeError'{0x0000000096431670}: Found class java.lang.Object, but interface was expected> (0x0000000096431670) thrown at [./src/hotspot/share/interpreter/linkResolver.cpp, line 839]
Event: 23.912 Thread 0x000002256058e800 Exception <a 'java/lang/NoSuchMethodError'{0x0000000096309428}: 'int java.lang.invoke.DirectMethodHandle$Holder.invokeVirtual(java.lang.Object, java.lang.Object, java.lang.Object)'> (0x0000000096309428) thrown at [./src/hotspot/share/interpreter/linkResolver.cpp, line 773]
Event: 23.912 Thread 0x0000022563f3d000 Exception <a 'java/lang/NoSuchMethodError'{0x000000009648b200}: 'int java.lang.invoke.DirectMethodHandle$Holder.invokeVirtual(java.lang.Object, java.lang.Object, java.lang.Object)'> (0x000000009648b200) thrown at [./src/hotspot/share/interpreter/linkResolver.cpp, line 773]
Event: 23.912 Thread 0x0000022563f3b800 Exception <a 'java/lang/NoSuchMethodError'{0x0000000096305880}: 'int java.lang.invoke.DirectMethodHandle$Holder.invokeVirtual(java.lang.Object, java.lang.Object, java.lang.Object)'> (0x0000000096305880) thrown at [./src/hotspot/share/interpreter/linkResolver.cpp, line 773]
Event: 23.912 Thread 0x0000022563f3a800 Exception <a 'java/lang/NoSuchMethodError'{0x0000000096493e48}: 'int java.lang.invoke.DirectMethodHandle$Holder.invokeVirtual(java.lang.Object, java.lang.Object, java.lang.Object)'> (0x0000000096493e48) thrown at [./src/hotspot/share/interpreter/linkResolver.cpp, line 773]
Event: 23.912 Thread 0x000002256058d800 Exception <a 'java/lang/NoSuchMethodError'{0x0000000096468090}: 'int java.lang.invoke.DirectMethodHandle$Holder.invokeVirtual(java.lang.Object, java.lang.Object, java.lang.Object)'> (0x0000000096468090) thrown at [./src/hotspot/share/interpreter/linkResolver.cpp, line 773]
Event: 23.912 Thread 0x0000022563f39800 Exception <a 'java/lang/NoSuchMethodError'{0x000000009631e218}: 'int java.lang.invoke.DirectMethodHandle$Holder.invokeVirtual(java.lang.Object, java.lang.Object, java.lang.Object)'> (0x000000009631e218) thrown at [./src/hotspot/share/interpreter/linkResolver.cpp, line 773]
Event: 24.487 Thread 0x0000022563f3c000 Exception <a 'java/lang/NoSuchMethodError'{0x0000000094ed1bf0}: 'java.lang.Object java.lang.invoke.Invokers$Holder.linkToTargetMethod(java.lang.Object, int, java.lang.Object, java.lang.Object, java.lang.Object, java.lang.Object)'> (0x0000000094ed1bf0) thrown at [./src/hotspot/share/interpreter/linkResolver.cpp, line 773]
Event: 24.489 Thread 0x0000022563f3c000 Exception <a 'java/lang/NoSuchMethodError'{0x0000000094ed58a8}: 'void java.lang.invoke.DirectMethodHandle$Holder.invokeSpecial(java.lang.Object, java.lang.Object, java.lang.Object, java.lang.Object, java.lang.Object, java.lang.Object, java.lang.Object, java.lang.Object, java.lang.Object)'> (0x0000000094ed58a8) thrown at [./src/hotspot/share/interpreter/linkResolver.cpp, line 773]
Event: 24.490 Thread 0x0000022563f3c000 Exception <a 'java/lang/NoSuchMethodError'{0x0000000094edeaa0}: 'java.lang.Object java.lang.invoke.Invokers$Holder.linkToTargetMethod(java.lang.Object, java.lang.Object, java.lang.Object, java.lang.Object, java.lang.Object, java.lang.Object, java.lang.Object)'> (0x0000000094edeaa0) thrown at [./src/hotspot/share/interpreter/linkResolver.cpp, line 773]
Event: 24.500 Thread 0x0000022563f3c000 Exception <a 'java/lang/IncompatibleClassChangeError'{0x0000000094d06500}: Found class java.lang.Object, but interface was expected> (0x0000000094d06500) thrown at [./src/hotspot/share/interpreter/linkResolver.cpp, line 839]
Event: 24.569 Thread 0x0000022563f3c000 Exception <a 'java/lang/NoSuchMethodError'{0x0000000094c44150}: 'void java.lang.invoke.DirectMethodHandle$Holder.invokeStatic(java.lang.Object, java.lang.Object, java.lang.Object, java.lang.Object, java.lang.Object, java.lang.Object, java.lang.Object, java.lang.Object)'> (0x0000000094c44150) thrown at [./src/hotspot/share/interpreter/linkResolver.cpp, line 773]

Events (20 events):
Event: 25.287 loading class com/android/tools/r8/graph/v0$d done
Event: 25.287 loading class com/android/tools/r8/graph/v0$d
Event: 25.287 loading class com/android/tools/r8/graph/v0$d done
Event: 25.287 loading class com/android/tools/r8/graph/v0$f
Event: 25.287 loading class com/android/tools/r8/graph/v0$f done
Event: 25.287 loading class com/android/tools/r8/graph/v0$f
Event: 25.287 loading class com/android/tools/r8/graph/v0$f done
Event: 25.287 loading class com/android/tools/r8/graph/v0$d
Event: 25.287 loading class com/android/tools/r8/graph/v0$d done
Event: 25.288 loading class com/android/tools/r8/graph/v0$f
Event: 25.288 loading class com/android/tools/r8/graph/v0$f done
Event: 25.288 loading class com/android/tools/r8/graph/v0$j
Event: 25.288 loading class com/android/tools/r8/graph/v0$j done
Event: 25.288 loading class com/android/tools/r8/graph/d0
Event: 25.288 loading class com/android/tools/r8/graph/d0 done
Event: 25.288 loading class com/android/tools/r8/graph/d0
Event: 25.288 loading class com/android/tools/r8/graph/d0 done
Event: 25.288 loading class com/android/tools/r8/graph/S0
Event: 25.288 loading class com/android/tools/r8/graph/S0 done
Event: 25.398 Executing VM operation: G1CollectForAllocation


Dynamic libraries:
0x00007ff7870c0000 - 0x00007ff7870ca000 	C:\Program Files\Android\Android Studio1\jre\bin\java.exe
0x00007ffc4fd30000 - 0x00007ffc4ff25000 	C:\Windows\SYSTEM32\ntdll.dll
0x00007ffc4ea10000 - 0x00007ffc4eace000 	C:\Windows\System32\KERNEL32.DLL
0x00007ffc4d450000 - 0x00007ffc4d718000 	C:\Windows\System32\KERNELBASE.dll
0x00007ffc4d720000 - 0x00007ffc4d820000 	C:\Windows\System32\ucrtbase.dll
0x00007ffc2cdb0000 - 0x00007ffc2cdc7000 	C:\Program Files\Android\Android Studio1\jre\bin\VCRUNTIME140.dll
0x00007ffc2ad60000 - 0x00007ffc2ad79000 	C:\Program Files\Android\Android Studio1\jre\bin\jli.dll
0x00007ffc4f650000 - 0x00007ffc4f7f1000 	C:\Windows\System32\USER32.dll
0x00007ffc4dd00000 - 0x00007ffc4dd22000 	C:\Windows\System32\win32u.dll
0x00007ffc4f950000 - 0x00007ffc4f97b000 	C:\Windows\System32\GDI32.dll
0x00007ffc3cdf0000 - 0x00007ffc3d08a000 	C:\Windows\WinSxS\amd64_microsoft.windows.common-controls_6595b64144ccf1df_6.0.19041.1110_none_60b5254171f9507e\COMCTL32.dll
0x00007ffc4db60000 - 0x00007ffc4dc6b000 	C:\Windows\System32\gdi32full.dll
0x00007ffc4f330000 - 0x00007ffc4f3ce000 	C:\Windows\System32\msvcrt.dll
0x00007ffc4d850000 - 0x00007ffc4d8ed000 	C:\Windows\System32\msvcp_win.dll
0x00007ffc4f860000 - 0x00007ffc4f890000 	C:\Windows\System32\IMM32.DLL
0x00007ffc1abb0000 - 0x00007ffc1ac4d000 	C:\Program Files\Android\Android Studio1\jre\bin\msvcp140.dll
0x00007ffc03950000 - 0x00007ffc0441f000 	C:\Program Files\Android\Android Studio1\jre\bin\server\jvm.dll
0x00007ffc4f8a0000 - 0x00007ffc4f94c000 	C:\Windows\System32\ADVAPI32.dll
0x00007ffc4f5b0000 - 0x00007ffc4f64b000 	C:\Windows\System32\sechost.dll
0x00007ffc4e540000 - 0x00007ffc4e66a000 	C:\Windows\System32\RPCRT4.dll
0x00007ffc4fce0000 - 0x00007ffc4fce8000 	C:\Windows\System32\PSAPI.DLL
0x00007ffc42c50000 - 0x00007ffc42c5a000 	C:\Windows\SYSTEM32\VERSION.dll
0x00007ffc45cb0000 - 0x00007ffc45cb9000 	C:\Windows\SYSTEM32\WSOCK32.dll
0x00007ffc42c20000 - 0x00007ffc42c47000 	C:\Windows\SYSTEM32\WINMM.dll
0x00007ffc4ec00000 - 0x00007ffc4ec6b000 	C:\Windows\System32\WS2_32.dll
0x00007ffc4bcd0000 - 0x00007ffc4bce2000 	C:\Windows\SYSTEM32\kernel.appcore.dll
0x00007ffc45b80000 - 0x00007ffc45b91000 	C:\Program Files\Android\Android Studio1\jre\bin\verify.dll
0x00007ffc4b100000 - 0x00007ffc4b2e4000 	C:\Windows\SYSTEM32\DBGHELP.DLL
0x00007ffc384e0000 - 0x00007ffc3850c000 	C:\Windows\SYSTEM32\dbgcore.DLL
0x00007ffc4dc70000 - 0x00007ffc4dcf3000 	C:\Windows\System32\bcryptPrimitives.dll
0x00007ffc3f090000 - 0x00007ffc3f0b9000 	C:\Program Files\Android\Android Studio1\jre\bin\java.dll
0x00007ffc45b70000 - 0x00007ffc45b7b000 	C:\Program Files\Android\Android Studio1\jre\bin\jimage.dll
0x00007ffc45970000 - 0x00007ffc45988000 	C:\Program Files\Android\Android Studio1\jre\bin\zip.dll
0x00007ffc4dda0000 - 0x00007ffc4e4df000 	C:\Windows\System32\SHELL32.dll
0x00007ffc4b300000 - 0x00007ffc4ba90000 	C:\Windows\SYSTEM32\windows.storage.dll
0x00007ffc4f980000 - 0x00007ffc4fcd5000 	C:\Windows\System32\combase.dll
0x00007ffc4ce30000 - 0x00007ffc4ce5e000 	C:\Windows\SYSTEM32\Wldp.dll
0x00007ffc4e750000 - 0x00007ffc4e7fd000 	C:\Windows\System32\SHCORE.dll
0x00007ffc4e9b0000 - 0x00007ffc4ea05000 	C:\Windows\System32\shlwapi.dll
0x00007ffc4d390000 - 0x00007ffc4d3af000 	C:\Windows\SYSTEM32\profapi.dll
0x00007ffc458c0000 - 0x00007ffc458da000 	C:\Program Files\Android\Android Studio1\jre\bin\net.dll
0x00007ffc41360000 - 0x00007ffc4146c000 	C:\Windows\SYSTEM32\WINHTTP.dll
0x00007ffc4cb30000 - 0x00007ffc4cb9a000 	C:\Windows\system32\mswsock.dll
0x00007ffc41700000 - 0x00007ffc41714000 	C:\Program Files\Android\Android Studio1\jre\bin\nio.dll
0x00007ffc45530000 - 0x00007ffc45557000 	C:\Users\rafif\.gradle\native\8bec1ad78214c89d9ad589b4d07fe93259594b29d510b10fafb7a158f7737e5d\windows-amd64\native-platform.dll
0x00007ffc02fd0000 - 0x00007ffc0310d000 	C:\Users\rafif\.gradle\native\53dbd7edfb1c66fb8903c78663c9afc45aea4f116125fa6feffd364cf09443e8\windows-amd64\native-platform-file-events.dll
0x00007ffc45b60000 - 0x00007ffc45b6a000 	C:\Program Files\Android\Android Studio1\jre\bin\management.dll
0x00007ffc459a0000 - 0x00007ffc459ac000 	C:\Program Files\Android\Android Studio1\jre\bin\management_ext.dll
0x00007ffc4cd20000 - 0x00007ffc4cd38000 	C:\Windows\SYSTEM32\CRYPTSP.dll
0x00007ffc4c4b0000 - 0x00007ffc4c4e4000 	C:\Windows\system32\rsaenh.dll
0x00007ffc4d820000 - 0x00007ffc4d847000 	C:\Windows\System32\bcrypt.dll
0x00007ffc4d310000 - 0x00007ffc4d33e000 	C:\Windows\SYSTEM32\USERENV.dll
0x00007ffc4cd40000 - 0x00007ffc4cd4c000 	C:\Windows\SYSTEM32\CRYPTBASE.dll
0x00007ffc4c820000 - 0x00007ffc4c85b000 	C:\Windows\SYSTEM32\IPHLPAPI.DLL
0x00007ffc4f890000 - 0x00007ffc4f898000 	C:\Windows\System32\NSI.dll
0x00007ffc41160000 - 0x00007ffc41177000 	C:\Windows\SYSTEM32\dhcpcsvc6.DLL
0x00007ffc42f10000 - 0x00007ffc42f2d000 	C:\Windows\SYSTEM32\dhcpcsvc.DLL
0x00007ffc4c860000 - 0x00007ffc4c92b000 	C:\Windows\SYSTEM32\DNSAPI.dll

dbghelp: loaded successfully - version: 4.0.5 - missing functions: none
symbol engine: initialized successfully - sym options: 0x614 - pdb path: .;C:\Program Files\Android\Android Studio1\jre\bin;C:\Windows\SYSTEM32;C:\Windows\WinSxS\amd64_microsoft.windows.common-controls_6595b64144ccf1df_6.0.19041.1110_none_60b5254171f9507e;C:\Program Files\Android\Android Studio1\jre\bin\server;C:\Users\rafif\.gradle\native\8bec1ad78214c89d9ad589b4d07fe93259594b29d510b10fafb7a158f7737e5d\windows-amd64;C:\Users\rafif\.gradle\native\53dbd7edfb1c66fb8903c78663c9afc45aea4f116125fa6feffd364cf09443e8\windows-amd64

VM Arguments:
jvm_args: --add-opens=java.base/java.util=ALL-UNNAMED --add-opens=java.base/java.lang=ALL-UNNAMED --add-opens=java.base/java.lang.invoke=ALL-UNNAMED --add-opens=java.base/java.util=ALL-UNNAMED --add-opens=java.prefs/java.util.prefs=ALL-UNNAMED --add-opens=java.prefs/java.util.prefs=ALL-UNNAMED --add-opens=java.base/java.nio.charset=ALL-UNNAMED --add-opens=java.base/java.net=ALL-UNNAMED --add-opens=java.base/java.util.concurrent.atomic=ALL-UNNAMED -Xmx2048m -Dfile.encoding=UTF-8 -Duser.country=ID -Duser.language=en -Duser.variant 
java_command: org.gradle.launcher.daemon.bootstrap.GradleDaemon 7.0.2
java_class_path (initial): C:\Users\rafif\.gradle\wrapper\dists\gradle-7.0.2-bin\857tjihv64xamwrf0h14cai3r\gradle-7.0.2\lib\gradle-launcher-7.0.2.jar
Launcher Type: SUN_STANDARD

[Global flags]
     intx CICompilerCount                          = 3                                         {product} {ergonomic}
     uint ConcGCThreads                            = 2                                         {product} {ergonomic}
     uint G1ConcRefinementThreads                  = 6                                         {product} {ergonomic}
   size_t G1HeapRegionSize                         = 1048576                                   {product} {ergonomic}
    uintx GCDrainStackTargetSize                   = 64                                        {product} {ergonomic}
   size_t InitialHeapSize                          = 98566144                                  {product} {ergonomic}
   size_t MarkStackSize                            = 4194304                                   {product} {ergonomic}
   size_t MaxHeapSize                              = 2147483648                                {product} {command line}
   size_t MaxNewSize                               = 1287651328                                {product} {ergonomic}
   size_t MinHeapDeltaBytes                        = 1048576                                   {product} {ergonomic}
    uintx NonNMethodCodeHeapSize                   = 5830732                                {pd product} {ergonomic}
    uintx NonProfiledCodeHeapSize                  = 122913754                              {pd product} {ergonomic}
    uintx ProfiledCodeHeapSize                     = 122913754                              {pd product} {ergonomic}
    uintx ReservedCodeCacheSize                    = 251658240                              {pd product} {ergonomic}
     bool SegmentedCodeCache                       = true                                      {product} {ergonomic}
     bool UseCompressedClassPointers               = true                                 {lp64_product} {ergonomic}
     bool UseCompressedOops                        = true                                 {lp64_product} {ergonomic}
     bool UseG1GC                                  = true                                      {product} {ergonomic}
     bool UseLargePagesIndividualAllocation        = false                                  {pd product} {ergonomic}

Logging:
Log output configuration:
 #0: stdout all=warning uptime,level,tags
 #1: stderr all=off uptime,level,tags

Environment Variables:
PATH=C:\Windows\system32;C:\Windows;C:\Windows\System32\Wbem;C:\Windows\System32\WindowsPowerShell\v1.0\;C:\Windows\System32\OpenSSH\;C:\Program Files\Git\cmd;C:\Users\rafif\AppData\Local\Microsoft\WindowsApps;;C:\Users\rafif\AppData\Local\Programs\Microsoft VS Code\bin
USERNAME=rafif
OS=Windows_NT
PROCESSOR_IDENTIFIER=AMD64 Family 23 Model 96 Stepping 1, AuthenticAMD



---------------  S Y S T E M  ---------------

OS: Windows 10 , 64 bit Build 19041 (10.0.19041.1348)
OS uptime: 13 days 1:08 hours

CPU:total 6 (initial active 6) (6 cores per cpu, 1 threads per core) family 23 model 96 stepping 1 microcode 0x0, cmov, cx8, fxsr, mmx, sse, sse2, sse3, ssse3, sse4.1, sse4.2, popcnt, avx, avx2, aes, clmul, mmxext, 3dnowpref, lzcnt, sse4a, tsc, tscinvbit, tscinv, bmi1, bmi2, adx, sha, 

Memory: 4k page, system-wide physical 6013M (94M free)
TotalPageFile size 24445M (AvailPageFile size 210M)
current process WorkingSet (physical memory assigned to process): 296M, peak: 326M
current process commit charge ("private bytes"): 682M, peak: 1022M

vm_info: OpenJDK 64-Bit Server VM (11.0.10+0-b96-7249189) for windows-amd64 JRE (11.0.10+0-b96-7249189), built on Mar 31 2021 21:44:00 by "builder" with MS VC++ 14.0 (VS2015)

END.
